2024-06-03 14:02:55.847 [warning] Creation of workbench contribution 'workbench.contrib.remoteInvalidWorkspaceDetector' took 23ms.
2024-06-03 14:02:56.095 [warning] Creation of workbench contribution 'workbench.contrib.explorerViewletViews' took 36ms.
2024-06-03 14:03:04.889 [info] Started local extension host with pid 5496.
2024-06-03 14:03:06.108 [warning] Creation of workbench contribution 'AccessibilitySignalLineDebuggerContribution' took 110ms.
2024-06-03 14:03:17.871 [warning] Creation of workbench contribution 'workbench.contrib.configurationMigration' took 119ms.
2024-06-03 14:03:32.617 [warning] [golang.go-nightly]: Cannot register 'go.showWelcome'. This property is already registered.
2024-06-03 14:03:32.620 [warning] [golang.go-nightly]: Cannot register 'go.buildOnSave'. This property is already registered.
2024-06-03 14:03:32.621 [warning] [golang.go-nightly]: Cannot register 'go.buildFlags'. This property is already registered.
2024-06-03 14:03:32.649 [warning] [golang.go-nightly]: Cannot register 'go.buildTags'. This property is already registered.
2024-06-03 14:03:32.650 [warning] [golang.go-nightly]: Cannot register 'go.testTags'. This property is already registered.
2024-06-03 14:03:32.651 [warning] [golang.go-nightly]: Cannot register 'go.disableConcurrentTests'. This property is already registered.
2024-06-03 14:03:32.652 [warning] [golang.go-nightly]: Cannot register 'go.installDependenciesWhenBuilding'. This property is already registered.
2024-06-03 14:03:32.652 [warning] [golang.go-nightly]: Cannot register 'go.lintOnSave'. This property is already registered.
2024-06-03 14:03:32.733 [warning] [golang.go-nightly]: Cannot register 'go.lintTool'. This property is already registered.
2024-06-03 14:03:32.734 [warning] [golang.go-nightly]: Cannot register 'go.lintFlags'. This property is already registered.
2024-06-03 14:03:32.777 [warning] [golang.go-nightly]: Cannot register 'go.vetOnSave'. This property is already registered.
2024-06-03 14:03:32.778 [warning] [golang.go-nightly]: Cannot register 'go.vetFlags'. This property is already registered.
2024-06-03 14:03:32.779 [warning] [golang.go-nightly]: Cannot register 'go.formatTool'. This property is already registered.
2024-06-03 14:03:32.781 [warning] [golang.go-nightly]: Cannot register 'go.formatFlags'. This property is already registered.
2024-06-03 14:03:32.815 [warning] [golang.go-nightly]: Cannot register 'go.inferGopath'. This property is already registered.
2024-06-03 14:03:32.816 [warning] [golang.go-nightly]: Cannot register 'go.gopath'. This property is already registered.
2024-06-03 14:03:32.835 [warning] [golang.go-nightly]: Cannot register 'go.toolsGopath'. This property is already registered.
2024-06-03 14:03:32.836 [warning] [golang.go-nightly]: Cannot register 'go.goroot'. This property is already registered.
2024-06-03 14:03:32.882 [warning] [golang.go-nightly]: Cannot register 'go.testOnSave'. This property is already registered.
2024-06-03 14:03:32.883 [warning] [golang.go-nightly]: Cannot register 'go.coverOnSave'. This property is already registered.
2024-06-03 14:03:32.907 [warning] [golang.go-nightly]: Cannot register 'go.coverOnTestPackage'. This property is already registered.
2024-06-03 14:03:32.942 [warning] [golang.go-nightly]: Cannot register 'go.coverOnSingleTest'. This property is already registered.
2024-06-03 14:03:32.943 [warning] [golang.go-nightly]: Cannot register 'go.coverOnSingleTestFile'. This property is already registered.
2024-06-03 14:03:32.965 [warning] [golang.go-nightly]: Cannot register 'go.coverMode'. This property is already registered.
2024-06-03 14:03:32.966 [warning] [golang.go-nightly]: Cannot register 'go.coverShowCounts'. This property is already registered.
2024-06-03 14:03:32.967 [warning] [golang.go-nightly]: Cannot register 'go.coverageOptions'. This property is already registered.
2024-06-03 14:03:32.967 [warning] [golang.go-nightly]: Cannot register 'go.coverageDecorator'. This property is already registered.
2024-06-03 14:03:32.968 [warning] [golang.go-nightly]: Cannot register 'go.testTimeout'. This property is already registered.
2024-06-03 14:03:32.975 [warning] [golang.go-nightly]: Cannot register 'go.testEnvVars'. This property is already registered.
2024-06-03 14:03:32.977 [warning] [golang.go-nightly]: Cannot register 'go.testEnvFile'. This property is already registered.
2024-06-03 14:03:32.978 [warning] [golang.go-nightly]: Cannot register 'go.testFlags'. This property is already registered.
2024-06-03 14:03:32.987 [warning] [golang.go-nightly]: Cannot register 'go.testExplorer.enable'. This property is already registered.
2024-06-03 14:03:32.991 [warning] [golang.go-nightly]: Cannot register 'go.testExplorer.packageDisplayMode'. This property is already registered.
2024-06-03 14:03:32.992 [warning] [golang.go-nightly]: Cannot register 'go.testExplorer.alwaysRunBenchmarks'. This property is already registered.
2024-06-03 14:03:32.993 [warning] [golang.go-nightly]: Cannot register 'go.testExplorer.concatenateMessages'. This property is already registered.
2024-06-03 14:03:32.993 [warning] [golang.go-nightly]: Cannot register 'go.testExplorer.showDynamicSubtestsInEditor'. This property is already registered.
2024-06-03 14:03:32.994 [warning] [golang.go-nightly]: Cannot register 'go.testExplorer.showOutput'. This property is already registered.
2024-06-03 14:03:32.995 [warning] [golang.go-nightly]: Cannot register 'go.generateTestsFlags'. This property is already registered.
2024-06-03 14:03:32.996 [warning] [golang.go-nightly]: Cannot register 'go.toolsEnvVars'. This property is already registered.
2024-06-03 14:03:32.996 [warning] [golang.go-nightly]: Cannot register 'go.useLanguageServer'. This property is already registered.
2024-06-03 14:03:33.010 [warning] [golang.go-nightly]: Cannot register 'go.languageServerFlags'. This property is already registered.
2024-06-03 14:03:33.012 [warning] [golang.go-nightly]: Cannot register 'go.trace.server'. This property is already registered.
2024-06-03 14:03:33.013 [warning] [golang.go-nightly]: Cannot register 'go.logging.level'. This property is already registered.
2024-06-03 14:03:33.014 [warning] [golang.go-nightly]: Cannot register 'go.toolsManagement.go'. This property is already registered.
2024-06-03 14:03:33.020 [warning] [golang.go-nightly]: Cannot register 'go.toolsManagement.checkForUpdates'. This property is already registered.
2024-06-03 14:03:33.021 [warning] [golang.go-nightly]: Cannot register 'go.toolsManagement.autoUpdate'. This property is already registered.
2024-06-03 14:03:33.021 [warning] [golang.go-nightly]: Cannot register 'go.enableCodeLens'. This property is already registered.
2024-06-03 14:03:33.029 [warning] [golang.go-nightly]: Cannot register 'go.addTags'. This property is already registered.
2024-06-03 14:03:33.030 [warning] [golang.go-nightly]: Cannot register 'go.removeTags'. This property is already registered.
2024-06-03 14:03:33.031 [warning] [golang.go-nightly]: Cannot register 'go.playground'. This property is already registered.
2024-06-03 14:03:33.031 [warning] [golang.go-nightly]: Cannot register 'go.survey.prompt'. This property is already registered.
2024-06-03 14:03:33.032 [warning] [golang.go-nightly]: Cannot register 'go.editorContextMenuCommands'. This property is already registered.
2024-06-03 14:03:33.033 [warning] [golang.go-nightly]: Cannot register 'go.delveConfig'. This property is already registered.
2024-06-03 14:03:33.034 [warning] [golang.go-nightly]: Cannot register 'go.alternateTools'. This property is already registered.
2024-06-03 14:03:33.034 [warning] [golang.go-nightly]: Cannot register 'go.tasks.provideDefault'. This property is already registered.
2024-06-03 14:03:33.035 [warning] [golang.go-nightly]: Cannot register 'go.terminal.activateEnvironment'. This property is already registered.
2024-06-03 14:03:33.036 [warning] [golang.go-nightly]: Cannot register 'gopls'. This property is already registered.
2024-06-03 14:03:33.036 [warning] [golang.go-nightly]: Cannot register 'go.diagnostic.vulncheck'. This property is already registered.
2024-06-03 14:03:33.043 [warning] [golang.go-nightly]: Cannot register 'go.inlayHints.assignVariableTypes'. This property is already registered.
2024-06-03 14:03:33.049 [warning] [golang.go-nightly]: Cannot register 'go.inlayHints.compositeLiteralFields'. This property is already registered.
2024-06-03 14:03:33.077 [warning] [golang.go-nightly]: Cannot register 'go.inlayHints.compositeLiteralTypes'. This property is already registered.
2024-06-03 14:03:33.078 [warning] [golang.go-nightly]: Cannot register 'go.inlayHints.constantValues'. This property is already registered.
2024-06-03 14:03:33.079 [warning] [golang.go-nightly]: Cannot register 'go.inlayHints.functionTypeParameters'. This property is already registered.
2024-06-03 14:03:33.079 [warning] [golang.go-nightly]: Cannot register 'go.inlayHints.parameterNames'. This property is already registered.
2024-06-03 14:03:33.080 [warning] [golang.go-nightly]: Cannot register 'go.inlayHints.rangeVariableTypes'. This property is already registered.
2024-06-03 14:03:34.587 [info] [golang.go-nightly]: Command `go.gopath` already registered by Go (golang.go)
2024-06-03 14:03:34.588 [info] [golang.go-nightly]: Command `go.goroot` already registered by Go (golang.go)
2024-06-03 14:03:34.632 [info] [golang.go-nightly]: Command `go.locate.tools` already registered by Go (golang.go)
2024-06-03 14:03:34.653 [info] [golang.go-nightly]: Command `go.test.cursor` already registered by Go (golang.go)
2024-06-03 14:03:34.654 [info] [golang.go-nightly]: Command `go.test.cursorOrPrevious` already registered by Go (golang.go)
2024-06-03 14:03:34.662 [info] [golang.go-nightly]: Command `go.subtest.cursor` already registered by Go (golang.go)
2024-06-03 14:03:34.667 [info] [golang.go-nightly]: Command `go.debug.subtest.cursor` already registered by Go (golang.go)
2024-06-03 14:03:34.672 [info] [golang.go-nightly]: Command `go.benchmark.cursor` already registered by Go (golang.go)
2024-06-03 14:03:34.682 [info] [golang.go-nightly]: Command `go.debug.cursor` already registered by Go (golang.go)
2024-06-03 14:03:34.683 [info] [golang.go-nightly]: Command `go.test.file` already registered by Go (golang.go)
2024-06-03 14:03:34.684 [info] [golang.go-nightly]: Command `go.test.package` already registered by Go (golang.go)
2024-06-03 14:03:34.685 [info] [golang.go-nightly]: Command `go.debug.toggleHideSystemGoroutines` already registered by Go (golang.go)
2024-06-03 14:03:34.685 [info] [golang.go-nightly]: Command `go.test.refresh` already registered by Go (golang.go)
2024-06-03 14:03:34.686 [info] [golang.go-nightly]: Command `go.test.showProfiles` already registered by Go (golang.go)
2024-06-03 14:03:34.707 [info] [golang.go-nightly]: Command `go.test.captureProfile` already registered by Go (golang.go)
2024-06-03 14:03:34.715 [info] [golang.go-nightly]: Command `go.test.deleteProfile` already registered by Go (golang.go)
2024-06-03 14:03:34.716 [info] [golang.go-nightly]: Command `go.test.showProfileFile` already registered by Go (golang.go)
2024-06-03 14:03:34.722 [info] [golang.go-nightly]: Command `go.benchmark.package` already registered by Go (golang.go)
2024-06-03 14:03:34.723 [info] [golang.go-nightly]: Command `go.benchmark.file` already registered by Go (golang.go)
2024-06-03 14:03:34.734 [info] [golang.go-nightly]: Command `go.test.workspace` already registered by Go (golang.go)
2024-06-03 14:03:34.741 [info] [golang.go-nightly]: Command `go.test.previous` already registered by Go (golang.go)
2024-06-03 14:03:34.748 [info] [golang.go-nightly]: Command `go.debug.previous` already registered by Go (golang.go)
2024-06-03 14:03:34.751 [info] [golang.go-nightly]: Command `go.test.coverage` already registered by Go (golang.go)
2024-06-03 14:03:34.755 [info] [golang.go-nightly]: Command `go.test.generate.package` already registered by Go (golang.go)
2024-06-03 14:03:34.756 [info] [golang.go-nightly]: Command `go.test.generate.file` already registered by Go (golang.go)
2024-06-03 14:03:34.757 [info] [golang.go-nightly]: Command `go.test.generate.function` already registered by Go (golang.go)
2024-06-03 14:03:34.758 [info] [golang.go-nightly]: Command `go.impl.cursor` already registered by Go (golang.go)
2024-06-03 14:03:34.759 [info] [golang.go-nightly]: Command `go.extractServerChannel` already registered by Go (golang.go)
2024-06-03 14:03:34.760 [info] [golang.go-nightly]: Command `go.welcome` already registered by Go (golang.go)
2024-06-03 14:03:34.768 [info] [golang.go-nightly]: Command `go.toggle.gc_details` already registered by Go (golang.go)
2024-06-03 14:03:34.769 [info] [golang.go-nightly]: Command `go.import.add` already registered by Go (golang.go)
2024-06-03 14:03:34.771 [info] [golang.go-nightly]: Command `go.add.package.workspace` already registered by Go (golang.go)
2024-06-03 14:03:34.775 [info] [golang.go-nightly]: Command `go.tools.install` already registered by Go (golang.go)
2024-06-03 14:03:34.776 [info] [golang.go-nightly]: Command `go.toggle.test.file` already registered by Go (golang.go)
2024-06-03 14:03:34.777 [info] [golang.go-nightly]: Command `go.vulncheck.toggle` already registered by Go (golang.go)
2024-06-03 14:03:34.778 [info] [golang.go-nightly]: Command `go.languageserver.maintain` already registered by Go (golang.go)
2024-06-03 14:03:34.784 [info] [golang.go-nightly]: Command `go.add.tags` already registered by Go (golang.go)
2024-06-03 14:03:34.785 [info] [golang.go-nightly]: Command `go.remove.tags` already registered by Go (golang.go)
2024-06-03 14:03:34.786 [info] [golang.go-nightly]: Command `go.show.commands` already registered by Go (golang.go)
2024-06-03 14:03:34.787 [info] [golang.go-nightly]: Command `go.browse.packages` already registered by Go (golang.go)
2024-06-03 14:03:34.788 [info] [golang.go-nightly]: Command `go.get.package` already registered by Go (golang.go)
2024-06-03 14:03:34.789 [info] [golang.go-nightly]: Command `go.playground` already registered by Go (golang.go)
2024-06-03 14:03:34.790 [info] [golang.go-nightly]: Command `go.lint.package` already registered by Go (golang.go)
2024-06-03 14:03:34.791 [info] [golang.go-nightly]: Command `go.lint.workspace` already registered by Go (golang.go)
2024-06-03 14:03:34.798 [info] [golang.go-nightly]: Command `go.vet.package` already registered by Go (golang.go)
2024-06-03 14:03:34.799 [info] [golang.go-nightly]: Command `go.vet.workspace` already registered by Go (golang.go)
2024-06-03 14:03:34.800 [info] [golang.go-nightly]: Command `go.build.package` already registered by Go (golang.go)
2024-06-03 14:03:34.800 [info] [golang.go-nightly]: Command `go.build.workspace` already registered by Go (golang.go)
2024-06-03 14:03:34.801 [info] [golang.go-nightly]: Command `go.install.package` already registered by Go (golang.go)
2024-06-03 14:03:34.802 [info] [golang.go-nightly]: Command `go.run.modinit` already registered by Go (golang.go)
2024-06-03 14:03:34.803 [info] [golang.go-nightly]: Command `go.test.cancel` already registered by Go (golang.go)
2024-06-03 14:03:34.809 [info] [golang.go-nightly]: Command `go.apply.coverprofile` already registered by Go (golang.go)
2024-06-03 14:03:34.810 [info] [golang.go-nightly]: Command `go.languageserver.restart` already registered by Go (golang.go)
2024-06-03 14:03:34.811 [info] [golang.go-nightly]: Command `go.environment.choose` already registered by Go (golang.go)
2024-06-03 14:03:34.811 [info] [golang.go-nightly]: Command `go.survey.showConfig` already registered by Go (golang.go)
2024-06-03 14:03:34.812 [info] [golang.go-nightly]: Command `go.survey.resetConfig` already registered by Go (golang.go)
2024-06-03 14:03:34.813 [info] [golang.go-nightly]: Command `go.workspace.resetState` already registered by Go (golang.go)
2024-06-03 14:03:34.814 [info] [golang.go-nightly]: Command `go.global.resetState` already registered by Go (golang.go)
2024-06-03 14:03:34.816 [info] [golang.go-nightly]: Command `go.explorer.refresh` already registered by Go (golang.go)
2024-06-03 14:03:34.817 [info] [golang.go-nightly]: Command `go.explorer.open` already registered by Go (golang.go)
2024-06-03 14:03:34.818 [info] [golang.go-nightly]: Command `go.workspace.editEnv` already registered by Go (golang.go)
2024-06-03 14:03:34.819 [info] [golang.go-nightly]: Command `go.workspace.resetEnv` already registered by Go (golang.go)
2024-06-03 14:03:35.698 [error] [golang.go-nightly]: Cannot register multiple views with same id `go.explorer`
2024-06-03 14:03:35.699 [error] [golang.go-nightly]: Cannot register multiple views with same id `go.test.profile`
