2024-06-30 19:59:45.210 [info] Using settings sync service https://vscode-sync.trafficmanager.net/
2024-06-30 19:59:45.211 [info] Auto Sync is enabled.
2024-06-30 19:59:45.211 [info] Auto Sync: Suspended until auth token is available.
2024-06-30 20:04:21.372 [info] Auto Sync: Triggered by Interval
2024-06-30 20:04:21.373 [info] Sync started.
2024-06-30 20:04:22.349 [info] Settings: Last sync resource does not exist locally.
2024-06-30 20:04:23.092 [info] Settings: Updated local settings
2024-06-30 20:04:23.347 [info] Settings: Updated remote settings
2024-06-30 20:04:23.353 [info] Settings: Updated last synchronized settings
2024-06-30 20:04:23.371 [info] Keybindings: Last sync resource does not exist locally.
2024-06-30 20:04:23.587 [info] Keybindings: No changes found during synchronizing keybindings.
2024-06-30 20:04:23.589 [info] Snippets: Last sync resource does not exist locally.
2024-06-30 20:04:23.765 [info] Snippets: No changes found during synchronizing snippets.
2024-06-30 20:04:23.773 [info] Tasks: Last sync resource does not exist locally.
2024-06-30 20:04:23.942 [info] Tasks: No changes found during synchronizing tasks.
2024-06-30 20:04:23.953 [info] GlobalState: Last sync resource does not exist locally.
2024-06-30 20:04:24.536 [info] GlobalState: Updated global state ["workbench.welcomePage.walkthroughMetadata"]
2024-06-30 20:04:24.537 [info] GlobalState: Updated local ui state
2024-06-30 20:04:24.996 [info] GlobalState: Updated remote ui state. Added: workbench.activityBar.location,encryption.migratedToGnomeLibsecret,workbench.view.extension.test.state.hidden,typescript.1.editedCount,typescript.1.editedDate. Updated: workbench.activity.pinnedViewlets2,colorThemeData,workbench.panel.pinnedPanels,memento/gettingStartedService,cpp.1.lastSessionDate,cpp.1.sessionCount,java.2.lastSessionDate,java.2.sessionCount,typescript.1.lastSessionDate,typescript.1.sessionCount,workbench.statusbar.hidden,commandPalette.mru.cache,github-sebamgb,csharp.1.lastSessionDate,csharp.1.sessionCount,workbench.view.remote.state.hidden.
2024-06-30 20:04:25.001 [info] GlobalState: Updated last synchronized ui state
2024-06-30 20:04:25.014 [info] Extensions: Last sync resource does not exist locally.
2024-06-30 20:04:34.087 [info] Extensions: Installed extension. akamud.vscode-javascript-snippet-pack 0.1.6
2024-06-30 20:04:34.089 [info] Extensions: Installed extension. xabikos.javascriptsnippets 1.8.0
2024-06-30 20:04:34.351 [info] Extensions: Updated remote extensions. Removed: ["appliedengdesign.vscode-gcode-syntax","casualjim.gotemplate","christian-kohler.path-intellisense","cjamesmay.plush","ckolkman.vscode-postgres","compulim.compulim-vscode-closetag","dunstontc.vscode-go-syntax","formulahendry.auto-close-tag","formulahendry.auto-rename-tag","golang.go","hwencc.html-tag-wrapper","mechatroner.rainbow-csv","ms-azuretools.vscode-docker","ms-ceintl.vscode-language-pack-es","ms-vscode-remote.remote-containers","necinc.elmmet","zignd.html-css-class-completion","ms-mssql.data-workspace-vscode","ms-mssql.mssql","ms-mssql.sql-bindings-vscode","dracula-theme.theme-dracula","mtxr.sqltools","golang.go-nightly","rifi2k.format-html-in-php","diegomolina.css-minify","pranaygp.vscode-css-peek","syler.sass-indented","mtxr.sqltools-driver-mssql","rust-lang.rust-analyzer","aessoft.aessoft-class-autocomplete","christian-kohler.npm-intellisense","budparr.language-hugo-vscode","rusnasonov.vscode-hugo","akmittal.hugofy","fivethree.vscode-hugo-snippets","eliostruyf.vscode-hugo-themer","kaellarkin.hugo-shortcode-syntax","pkief.material-icon-theme","yzhang.markdown-all-in-one","davidanson.vscode-markdownlint","postman.postman-for-vscode","tamasfe.even-better-toml","redhat.vscode-yaml","diemasmichiels.emulate","shakram02.bash-beautify","bmalehorn.shell-syntax"].
2024-06-30 20:04:34.443 [info] Extensions: Updated last synchronized extensions. Skipped: ["geyao.html-snippets"].
2024-06-30 20:04:34.518 [info] Profiles: Last sync resource does not exist locally.
2024-06-30 20:04:34.673 [info] Profiles: No changes found during synchronizing profiles.
2024-06-30 20:04:34.680 [info] Sync done. Took 13308ms
2024-06-30 20:04:34.681 [info] Auto Sync: Triggered by Activity
2024-06-30 20:04:34.682 [info] Sync started.
2024-06-30 20:04:34.895 [info] Settings: No changes found during synchronizing settings.
2024-06-30 20:04:34.914 [info] Keybindings: No changes found during synchronizing keybindings.
2024-06-30 20:04:34.931 [info] Snippets: No changes found during synchronizing snippets.
2024-06-30 20:04:34.943 [info] Tasks: No changes found during synchronizing tasks.
2024-06-30 20:04:34.955 [info] GlobalState: No changes found during synchronizing ui state.
2024-06-30 20:04:35.206 [info] Extensions: No changes found during synchronizing extensions.
2024-06-30 20:04:35.213 [info] Profiles: No changes found during synchronizing profiles.
2024-06-30 20:04:35.219 [info] Sync done. Took 537ms
2024-06-30 20:04:36.520 [info] Auto Sync: Triggered by Activity
2024-06-30 20:04:36.521 [info] Sync started.
2024-06-30 20:04:36.701 [info] Settings: No changes found during synchronizing settings.
2024-06-30 20:04:36.714 [info] Keybindings: No changes found during synchronizing keybindings.
2024-06-30 20:04:36.729 [info] Snippets: No changes found during synchronizing snippets.
2024-06-30 20:04:36.742 [info] Tasks: No changes found during synchronizing tasks.
2024-06-30 20:04:36.753 [info] GlobalState: No changes found during synchronizing ui state.
2024-06-30 20:04:36.941 [info] Extensions: No changes found during synchronizing extensions.
2024-06-30 20:04:36.949 [info] Profiles: No changes found during synchronizing profiles.
2024-06-30 20:04:36.957 [info] Sync done. Took 441ms
2024-06-30 20:06:20.059 [info] Auto Sync: Triggered by Activity
2024-06-30 20:06:20.059 [info] Sync started.
2024-06-30 20:06:20.234 [info] Settings: No changes found during synchronizing settings.
2024-06-30 20:06:20.250 [info] Keybindings: No changes found during synchronizing keybindings.
2024-06-30 20:06:20.264 [info] Snippets: No changes found during synchronizing snippets.
2024-06-30 20:06:20.277 [info] Tasks: No changes found during synchronizing tasks.
2024-06-30 20:06:20.286 [info] GlobalState: No changes found during synchronizing ui state.
2024-06-30 20:06:20.559 [info] Extensions: No changes found during synchronizing extensions.
2024-06-30 20:06:20.567 [info] Profiles: No changes found during synchronizing profiles.
2024-06-30 20:06:20.574 [info] Sync done. Took 525ms
2024-06-30 20:11:20.608 [info] Auto Sync: Triggered by Interval
2024-06-30 20:11:20.610 [info] Sync started.
2024-06-30 20:11:21.255 [info] Settings: No changes found during synchronizing settings.
2024-06-30 20:11:21.266 [info] Keybindings: No changes found during synchronizing keybindings.
2024-06-30 20:11:21.280 [info] Snippets: No changes found during synchronizing snippets.
2024-06-30 20:11:21.297 [info] Tasks: No changes found during synchronizing tasks.
2024-06-30 20:11:21.307 [info] GlobalState: No changes found during synchronizing ui state.
2024-06-30 20:11:21.586 [info] Extensions: No changes found during synchronizing extensions.
2024-06-30 20:11:21.592 [info] Profiles: No changes found during synchronizing profiles.
2024-06-30 20:11:21.599 [info] Sync done. Took 990ms
2024-06-30 20:11:57.848 [info] Auto Sync: Triggered by Activity
2024-06-30 20:11:57.857 [info] Sync started.
2024-06-30 20:11:58.065 [info] Settings: No changes found during synchronizing settings.
2024-06-30 20:11:58.101 [info] Keybindings: No changes found during synchronizing keybindings.
2024-06-30 20:11:58.122 [info] Snippets: No changes found during synchronizing snippets.
2024-06-30 20:11:58.142 [info] Tasks: No changes found during synchronizing tasks.
2024-06-30 20:11:58.620 [info] GlobalState: Updated remote ui state. Updated: memento/gettingStartedService.
2024-06-30 20:11:58.627 [info] GlobalState: Updated last synchronized ui state
2024-06-30 20:11:59.223 [info] Extensions: No changes found during synchronizing extensions.
2024-06-30 20:11:59.235 [info] Profiles: No changes found during synchronizing profiles.
2024-06-30 20:11:59.247 [info] Sync done. Took 1402ms
2024-06-30 20:14:31.707 [info] Auto Sync: Triggered by Activity
2024-06-30 20:14:31.711 [info] Sync started.
2024-06-30 20:14:32.462 [info] Settings: No changes found during synchronizing settings.
2024-06-30 20:14:32.479 [info] Keybindings: No changes found during synchronizing keybindings.
2024-06-30 20:14:32.494 [info] Snippets: No changes found during synchronizing snippets.
2024-06-30 20:14:32.505 [info] Tasks: No changes found during synchronizing tasks.
2024-06-30 20:14:32.516 [info] GlobalState: No changes found during synchronizing ui state.
2024-06-30 20:14:32.764 [info] Extensions: No changes found during synchronizing extensions.
2024-06-30 20:14:32.772 [info] Profiles: No changes found during synchronizing profiles.
2024-06-30 20:14:32.780 [info] Sync done. Took 1073ms
2024-06-30 20:19:32.828 [info] Auto Sync: Triggered by Interval
2024-06-30 20:19:32.828 [info] Sync started.
2024-06-30 20:19:33.487 [info] Settings: No changes found during synchronizing settings.
2024-06-30 20:19:33.520 [info] Keybindings: No changes found during synchronizing keybindings.
2024-06-30 20:19:33.548 [info] Snippets: No changes found during synchronizing snippets.
2024-06-30 20:19:33.563 [info] Tasks: No changes found during synchronizing tasks.
2024-06-30 20:19:33.580 [info] GlobalState: No changes found during synchronizing ui state.
2024-06-30 20:19:33.865 [info] Extensions: No changes found during synchronizing extensions.
2024-06-30 20:19:33.885 [info] Profiles: No changes found during synchronizing profiles.
2024-06-30 20:19:33.900 [info] Sync done. Took 1071ms
2024-06-30 20:23:12.462 [info] Auto Sync: Triggered by Activity
2024-06-30 20:23:12.463 [info] Sync started.
2024-06-30 20:23:13.148 [info] Settings: No changes found during synchronizing settings.
2024-06-30 20:23:13.160 [info] Keybindings: No changes found during synchronizing keybindings.
2024-06-30 20:23:13.174 [info] Snippets: No changes found during synchronizing snippets.
2024-06-30 20:23:13.184 [info] Tasks: No changes found during synchronizing tasks.
2024-06-30 20:23:13.194 [info] GlobalState: No changes found during synchronizing ui state.
2024-06-30 20:23:13.426 [info] Extensions: No changes found during synchronizing extensions.
2024-06-30 20:23:13.435 [info] Profiles: No changes found during synchronizing profiles.
2024-06-30 20:23:13.442 [info] Sync done. Took 981ms
2024-06-30 20:25:35.214 [info] Auto Sync: Triggered by Activity
2024-06-30 20:25:35.215 [info] Sync started.
2024-06-30 20:25:35.995 [info] Settings: No changes found during synchronizing settings.
2024-06-30 20:25:36.019 [info] Keybindings: No changes found during synchronizing keybindings.
2024-06-30 20:25:36.039 [info] Snippets: No changes found during synchronizing snippets.
2024-06-30 20:25:36.063 [info] Tasks: No changes found during synchronizing tasks.
2024-06-30 20:25:36.103 [info] GlobalState: No changes found during synchronizing ui state.
2024-06-30 20:25:36.546 [info] Extensions: No changes found during synchronizing extensions.
2024-06-30 20:25:36.582 [info] Profiles: No changes found during synchronizing profiles.
2024-06-30 20:25:36.597 [info] Sync done. Took 1383ms
2024-06-30 20:26:29.974 [info] Auto Sync: Triggered by Activity
2024-06-30 20:26:29.976 [info] Sync started.
2024-06-30 20:26:30.153 [info] Settings: No changes found during synchronizing settings.
2024-06-30 20:26:30.165 [info] Keybindings: No changes found during synchronizing keybindings.
2024-06-30 20:26:30.177 [info] Snippets: No changes found during synchronizing snippets.
2024-06-30 20:26:30.191 [info] Tasks: No changes found during synchronizing tasks.
2024-06-30 20:26:30.668 [info] GlobalState: Updated remote ui state. Updated: colorThemeData.
2024-06-30 20:26:30.679 [info] GlobalState: Updated last synchronized ui state
2024-06-30 20:26:31.208 [info] Extensions: Updated remote extensions. Added: ["dracula-theme.theme-dracula"].
2024-06-30 20:26:31.213 [info] Extensions: Updated last synchronized extensions. Skipped: ["geyao.html-snippets"].
2024-06-30 20:26:31.223 [info] Profiles: No changes found during synchronizing profiles.
2024-06-30 20:26:31.238 [info] Sync done. Took 1265ms
2024-06-30 20:26:37.934 [info] Auto Sync: Triggered by Activity
2024-06-30 20:26:37.936 [info] Sync started.
2024-06-30 20:26:38.385 [info] Settings: Updated remote settings
2024-06-30 20:26:38.400 [info] Settings: Updated last synchronized settings
2024-06-30 20:26:38.426 [info] Keybindings: No changes found during synchronizing keybindings.
2024-06-30 20:26:38.445 [info] Snippets: No changes found during synchronizing snippets.
2024-06-30 20:26:38.459 [info] Tasks: No changes found during synchronizing tasks.
2024-06-30 20:26:38.928 [info] GlobalState: Updated remote ui state. Updated: colorThemeData.
2024-06-30 20:26:38.948 [info] GlobalState: Updated last synchronized ui state
2024-06-30 20:26:39.185 [info] Extensions: No changes found during synchronizing extensions.
2024-06-30 20:26:39.194 [info] Profiles: No changes found during synchronizing profiles.
2024-06-30 20:26:39.204 [info] Sync done. Took 1269ms
2024-06-30 20:26:48.857 [info] Auto Sync: Triggered by Activity
2024-06-30 20:26:48.867 [info] Sync started.
2024-06-30 20:26:49.039 [info] Settings: No changes found during synchronizing settings.
2024-06-30 20:26:49.053 [info] Keybindings: No changes found during synchronizing keybindings.
2024-06-30 20:26:49.068 [info] Snippets: No changes found during synchronizing snippets.
2024-06-30 20:26:49.081 [info] Tasks: No changes found during synchronizing tasks.
2024-06-30 20:26:49.530 [info] GlobalState: Updated remote ui state. Updated: colorThemeData.
2024-06-30 20:26:49.540 [info] GlobalState: Updated last synchronized ui state
2024-06-30 20:26:49.766 [info] Extensions: No changes found during synchronizing extensions.
2024-06-30 20:26:49.775 [info] Profiles: No changes found during synchronizing profiles.
2024-06-30 20:26:49.784 [info] Sync done. Took 935ms
2024-06-30 20:26:54.446 [info] Auto Sync: Triggered by Activity
2024-06-30 20:26:54.447 [info] Sync started.
2024-06-30 20:26:54.607 [info] Settings: No changes found during synchronizing settings.
2024-06-30 20:26:54.621 [info] Keybindings: No changes found during synchronizing keybindings.
2024-06-30 20:26:54.638 [info] Snippets: No changes found during synchronizing snippets.
2024-06-30 20:26:54.649 [info] Tasks: No changes found during synchronizing tasks.
2024-06-30 20:26:55.119 [info] GlobalState: Updated remote ui state. Updated: colorThemeData.
2024-06-30 20:26:55.128 [info] GlobalState: Updated last synchronized ui state
2024-06-30 20:26:55.440 [info] Extensions: No changes found during synchronizing extensions.
2024-06-30 20:26:55.446 [info] Profiles: No changes found during synchronizing profiles.
2024-06-30 20:26:55.452 [info] Sync done. Took 1005ms
2024-06-30 20:26:58.761 [info] Auto Sync: Triggered by Activity
2024-06-30 20:26:58.762 [info] Sync started.
2024-06-30 20:26:58.948 [info] Settings: No changes found during synchronizing settings.
2024-06-30 20:26:58.968 [info] Keybindings: No changes found during synchronizing keybindings.
2024-06-30 20:26:58.981 [info] Snippets: No changes found during synchronizing snippets.
2024-06-30 20:26:58.996 [info] Tasks: No changes found during synchronizing tasks.
2024-06-30 20:26:59.524 [info] GlobalState: Updated remote ui state. Updated: colorThemeData.
2024-06-30 20:26:59.536 [info] GlobalState: Updated last synchronized ui state
2024-06-30 20:26:59.783 [info] Extensions: No changes found during synchronizing extensions.
2024-06-30 20:26:59.785 [info] Profiles: No changes found during synchronizing profiles.
2024-06-30 20:26:59.791 [info] Sync done. Took 1030ms
2024-06-30 20:27:05.001 [info] Auto Sync: Triggered by Activity
2024-06-30 20:27:05.003 [info] Sync started.
2024-06-30 20:27:05.171 [info] Settings: No changes found during synchronizing settings.
2024-06-30 20:27:05.183 [info] Keybindings: No changes found during synchronizing keybindings.
2024-06-30 20:27:05.198 [info] Snippets: No changes found during synchronizing snippets.
2024-06-30 20:27:05.209 [info] Tasks: No changes found during synchronizing tasks.
2024-06-30 20:27:05.658 [info] GlobalState: Updated remote ui state. Updated: colorThemeData.
2024-06-30 20:27:05.664 [info] GlobalState: Updated last synchronized ui state
2024-06-30 20:27:05.969 [info] Extensions: No changes found during synchronizing extensions.
2024-06-30 20:27:05.975 [info] Profiles: No changes found during synchronizing profiles.
2024-06-30 20:27:05.988 [info] Sync done. Took 988ms
2024-06-30 20:27:09.936 [info] Auto Sync: Triggered by Activity
2024-06-30 20:27:09.939 [info] Sync started.
2024-06-30 20:27:10.126 [info] Settings: No changes found during synchronizing settings.
2024-06-30 20:27:10.137 [info] Keybindings: No changes found during synchronizing keybindings.
2024-06-30 20:27:10.163 [info] Snippets: No changes found during synchronizing snippets.
2024-06-30 20:27:10.195 [info] Tasks: No changes found during synchronizing tasks.
2024-06-30 20:27:10.662 [info] GlobalState: Updated remote ui state. Updated: colorThemeData.
2024-06-30 20:27:10.669 [info] GlobalState: Updated last synchronized ui state
2024-06-30 20:27:10.913 [info] Extensions: No changes found during synchronizing extensions.
2024-06-30 20:27:10.917 [info] Profiles: No changes found during synchronizing profiles.
2024-06-30 20:27:10.922 [info] Sync done. Took 986ms
2024-06-30 20:27:17.652 [info] Auto Sync: Triggered by Activity
2024-06-30 20:27:17.656 [info] Sync started.
2024-06-30 20:27:18.025 [info] Settings: Updated remote settings
2024-06-30 20:27:18.039 [info] Settings: Updated last synchronized settings
2024-06-30 20:27:18.067 [info] Keybindings: No changes found during synchronizing keybindings.
2024-06-30 20:27:18.084 [info] Snippets: No changes found during synchronizing snippets.
2024-06-30 20:27:18.101 [info] Tasks: No changes found during synchronizing tasks.
2024-06-30 20:27:18.117 [info] GlobalState: No changes found during synchronizing ui state.
2024-06-30 20:27:18.337 [info] Extensions: No changes found during synchronizing extensions.
2024-06-30 20:27:18.344 [info] Profiles: No changes found during synchronizing profiles.
2024-06-30 20:27:18.352 [info] Sync done. Took 700ms
2024-06-30 20:32:18.384 [info] Auto Sync: Triggered by Interval
2024-06-30 20:32:18.384 [info] Sync started.
2024-06-30 20:32:19.141 [info] Settings: No changes found during synchronizing settings.
2024-06-30 20:32:19.157 [info] Keybindings: No changes found during synchronizing keybindings.
2024-06-30 20:32:19.170 [info] Snippets: No changes found during synchronizing snippets.
2024-06-30 20:32:19.180 [info] Tasks: No changes found during synchronizing tasks.
2024-06-30 20:32:19.193 [info] GlobalState: No changes found during synchronizing ui state.
2024-06-30 20:32:19.442 [info] Extensions: No changes found during synchronizing extensions.
2024-06-30 20:32:19.451 [info] Profiles: No changes found during synchronizing profiles.
2024-06-30 20:32:19.461 [info] Sync done. Took 1076ms
2024-06-30 20:37:19.473 [info] Auto Sync: Triggered by Interval
2024-06-30 20:37:19.475 [info] Sync started.
2024-06-30 20:37:20.094 [info] Settings: No changes found during synchronizing settings.
2024-06-30 20:37:20.105 [info] Keybindings: No changes found during synchronizing keybindings.
2024-06-30 20:37:20.119 [info] Snippets: No changes found during synchronizing snippets.
2024-06-30 20:37:20.133 [info] Tasks: No changes found during synchronizing tasks.
2024-06-30 20:37:20.147 [info] GlobalState: No changes found during synchronizing ui state.
2024-06-30 20:37:20.368 [info] Extensions: No changes found during synchronizing extensions.
2024-06-30 20:37:20.376 [info] Profiles: No changes found during synchronizing profiles.
2024-06-30 20:37:20.384 [info] Sync done. Took 910ms
2024-06-30 20:40:50.304 [info] Auto Sync: Triggered by Activity
2024-06-30 20:40:50.305 [info] Sync started.
2024-06-30 20:40:50.968 [info] Settings: No changes found during synchronizing settings.
2024-06-30 20:40:50.981 [info] Keybindings: No changes found during synchronizing keybindings.
2024-06-30 20:40:50.992 [info] Snippets: No changes found during synchronizing snippets.
2024-06-30 20:40:51.002 [info] Tasks: No changes found during synchronizing tasks.
2024-06-30 20:40:51.017 [info] GlobalState: No changes found during synchronizing ui state.
2024-06-30 20:40:51.308 [info] Extensions: No changes found during synchronizing extensions.
2024-06-30 20:40:51.321 [info] Profiles: No changes found during synchronizing profiles.
2024-06-30 20:40:51.325 [info] Sync done. Took 1020ms
2024-06-30 20:42:46.189 [info] Auto Sync: Triggered by Activity
2024-06-30 20:42:46.190 [info] Sync started.
2024-06-30 20:42:46.367 [info] Settings: No changes found during synchronizing settings.
2024-06-30 20:42:46.387 [info] Keybindings: No changes found during synchronizing keybindings.
2024-06-30 20:42:46.400 [info] Snippets: No changes found during synchronizing snippets.
2024-06-30 20:42:46.417 [info] Tasks: No changes found during synchronizing tasks.
2024-06-30 20:42:46.429 [info] GlobalState: No changes found during synchronizing ui state.
2024-06-30 20:42:46.659 [info] Extensions: No changes found during synchronizing extensions.
2024-06-30 20:42:46.670 [info] Profiles: No changes found during synchronizing profiles.
2024-06-30 20:42:46.675 [info] Sync done. Took 487ms
2024-06-30 20:47:46.678 [info] Auto Sync: Triggered by Interval
2024-06-30 20:47:46.680 [info] Sync started.
2024-06-30 20:47:47.347 [info] Settings: No changes found during synchronizing settings.
2024-06-30 20:47:47.361 [info] Keybindings: No changes found during synchronizing keybindings.
2024-06-30 20:47:47.378 [info] Snippets: No changes found during synchronizing snippets.
2024-06-30 20:47:47.392 [info] Tasks: No changes found during synchronizing tasks.
2024-06-30 20:47:47.407 [info] GlobalState: No changes found during synchronizing ui state.
2024-06-30 20:47:47.787 [info] Extensions: No changes found during synchronizing extensions.
2024-06-30 20:47:47.812 [info] Profiles: No changes found during synchronizing profiles.
2024-06-30 20:47:47.828 [info] Sync done. Took 1151ms
2024-06-30 20:51:11.827 [info] Auto Sync: Triggered by Activity
2024-06-30 20:51:11.827 [info] Sync started.
2024-06-30 20:51:12.484 [info] Settings: No changes found during synchronizing settings.
2024-06-30 20:51:12.498 [info] Keybindings: No changes found during synchronizing keybindings.
2024-06-30 20:51:12.510 [info] Snippets: No changes found during synchronizing snippets.
2024-06-30 20:51:12.522 [info] Tasks: No changes found during synchronizing tasks.
2024-06-30 20:51:12.540 [info] GlobalState: No changes found during synchronizing ui state.
2024-06-30 20:51:12.863 [info] Extensions: No changes found during synchronizing extensions.
2024-06-30 20:51:12.869 [info] Profiles: No changes found during synchronizing profiles.
2024-06-30 20:51:12.875 [info] Sync done. Took 1048ms
2024-06-30 20:54:45.926 [info] Auto Sync: Triggered by Activity
2024-06-30 20:54:45.927 [info] Sync started.
2024-06-30 20:54:46.636 [info] Settings: No changes found during synchronizing settings.
2024-06-30 20:54:46.652 [info] Keybindings: No changes found during synchronizing keybindings.
2024-06-30 20:54:46.664 [info] Snippets: No changes found during synchronizing snippets.
2024-06-30 20:54:46.681 [info] Tasks: No changes found during synchronizing tasks.
2024-06-30 20:54:46.697 [info] GlobalState: No changes found during synchronizing ui state.
2024-06-30 20:54:46.932 [info] Extensions: No changes found during synchronizing extensions.
2024-06-30 20:54:46.942 [info] Profiles: No changes found during synchronizing profiles.
2024-06-30 20:54:46.949 [info] Sync done. Took 1022ms
