2024-06-03 14:02:55.163 [warning] Creation of workbench contribution 'workbench.contrib.remoteInvalidWorkspaceDetector' took 35ms.
2024-06-03 14:02:55.405 [warning] Creation of workbench contribution 'workbench.contrib.explorerViewletViews' took 31ms.
2024-06-03 14:03:10.220 [info] Started local extension host with pid 5521.
2024-06-03 14:03:46.341 [warning] [golang.go-nightly]: Cannot register 'go.showWelcome'. This property is already registered.
2024-06-03 14:03:46.350 [warning] [golang.go-nightly]: Cannot register 'go.buildOnSave'. This property is already registered.
2024-06-03 14:03:46.356 [warning] [golang.go-nightly]: Cannot register 'go.buildFlags'. This property is already registered.
2024-06-03 14:03:46.356 [warning] [golang.go-nightly]: Cannot register 'go.buildTags'. This property is already registered.
2024-06-03 14:03:46.363 [warning] [golang.go-nightly]: Cannot register 'go.testTags'. This property is already registered.
2024-06-03 14:03:46.364 [warning] [golang.go-nightly]: Cannot register 'go.disableConcurrentTests'. This property is already registered.
2024-06-03 14:03:46.365 [warning] [golang.go-nightly]: Cannot register 'go.installDependenciesWhenBuilding'. This property is already registered.
2024-06-03 14:03:46.366 [warning] [golang.go-nightly]: Cannot register 'go.lintOnSave'. This property is already registered.
2024-06-03 14:03:46.367 [warning] [golang.go-nightly]: Cannot register 'go.lintTool'. This property is already registered.
2024-06-03 14:03:46.367 [warning] [golang.go-nightly]: Cannot register 'go.lintFlags'. This property is already registered.
2024-06-03 14:03:46.385 [warning] [golang.go-nightly]: Cannot register 'go.vetOnSave'. This property is already registered.
2024-06-03 14:03:46.388 [warning] [golang.go-nightly]: Cannot register 'go.vetFlags'. This property is already registered.
2024-06-03 14:03:46.390 [warning] [golang.go-nightly]: Cannot register 'go.formatTool'. This property is already registered.
2024-06-03 14:03:46.391 [warning] [golang.go-nightly]: Cannot register 'go.formatFlags'. This property is already registered.
2024-06-03 14:03:46.396 [warning] [golang.go-nightly]: Cannot register 'go.inferGopath'. This property is already registered.
2024-06-03 14:03:46.398 [warning] [golang.go-nightly]: Cannot register 'go.gopath'. This property is already registered.
2024-06-03 14:03:46.399 [warning] [golang.go-nightly]: Cannot register 'go.toolsGopath'. This property is already registered.
2024-06-03 14:03:46.400 [warning] [golang.go-nightly]: Cannot register 'go.goroot'. This property is already registered.
2024-06-03 14:03:46.401 [warning] [golang.go-nightly]: Cannot register 'go.testOnSave'. This property is already registered.
2024-06-03 14:03:46.406 [warning] [golang.go-nightly]: Cannot register 'go.coverOnSave'. This property is already registered.
2024-06-03 14:03:46.407 [warning] [golang.go-nightly]: Cannot register 'go.coverOnTestPackage'. This property is already registered.
2024-06-03 14:03:46.407 [warning] [golang.go-nightly]: Cannot register 'go.coverOnSingleTest'. This property is already registered.
2024-06-03 14:03:46.418 [warning] [golang.go-nightly]: Cannot register 'go.coverOnSingleTestFile'. This property is already registered.
2024-06-03 14:03:46.419 [warning] [golang.go-nightly]: Cannot register 'go.coverMode'. This property is already registered.
2024-06-03 14:03:46.464 [warning] [golang.go-nightly]: Cannot register 'go.coverShowCounts'. This property is already registered.
2024-06-03 14:03:46.467 [warning] [golang.go-nightly]: Cannot register 'go.coverageOptions'. This property is already registered.
2024-06-03 14:03:46.468 [warning] [golang.go-nightly]: Cannot register 'go.coverageDecorator'. This property is already registered.
2024-06-03 14:03:46.469 [warning] [golang.go-nightly]: Cannot register 'go.testTimeout'. This property is already registered.
2024-06-03 14:03:46.470 [warning] [golang.go-nightly]: Cannot register 'go.testEnvVars'. This property is already registered.
2024-06-03 14:03:46.470 [warning] [golang.go-nightly]: Cannot register 'go.testEnvFile'. This property is already registered.
2024-06-03 14:03:46.471 [warning] [golang.go-nightly]: Cannot register 'go.testFlags'. This property is already registered.
2024-06-03 14:03:46.472 [warning] [golang.go-nightly]: Cannot register 'go.testExplorer.enable'. This property is already registered.
2024-06-03 14:03:46.494 [warning] [golang.go-nightly]: Cannot register 'go.testExplorer.packageDisplayMode'. This property is already registered.
2024-06-03 14:03:46.496 [warning] [golang.go-nightly]: Cannot register 'go.testExplorer.alwaysRunBenchmarks'. This property is already registered.
2024-06-03 14:03:46.498 [warning] [golang.go-nightly]: Cannot register 'go.testExplorer.concatenateMessages'. This property is already registered.
2024-06-03 14:03:46.520 [warning] [golang.go-nightly]: Cannot register 'go.testExplorer.showDynamicSubtestsInEditor'. This property is already registered.
2024-06-03 14:03:46.521 [warning] [golang.go-nightly]: Cannot register 'go.testExplorer.showOutput'. This property is already registered.
2024-06-03 14:03:46.522 [warning] [golang.go-nightly]: Cannot register 'go.generateTestsFlags'. This property is already registered.
2024-06-03 14:03:46.523 [warning] [golang.go-nightly]: Cannot register 'go.toolsEnvVars'. This property is already registered.
2024-06-03 14:03:46.534 [warning] [golang.go-nightly]: Cannot register 'go.useLanguageServer'. This property is already registered.
2024-06-03 14:03:46.534 [warning] [golang.go-nightly]: Cannot register 'go.languageServerFlags'. This property is already registered.
2024-06-03 14:03:46.539 [warning] [golang.go-nightly]: Cannot register 'go.trace.server'. This property is already registered.
2024-06-03 14:03:46.548 [warning] [golang.go-nightly]: Cannot register 'go.logging.level'. This property is already registered.
2024-06-03 14:03:46.554 [warning] [golang.go-nightly]: Cannot register 'go.toolsManagement.go'. This property is already registered.
2024-06-03 14:03:46.555 [warning] [golang.go-nightly]: Cannot register 'go.toolsManagement.checkForUpdates'. This property is already registered.
2024-06-03 14:03:46.581 [warning] [golang.go-nightly]: Cannot register 'go.toolsManagement.autoUpdate'. This property is already registered.
2024-06-03 14:03:46.600 [warning] [golang.go-nightly]: Cannot register 'go.enableCodeLens'. This property is already registered.
2024-06-03 14:03:46.605 [warning] [golang.go-nightly]: Cannot register 'go.addTags'. This property is already registered.
2024-06-03 14:03:46.606 [warning] [golang.go-nightly]: Cannot register 'go.removeTags'. This property is already registered.
2024-06-03 14:03:46.607 [warning] [golang.go-nightly]: Cannot register 'go.playground'. This property is already registered.
2024-06-03 14:03:46.622 [warning] [golang.go-nightly]: Cannot register 'go.survey.prompt'. This property is already registered.
2024-06-03 14:03:46.629 [warning] [golang.go-nightly]: Cannot register 'go.editorContextMenuCommands'. This property is already registered.
2024-06-03 14:03:46.641 [warning] [golang.go-nightly]: Cannot register 'go.delveConfig'. This property is already registered.
2024-06-03 14:03:46.642 [warning] [golang.go-nightly]: Cannot register 'go.alternateTools'. This property is already registered.
2024-06-03 14:03:46.651 [warning] [golang.go-nightly]: Cannot register 'go.tasks.provideDefault'. This property is already registered.
2024-06-03 14:03:46.651 [warning] [golang.go-nightly]: Cannot register 'go.terminal.activateEnvironment'. This property is already registered.
2024-06-03 14:03:46.652 [warning] [golang.go-nightly]: Cannot register 'gopls'. This property is already registered.
2024-06-03 14:03:46.665 [warning] [golang.go-nightly]: Cannot register 'go.diagnostic.vulncheck'. This property is already registered.
2024-06-03 14:03:46.666 [warning] [golang.go-nightly]: Cannot register 'go.inlayHints.assignVariableTypes'. This property is already registered.
2024-06-03 14:03:46.667 [warning] [golang.go-nightly]: Cannot register 'go.inlayHints.compositeLiteralFields'. This property is already registered.
2024-06-03 14:03:46.689 [warning] [golang.go-nightly]: Cannot register 'go.inlayHints.compositeLiteralTypes'. This property is already registered.
2024-06-03 14:03:46.690 [warning] [golang.go-nightly]: Cannot register 'go.inlayHints.constantValues'. This property is already registered.
2024-06-03 14:03:46.696 [warning] [golang.go-nightly]: Cannot register 'go.inlayHints.functionTypeParameters'. This property is already registered.
2024-06-03 14:03:46.697 [warning] [golang.go-nightly]: Cannot register 'go.inlayHints.parameterNames'. This property is already registered.
2024-06-03 14:03:46.702 [warning] [golang.go-nightly]: Cannot register 'go.inlayHints.rangeVariableTypes'. This property is already registered.
2024-06-03 14:03:47.624 [info] [golang.go-nightly]: Command `go.gopath` already registered by Go (golang.go)
2024-06-03 14:03:47.626 [info] [golang.go-nightly]: Command `go.goroot` already registered by Go (golang.go)
2024-06-03 14:03:47.628 [info] [golang.go-nightly]: Command `go.locate.tools` already registered by Go (golang.go)
2024-06-03 14:03:47.632 [info] [golang.go-nightly]: Command `go.test.cursor` already registered by Go (golang.go)
2024-06-03 14:03:47.634 [info] [golang.go-nightly]: Command `go.test.cursorOrPrevious` already registered by Go (golang.go)
2024-06-03 14:03:47.636 [info] [golang.go-nightly]: Command `go.subtest.cursor` already registered by Go (golang.go)
2024-06-03 14:03:47.637 [info] [golang.go-nightly]: Command `go.debug.subtest.cursor` already registered by Go (golang.go)
2024-06-03 14:03:47.641 [info] [golang.go-nightly]: Command `go.benchmark.cursor` already registered by Go (golang.go)
2024-06-03 14:03:47.642 [info] [golang.go-nightly]: Command `go.debug.cursor` already registered by Go (golang.go)
2024-06-03 14:03:47.644 [info] [golang.go-nightly]: Command `go.test.file` already registered by Go (golang.go)
2024-06-03 14:03:47.648 [info] [golang.go-nightly]: Command `go.test.package` already registered by Go (golang.go)
2024-06-03 14:03:47.650 [info] [golang.go-nightly]: Command `go.debug.toggleHideSystemGoroutines` already registered by Go (golang.go)
2024-06-03 14:03:47.652 [info] [golang.go-nightly]: Command `go.test.refresh` already registered by Go (golang.go)
2024-06-03 14:03:47.653 [info] [golang.go-nightly]: Command `go.test.showProfiles` already registered by Go (golang.go)
2024-06-03 14:03:47.656 [info] [golang.go-nightly]: Command `go.test.captureProfile` already registered by Go (golang.go)
2024-06-03 14:03:47.661 [info] [golang.go-nightly]: Command `go.test.deleteProfile` already registered by Go (golang.go)
2024-06-03 14:03:47.665 [info] [golang.go-nightly]: Command `go.test.showProfileFile` already registered by Go (golang.go)
2024-06-03 14:03:47.666 [info] [golang.go-nightly]: Command `go.benchmark.package` already registered by Go (golang.go)
2024-06-03 14:03:47.668 [info] [golang.go-nightly]: Command `go.benchmark.file` already registered by Go (golang.go)
2024-06-03 14:03:47.669 [info] [golang.go-nightly]: Command `go.test.workspace` already registered by Go (golang.go)
2024-06-03 14:03:47.670 [info] [golang.go-nightly]: Command `go.test.previous` already registered by Go (golang.go)
2024-06-03 14:03:47.672 [info] [golang.go-nightly]: Command `go.debug.previous` already registered by Go (golang.go)
2024-06-03 14:03:47.678 [info] [golang.go-nightly]: Command `go.test.coverage` already registered by Go (golang.go)
2024-06-03 14:03:47.681 [info] [golang.go-nightly]: Command `go.test.generate.package` already registered by Go (golang.go)
2024-06-03 14:03:47.682 [info] [golang.go-nightly]: Command `go.test.generate.file` already registered by Go (golang.go)
2024-06-03 14:03:47.683 [info] [golang.go-nightly]: Command `go.test.generate.function` already registered by Go (golang.go)
2024-06-03 14:03:47.683 [info] [golang.go-nightly]: Command `go.impl.cursor` already registered by Go (golang.go)
2024-06-03 14:03:47.684 [info] [golang.go-nightly]: Command `go.extractServerChannel` already registered by Go (golang.go)
2024-06-03 14:03:47.685 [info] [golang.go-nightly]: Command `go.welcome` already registered by Go (golang.go)
2024-06-03 14:03:47.690 [info] [golang.go-nightly]: Command `go.toggle.gc_details` already registered by Go (golang.go)
2024-06-03 14:03:47.691 [info] [golang.go-nightly]: Command `go.import.add` already registered by Go (golang.go)
2024-06-03 14:03:47.691 [info] [golang.go-nightly]: Command `go.add.package.workspace` already registered by Go (golang.go)
2024-06-03 14:03:47.701 [info] [golang.go-nightly]: Command `go.tools.install` already registered by Go (golang.go)
2024-06-03 14:03:47.719 [info] [golang.go-nightly]: Command `go.toggle.test.file` already registered by Go (golang.go)
2024-06-03 14:03:47.735 [info] [golang.go-nightly]: Command `go.vulncheck.toggle` already registered by Go (golang.go)
2024-06-03 14:03:47.752 [info] [golang.go-nightly]: Command `go.languageserver.maintain` already registered by Go (golang.go)
2024-06-03 14:03:47.768 [info] [golang.go-nightly]: Command `go.add.tags` already registered by Go (golang.go)
2024-06-03 14:03:47.780 [info] [golang.go-nightly]: Command `go.remove.tags` already registered by Go (golang.go)
2024-06-03 14:03:47.799 [info] [golang.go-nightly]: Command `go.show.commands` already registered by Go (golang.go)
2024-06-03 14:03:47.801 [info] [golang.go-nightly]: Command `go.browse.packages` already registered by Go (golang.go)
2024-06-03 14:03:47.814 [info] [golang.go-nightly]: Command `go.get.package` already registered by Go (golang.go)
2024-06-03 14:03:47.841 [info] [golang.go-nightly]: Command `go.playground` already registered by Go (golang.go)
2024-06-03 14:03:47.852 [info] [golang.go-nightly]: Command `go.lint.package` already registered by Go (golang.go)
2024-06-03 14:03:47.856 [info] [golang.go-nightly]: Command `go.lint.workspace` already registered by Go (golang.go)
2024-06-03 14:03:47.860 [info] [golang.go-nightly]: Command `go.vet.package` already registered by Go (golang.go)
2024-06-03 14:03:47.876 [info] [golang.go-nightly]: Command `go.vet.workspace` already registered by Go (golang.go)
2024-06-03 14:03:47.890 [info] [golang.go-nightly]: Command `go.build.package` already registered by Go (golang.go)
2024-06-03 14:03:47.893 [info] [golang.go-nightly]: Command `go.build.workspace` already registered by Go (golang.go)
2024-06-03 14:03:47.894 [info] [golang.go-nightly]: Command `go.install.package` already registered by Go (golang.go)
2024-06-03 14:03:47.914 [info] [golang.go-nightly]: Command `go.run.modinit` already registered by Go (golang.go)
2024-06-03 14:03:47.938 [info] [golang.go-nightly]: Command `go.test.cancel` already registered by Go (golang.go)
2024-06-03 14:03:47.956 [info] [golang.go-nightly]: Command `go.apply.coverprofile` already registered by Go (golang.go)
2024-06-03 14:03:47.963 [info] [golang.go-nightly]: Command `go.languageserver.restart` already registered by Go (golang.go)
2024-06-03 14:03:47.979 [info] [golang.go-nightly]: Command `go.environment.choose` already registered by Go (golang.go)
2024-06-03 14:03:48.011 [info] [golang.go-nightly]: Command `go.survey.showConfig` already registered by Go (golang.go)
2024-06-03 14:03:48.021 [info] [golang.go-nightly]: Command `go.survey.resetConfig` already registered by Go (golang.go)
2024-06-03 14:03:48.024 [info] [golang.go-nightly]: Command `go.workspace.resetState` already registered by Go (golang.go)
2024-06-03 14:03:48.030 [info] [golang.go-nightly]: Command `go.global.resetState` already registered by Go (golang.go)
2024-06-03 14:03:48.040 [info] [golang.go-nightly]: Command `go.explorer.refresh` already registered by Go (golang.go)
2024-06-03 14:03:48.048 [info] [golang.go-nightly]: Command `go.explorer.open` already registered by Go (golang.go)
2024-06-03 14:03:48.054 [info] [golang.go-nightly]: Command `go.workspace.editEnv` already registered by Go (golang.go)
2024-06-03 14:03:48.061 [info] [golang.go-nightly]: Command `go.workspace.resetEnv` already registered by Go (golang.go)
2024-06-03 14:03:50.014 [error] [golang.go-nightly]: Cannot register multiple views with same id `go.explorer`
2024-06-03 14:03:50.016 [error] [golang.go-nightly]: Cannot register multiple views with same id `go.test.profile`
2024-06-03 14:03:57.683 [info] Extension host (LocalProcess pid: 5521) is unresponsive.
2024-06-03 14:03:58.790 [info] Extension host (LocalProcess pid: 5521) is responsive.
2024-06-03 14:04:04.886 [info] Extension host (LocalProcess pid: 5521) is unresponsive.
2024-06-03 14:04:11.396 [info] Extension host (LocalProcess pid: 5521) is responsive.
2024-06-03 14:04:35.211 [warning] Creation of workbench contribution 'workbench.contrib.configurationMigration' took 102ms.
2024-06-03 14:04:35.214 [info] [perf] Render performance baseline is 633ms
