2024-06-04 14:32:37.624 [info] Added views:workbench.panel.markers.view in workbench.panel.markers
2024-06-04 14:32:37.624 [info] Added views:workbench.panel.output in workbench.panel.output
2024-06-04 14:32:37.624 [info] Added views:terminal in terminal
2024-06-04 14:32:37.624 [info] Added views:outline in workbench.view.explorer
2024-06-04 14:32:37.624 [info] Added views:workbench.scm in workbench.view.scm
2024-06-04 14:32:37.624 [info] Added views:workbench.view.search in workbench.view.search
2024-06-04 14:32:37.624 [info] Added views:timeline in workbench.view.explorer
2024-06-04 14:32:37.624 [info] Added views:workbench.explorer.fileView in workbench.view.explorer
2024-06-04 14:32:41.254 [info] Added views:workbench.debug.variablesView,workbench.debug.watchExpressionsView,workbench.debug.callStackView,workbench.debug.breakPointsView in workbench.view.debug
2024-06-04 14:32:52.980 [info] Added views:gcode.views.navTree,gcode.views.stats in workbench.view.extension.gcode
2024-06-04 14:32:52.981 [info] Added views:postgres in workbench.view.extension.postgres-explorer
2024-06-04 14:32:52.985 [info] Added views:dockerContainers,dockerImages,dockerRegistries,dockerNetworks,dockerVolumes,vscode-docker.views.dockerContexts,vscode-docker.views.help in workbench.view.extension.dockerView
2024-06-04 14:32:52.989 [info] Added views:dataworkspace.views.main in workbench.view.extension.dataworkspace
2024-06-04 14:32:52.992 [info] Added views:objectExplorer,queryHistory in workbench.view.extension.objectExplorer
2024-06-04 14:32:52.994 [info] Added views:targetsContainers,devVolumes in workbench.view.remote
2024-06-04 14:32:52.996 [info] Added views:sqltoolsViewConnectionExplorer,sqltoolsViewBookmarksExplorer,sqltoolsViewHistoryExplorer in workbench.view.extension.sqltoolsActivityBarContainer
2024-06-04 14:32:52.997 [info] Added views:sqltoolsViewConsoleMessages in workbench.view.extension.sqltoolsPanelContainer
2024-06-04 14:32:52.999 [info] Added views:postman-for-vscode.sidebar-panel in workbench.view.extension.sidebar-panel
2024-06-04 14:32:53.000 [info] Added views:postman-console-view in workbench.view.extension.postman-console-view-container
2024-06-04 14:32:57.746 [info] Added views:workbench.panel.repl.view in workbench.panel.repl
2024-06-04 14:33:49.850 [info] Added views:~remote.forwardedPorts in ~remote.forwardedPortsContainer
