[1717437848770] INFO  (ext): SQLTools is starting
[1717437848776] INFO  (ext): initializing language client...
[1717437848782] INFO  (ext): Registering client for languages [{"scheme":"sqltools"},{"language":"sql","scheme":"untitled"},{"language":"sql","scheme":"file"},{"language":"sql","scheme":"sqltools"}]
    ns: "lc"
[1717437848791] INFO  (ext): loading plugins...
[1717437848792] INFO  (ext): registering Formatter Plugin.
    plugin: {
      "name": "Formatter Plugin"
    }
[1717437848794] INFO  (ext): registering Connection Manager Plugin.
    plugin: {
      "name": "Connection Manager Plugin"
    }
[1717437848795] INFO  (ext): registering CodeLens Plugin.
    plugin: {
      "name": "CodeLens Plugin",
      "registeredLanguages": []
    }
[1717437848801] INFO  (ext): registering Dependency Manager Plugin.
    plugin: {
      "name": "Dependency Manager Plugin",
      "installingDrivers": []
    }
[1717437848810] INFO  (ext): Connection explorer changed. Will be updated.
    ns: "conn-man:explorer"
[1717437848812] INFO  (ext): registering History Manager Plugin.
    plugin: {
      "name": "History Manager Plugin"
    }
[1717437848815] INFO  (ext): registering Bookmarks Manager Plugin.
    plugin: {
      "name": "Bookmarks Manager Plugin"
    }
[1717437848817] INFO  (ext): registering Authentication Provider Plugin.
    plugin: {
      "name": "Authentication Provider Plugin",
      "isRegistered": false
    }
[1717437848818] INFO  (ext): registering Object Drop-in Provider (plugin).
    plugin: {
      "type": "plugin",
      "name": "Object Drop-in Provider",
      "isRegistered": false
    }
[1717437848824] INFO  (ext): SQLTools activation completed. 51.830798 ms
[1717437848824] INFO  (ext): Formatter Plugin registered!
[1717437848824] INFO  (ext): CodeLens Plugin registered!
[1717437848824] INFO  (ext): Dependency Manager Plugin registered!
[1717437848825] INFO  (ext): Connection Manager Plugin registered!
[1717437848826] INFO  (ext): History Manager Plugin registered!
[1717437848827] INFO  (ext): Bookmarks Manager Plugin registered!
[1717437848827] INFO  (ext): Authentication Provider Plugin registered!
[1717437848827] INFO  (ext): Object Drop-in Provider (plugin) registered!
[1717437854181] INFO  (ext): EXECUTING COMMAND => sqltools.refreshTree
[1717437854182] INFO  (ext): Connection explorer changed. Will be updated.
    ns: "conn-man:explorer"
[1717437854209] INFO  (ext): Connection explorer changed. Will be updated.
    ns: "conn-man:explorer"
[1717437851644] INFO  (ls): SQLTools Server started!
===============================
Using node runtime?: no
ExecPath: /usr/share/code/code 
===============================
[1717437854370] INFO  (ext): LanguageClient ready
    ns: "lc"
[1717437854351] INFO  (ls): Initialized with node version:v18.18.2
[1717437857118] INFO  (ext): registering SQL Server/Azure Plugin (driver).
    plugin: {
      "extensionId": "mtxr.sqltools-driver-mssql",
      "name": "SQL Server/Azure Plugin",
      "type": "driver"
    }
[1717437857128] INFO  (ls): REQUEST RECEIVED => ls/RegisterPlugin
[1717437857128] INFO  (ls): request to register plugin: "/home/sebastianr/.vscode/extensions/mtxr.sqltools-driver-mssql-0.4.3/out/ls/plugin.js"
[1717437858537] INFO  (ext): EXECUTING COMMAND => sqltools.refreshTree
[1717437858537] INFO  (ext): Connection explorer changed. Will be updated.
    ns: "conn-man:explorer"
[1717437861256] INFO  (ls): Driver mssql registered!
    place: "driver-map"
    ns: "ls-context"
[1717437861316] INFO  (ext): SQL Server/Azure Plugin (driver) registered!
[1717437862367] INFO  (ext): EXECUTING COMMAND => sqltools.refreshTree
[1717437862368] INFO  (ext): Connection explorer changed. Will be updated.
    ns: "conn-man:explorer"
[1717438102441] INFO  (ext): Connection explorer changed. Will be updated.
    ns: "conn-man:explorer"
[1717438321411] INFO  (ext): Connection explorer changed. Will be updated.
    ns: "conn-man:explorer"
