2024-06-29 20:37:51.158 [info] Log level: Info
2024-06-29 20:37:51.159 [info] Validating found git in: "git"
2024-06-29 20:37:51.159 [info] Using git "2.34.1" from "git"
2024-06-29 20:37:51.177 [info] > git rev-parse --show-toplevel [43ms]
2024-06-29 20:37:51.213 [info] > git rev-parse --git-dir --git-common-dir [20ms]
2024-06-29 20:37:51.266 [info] Open repository: /home/sebastian/.dotfiles
2024-06-29 20:37:51.348 [info] > git config --get commit.template [33ms]
2024-06-29 20:37:51.349 [info] > git fetch [84ms]
2024-06-29 20:37:51.383 [info] > git rev-parse --show-toplevel [51ms]
2024-06-29 20:37:51.408 [info] No remotes found in the git config file.
2024-06-29 20:37:51.428 [info] > git for-each-ref --format=%(refname)%00%(upstream:short)%00%(objectname)%00%(upstream:track)%00%(upstream:remotename)%00%(upstream:remoteref) refs/heads/main refs/remotes/main [24ms]
2024-06-29 20:37:51.431 [warning] No such branch: main.
2024-06-29 20:37:51.449 [info] > git config --get commit.template [67ms]
2024-06-29 20:37:51.464 [info] No remotes found in the git config file.
2024-06-29 20:37:51.481 [info] > git rev-parse --show-toplevel [57ms]
2024-06-29 20:37:51.501 [info] > git for-each-ref --format=%(refname)%00%(upstream:short)%00%(objectname)%00%(upstream:track)%00%(upstream:remotename)%00%(upstream:remoteref) refs/heads/main refs/remotes/main [37ms]
2024-06-29 20:37:51.502 [warning] No such branch: main.
2024-06-29 20:37:51.511 [info] > git config --get commit.template [32ms]
2024-06-29 20:37:51.525 [info] No remotes found in the git config file.
2024-06-29 20:37:51.526 [info] > git rev-parse --git-dir --git-common-dir [27ms]
2024-06-29 20:37:51.589 [info] Open repository: /home/sebastian/.dotfiles/alacritty
2024-06-29 20:37:51.664 [info] > git for-each-ref --format=%(refname)%00%(upstream:short)%00%(objectname)%00%(upstream:track)%00%(upstream:remotename)%00%(upstream:remoteref) refs/heads/main refs/remotes/main [137ms]
2024-06-29 20:37:51.665 [warning] No such branch: main.
2024-06-29 20:37:51.830 [info] > git rev-parse --show-toplevel [170ms]
2024-06-29 20:37:51.836 [info] > git config --get commit.template [202ms]
2024-06-29 20:37:52.065 [info] > git status -z -uall [330ms]
2024-06-29 20:37:52.066 [info] > git for-each-ref --format=%(refname)%00%(upstream:short)%00%(objectname)%00%(upstream:track)%00%(upstream:remotename)%00%(upstream:remoteref) refs/heads/master refs/remotes/master [58ms]
2024-06-29 20:37:55.721 [warning] ENOENT: no such file or directory, open '/home/sebastian/.dotfiles/alacritty/.git/refs/remotes/origin/master'
2024-06-29 20:37:55.725 [info] > git check-ignore -v -z --stdin [3087ms]
2024-06-29 20:37:55.732 [info] > git check-ignore -v -z --stdin [3070ms]
2024-06-29 20:37:55.733 [info] > git fetch [4144ms]
2024-06-29 20:37:55.736 [info] > git rev-parse --git-dir --git-common-dir [3751ms]
2024-06-29 20:37:55.762 [info] Open repository: /home/sebastian/.dotfiles/powerlevel10k
2024-06-29 20:37:55.905 [info] > git rev-parse refs/remotes/origin/master [185ms]
2024-06-29 20:37:55.938 [info] > git config --get commit.template [34ms]
2024-06-29 20:37:55.939 [info] > git config --get commit.template [47ms]
2024-06-29 20:37:56.411 [info] > git config --get commit.template [473ms]
2024-06-29 20:37:56.703 [info] > git check-ignore -v -z --stdin [69ms]
2024-06-29 20:37:56.705 [info] > git check-ignore -v -z --stdin [43ms]
2024-06-29 20:37:56.706 [info] > git check-ignore -v -z --stdin [34ms]
2024-06-29 20:37:56.708 [info] > git for-each-ref --format=%(refname)%00%(upstream:short)%00%(objectname)%00%(upstream:track)%00%(upstream:remotename)%00%(upstream:remoteref) refs/heads/master refs/remotes/master [300ms]
2024-06-29 20:37:56.711 [info] > git for-each-ref --format=%(refname)%00%(upstream:short)%00%(objectname)%00%(upstream:track)%00%(upstream:remotename)%00%(upstream:remoteref) refs/heads/master refs/remotes/master [311ms]
2024-06-29 20:37:56.725 [warning] ENOENT: no such file or directory, open '/home/sebastian/.dotfiles/powerlevel10k/.git/refs/remotes/origin/master'
2024-06-29 20:37:56.735 [warning] ENOENT: no such file or directory, open '/home/sebastian/.dotfiles/alacritty/.git/refs/remotes/origin/master'
2024-06-29 20:37:56.736 [info] > git for-each-ref --format=%(refname)%00%(upstream:short)%00%(objectname)%00%(upstream:track)%00%(upstream:remotename)%00%(upstream:remoteref) refs/heads/master refs/remotes/master [36ms]
2024-06-29 20:37:56.752 [warning] ENOENT: no such file or directory, open '/home/sebastian/.dotfiles/alacritty/.git/refs/remotes/origin/master'
2024-06-29 20:37:56.753 [info] > git rev-parse refs/remotes/origin/master [29ms]
2024-06-29 20:37:56.767 [info] > git rev-parse refs/remotes/origin/master [15ms]
2024-06-29 20:37:56.782 [info] > git rev-parse refs/remotes/origin/master [46ms]
2024-06-29 20:37:56.862 [info] > git status -z -uall [99ms]
2024-06-29 20:37:56.958 [info] > git merge-base refs/heads/master refs/remotes/origin/master [55ms]
2024-06-29 20:37:57.022 [info] > git config --get commit.template [66ms]
2024-06-29 20:37:57.101 [info] > git rev-list --count --left-right refs/heads/master...refs/remotes/origin/master [96ms]
2024-06-29 20:37:57.185 [info] > git for-each-ref --format=%(refname)%00%(upstream:short)%00%(objectname)%00%(upstream:track)%00%(upstream:remotename)%00%(upstream:remoteref) refs/heads/master refs/remotes/master [88ms]
2024-06-29 20:37:57.314 [info] > git check-ignore -v -z --stdin [27ms]
2024-06-29 20:37:57.326 [info] > git check-ignore -v -z --stdin [75ms]
2024-06-29 20:37:57.329 [info] > git diff --name-status -z --diff-filter=ADMR bde5ca4c2aa6e0c52dd7f15cf216dffdb1ec788c...refs/remotes/origin/master [153ms]
2024-06-29 20:37:57.332 [info] > git fetch [1569ms]
2024-06-29 20:37:57.332 [info] From https://github.com/romkatv/powerlevel10k
   bde5ca4..df8ed16  master     -> origin/master
2024-06-29 20:37:57.371 [info] > git check-ignore -v -z --stdin [63ms]
2024-06-29 20:37:57.470 [info] > git config --get commit.template [101ms]
2024-06-29 20:37:57.525 [info] > git for-each-ref --format=%(refname)%00%(upstream:short)%00%(objectname)%00%(upstream:track)%00%(upstream:remotename)%00%(upstream:remoteref) refs/heads/master refs/remotes/master [33ms]
2024-06-29 20:37:57.578 [info] > git status -z -uall [29ms]
2024-06-29 20:37:57.622 [info] > git merge-base refs/heads/master refs/remotes/origin/master [16ms]
2024-06-29 20:37:57.663 [info] > git rev-list --count --left-right refs/heads/master...refs/remotes/origin/master [17ms]
2024-06-29 20:37:57.986 [info] > git status -z -uall [1205ms]
2024-06-29 20:37:58.032 [info] > git diff --name-status -z --diff-filter=ADMR bde5ca4c2aa6e0c52dd7f15cf216dffdb1ec788c...refs/remotes/origin/master [356ms]
2024-06-29 20:37:58.089 [info] > git merge-base refs/heads/master refs/remotes/origin/master [69ms]
2024-06-29 20:37:58.105 [info] > git rev-list --count --left-right refs/heads/master...refs/remotes/origin/master [7ms]
2024-06-29 20:37:58.150 [info] > git diff --name-status -z --diff-filter=ADMR da554e41f3a91ed6cc5db66b23bf65c58529db83...refs/remotes/origin/master [36ms]
2024-06-29 20:37:59.363 [info] > git check-ignore -v -z --stdin [3ms]
2024-06-29 20:37:59.998 [info] No remotes found in the git config file.
2024-06-29 20:38:00.000 [info] > git config --get commit.template [22ms]
2024-06-29 20:38:00.007 [info] > git for-each-ref --format=%(refname)%00%(upstream:short)%00%(objectname)%00%(upstream:track)%00%(upstream:remotename)%00%(upstream:remoteref) refs/heads/main refs/remotes/main [9ms]
2024-06-29 20:38:00.007 [warning] No such branch: main.
2024-06-29 20:38:00.079 [info] > git status -z -uall [62ms]
2024-06-29 20:38:11.971 [info] No remotes found in the git config file.
2024-06-29 20:38:11.973 [info] > git config --get commit.template [14ms]
2024-06-29 20:38:11.975 [info] > git for-each-ref --format=%(refname)%00%(upstream:short)%00%(objectname)%00%(upstream:track)%00%(upstream:remotename)%00%(upstream:remoteref) refs/heads/main refs/remotes/main [5ms]
2024-06-29 20:38:11.975 [warning] No such branch: main.
2024-06-29 20:38:12.062 [info] > git status -z -uall [77ms]
2024-06-29 20:38:17.217 [info] No remotes found in the git config file.
2024-06-29 20:38:17.218 [info] > git config --get commit.template [13ms]
2024-06-29 20:38:17.221 [info] > git for-each-ref --format=%(refname)%00%(upstream:short)%00%(objectname)%00%(upstream:track)%00%(upstream:remotename)%00%(upstream:remoteref) refs/heads/main refs/remotes/main [5ms]
2024-06-29 20:38:17.222 [warning] No such branch: main.
2024-06-29 20:38:17.277 [info] > git status -z -uall [45ms]
2024-06-29 20:38:21.699 [info] > git check-ignore -v -z --stdin [6ms]
2024-06-29 20:38:22.405 [info] No remotes found in the git config file.
2024-06-29 20:38:22.408 [info] > git config --get commit.template [14ms]
2024-06-29 20:38:22.410 [info] > git for-each-ref --format=%(refname)%00%(upstream:short)%00%(objectname)%00%(upstream:track)%00%(upstream:remotename)%00%(upstream:remoteref) refs/heads/main refs/remotes/main [6ms]
2024-06-29 20:38:22.411 [warning] No such branch: main.
2024-06-29 20:38:22.465 [info] > git status -z -uall [44ms]
2024-06-29 20:38:27.639 [info] No remotes found in the git config file.
2024-06-29 20:38:27.643 [info] > git config --get commit.template [23ms]
2024-06-29 20:38:27.648 [info] > git for-each-ref --format=%(refname)%00%(upstream:short)%00%(objectname)%00%(upstream:track)%00%(upstream:remotename)%00%(upstream:remoteref) refs/heads/main refs/remotes/main [9ms]
2024-06-29 20:38:27.648 [warning] No such branch: main.
2024-06-29 20:38:27.723 [info] > git status -z -uall [66ms]
2024-06-29 20:38:33.026 [info] No remotes found in the git config file.
2024-06-29 20:38:33.028 [info] > git config --get commit.template [20ms]
2024-06-29 20:38:33.029 [info] > git for-each-ref --format=%(refname)%00%(upstream:short)%00%(objectname)%00%(upstream:track)%00%(upstream:remotename)%00%(upstream:remoteref) refs/heads/main refs/remotes/main [4ms]
2024-06-29 20:38:33.030 [warning] No such branch: main.
2024-06-29 20:38:33.162 [info] > git status -z -uall [118ms]
2024-06-29 20:38:42.417 [info] No remotes found in the git config file.
2024-06-29 20:38:42.419 [info] > git config --get commit.template [14ms]
2024-06-29 20:38:42.420 [info] > git for-each-ref --format=%(refname)%00%(upstream:short)%00%(objectname)%00%(upstream:track)%00%(upstream:remotename)%00%(upstream:remoteref) refs/heads/main refs/remotes/main [4ms]
2024-06-29 20:38:42.421 [warning] No such branch: main.
2024-06-29 20:38:42.475 [info] > git status -z -uall [44ms]
2024-06-29 20:38:47.604 [info] No remotes found in the git config file.
2024-06-29 20:38:47.606 [info] > git config --get commit.template [14ms]
2024-06-29 20:38:47.607 [info] > git for-each-ref --format=%(refname)%00%(upstream:short)%00%(objectname)%00%(upstream:track)%00%(upstream:remotename)%00%(upstream:remoteref) refs/heads/main refs/remotes/main [3ms]
2024-06-29 20:38:47.608 [warning] No such branch: main.
2024-06-29 20:38:47.662 [info] > git status -z -uall [43ms]
2024-06-29 20:38:52.783 [info] > git config --get commit.template [6ms]
2024-06-29 20:38:52.799 [info] No remotes found in the git config file.
2024-06-29 20:38:52.805 [info] > git for-each-ref --format=%(refname)%00%(upstream:short)%00%(objectname)%00%(upstream:track)%00%(upstream:remotename)%00%(upstream:remoteref) refs/heads/main refs/remotes/main [6ms]
2024-06-29 20:38:52.805 [warning] No such branch: main.
2024-06-29 20:38:52.877 [info] > git status -z -uall [62ms]
2024-06-29 20:38:58.031 [info] No remotes found in the git config file.
2024-06-29 20:38:58.034 [info] > git config --get commit.template [15ms]
2024-06-29 20:38:58.035 [info] > git for-each-ref --format=%(refname)%00%(upstream:short)%00%(objectname)%00%(upstream:track)%00%(upstream:remotename)%00%(upstream:remoteref) refs/heads/main refs/remotes/main [4ms]
2024-06-29 20:38:58.036 [warning] No such branch: main.
2024-06-29 20:38:58.099 [info] > git status -z -uall [53ms]
2024-06-29 20:39:03.227 [info] No remotes found in the git config file.
2024-06-29 20:39:03.232 [info] > git for-each-ref --format=%(refname)%00%(upstream:short)%00%(objectname)%00%(upstream:track)%00%(upstream:remotename)%00%(upstream:remoteref) refs/heads/main refs/remotes/main [5ms]
2024-06-29 20:39:03.233 [warning] No such branch: main.
2024-06-29 20:39:03.233 [info] > git config --get commit.template [16ms]
2024-06-29 20:39:03.282 [info] > git status -z -uall [40ms]
2024-06-29 20:39:08.408 [info] No remotes found in the git config file.
2024-06-29 20:39:08.414 [info] > git config --get commit.template [18ms]
2024-06-29 20:39:08.415 [info] > git for-each-ref --format=%(refname)%00%(upstream:short)%00%(objectname)%00%(upstream:track)%00%(upstream:remotename)%00%(upstream:remoteref) refs/heads/main refs/remotes/main [7ms]
2024-06-29 20:39:08.416 [warning] No such branch: main.
2024-06-29 20:39:08.465 [info] > git status -z -uall [39ms]
2024-06-29 20:39:13.594 [info] No remotes found in the git config file.
2024-06-29 20:39:13.597 [info] > git config --get commit.template [13ms]
2024-06-29 20:39:13.598 [info] > git for-each-ref --format=%(refname)%00%(upstream:short)%00%(objectname)%00%(upstream:track)%00%(upstream:remotename)%00%(upstream:remoteref) refs/heads/main refs/remotes/main [4ms]
2024-06-29 20:39:13.599 [warning] No such branch: main.
2024-06-29 20:39:13.652 [info] > git status -z -uall [43ms]
2024-06-29 20:39:23.972 [info] No remotes found in the git config file.
2024-06-29 20:39:23.976 [info] > git config --get commit.template [35ms]
2024-06-29 20:39:23.987 [info] > git for-each-ref --format=%(refname)%00%(upstream:short)%00%(objectname)%00%(upstream:track)%00%(upstream:remotename)%00%(upstream:remoteref) refs/heads/main refs/remotes/main [15ms]
2024-06-29 20:39:23.987 [warning] No such branch: main.
2024-06-29 20:39:24.257 [info] > git status -z -uall [243ms]
2024-06-29 20:39:28.233 [info] > git check-ignore -v -z --stdin [5ms]
2024-06-29 20:39:29.691 [info] No remotes found in the git config file.
2024-06-29 20:39:29.692 [info] > git config --get commit.template [13ms]
2024-06-29 20:39:29.696 [info] > git for-each-ref --format=%(refname)%00%(upstream:short)%00%(objectname)%00%(upstream:track)%00%(upstream:remotename)%00%(upstream:remoteref) refs/heads/main refs/remotes/main [5ms]
2024-06-29 20:39:29.696 [warning] No such branch: main.
2024-06-29 20:39:29.751 [info] > git status -z -uall [47ms]
2024-06-29 20:39:34.878 [info] No remotes found in the git config file.
2024-06-29 20:39:34.881 [info] > git config --get commit.template [17ms]
2024-06-29 20:39:34.885 [info] > git for-each-ref --format=%(refname)%00%(upstream:short)%00%(objectname)%00%(upstream:track)%00%(upstream:remotename)%00%(upstream:remoteref) refs/heads/main refs/remotes/main [7ms]
2024-06-29 20:39:34.886 [warning] No such branch: main.
2024-06-29 20:39:34.946 [info] > git status -z -uall [52ms]
2024-06-29 20:39:40.065 [info] No remotes found in the git config file.
2024-06-29 20:39:40.067 [info] > git config --get commit.template [11ms]
2024-06-29 20:39:40.070 [info] > git for-each-ref --format=%(refname)%00%(upstream:short)%00%(objectname)%00%(upstream:track)%00%(upstream:remotename)%00%(upstream:remoteref) refs/heads/main refs/remotes/main [5ms]
2024-06-29 20:39:40.070 [warning] No such branch: main.
2024-06-29 20:39:40.120 [info] > git status -z -uall [42ms]
2024-06-29 20:39:45.248 [info] No remotes found in the git config file.
2024-06-29 20:39:45.249 [info] > git config --get commit.template [16ms]
2024-06-29 20:39:45.255 [info] > git for-each-ref --format=%(refname)%00%(upstream:short)%00%(objectname)%00%(upstream:track)%00%(upstream:remotename)%00%(upstream:remoteref) refs/heads/main refs/remotes/main [7ms]
2024-06-29 20:39:45.255 [warning] No such branch: main.
2024-06-29 20:39:45.333 [info] > git status -z -uall [66ms]
2024-06-29 20:39:50.461 [info] No remotes found in the git config file.
2024-06-29 20:39:50.462 [info] > git config --get commit.template [12ms]
2024-06-29 20:39:50.465 [info] > git for-each-ref --format=%(refname)%00%(upstream:short)%00%(objectname)%00%(upstream:track)%00%(upstream:remotename)%00%(upstream:remoteref) refs/heads/main refs/remotes/main [4ms]
2024-06-29 20:39:50.465 [warning] No such branch: main.
2024-06-29 20:39:50.514 [info] > git status -z -uall [40ms]
2024-06-29 20:39:55.635 [info] No remotes found in the git config file.
2024-06-29 20:39:55.639 [info] > git config --get commit.template [18ms]
2024-06-29 20:39:55.644 [info] > git for-each-ref --format=%(refname)%00%(upstream:short)%00%(objectname)%00%(upstream:track)%00%(upstream:remotename)%00%(upstream:remoteref) refs/heads/main refs/remotes/main [9ms]
2024-06-29 20:39:55.645 [warning] No such branch: main.
2024-06-29 20:39:55.784 [info] > git status -z -uall [113ms]
2024-06-29 20:40:00.984 [info] No remotes found in the git config file.
2024-06-29 20:40:00.987 [info] > git config --get commit.template [15ms]
2024-06-29 20:40:00.989 [info] > git for-each-ref --format=%(refname)%00%(upstream:short)%00%(objectname)%00%(upstream:track)%00%(upstream:remotename)%00%(upstream:remoteref) refs/heads/main refs/remotes/main [4ms]
2024-06-29 20:40:00.989 [warning] No such branch: main.
2024-06-29 20:40:01.052 [info] > git status -z -uall [53ms]
2024-06-29 20:40:03.445 [info] > git check-ignore -v -z --stdin [4ms]
2024-06-29 20:40:06.187 [info] No remotes found in the git config file.
2024-06-29 20:40:06.190 [info] > git config --get commit.template [14ms]
2024-06-29 20:40:06.191 [info] > git for-each-ref --format=%(refname)%00%(upstream:short)%00%(objectname)%00%(upstream:track)%00%(upstream:remotename)%00%(upstream:remoteref) refs/heads/main refs/remotes/main [4ms]
2024-06-29 20:40:06.192 [warning] No such branch: main.
2024-06-29 20:40:06.247 [info] > git status -z -uall [45ms]
2024-06-29 20:40:07.503 [info] > git check-ignore -v -z --stdin [1139ms]
2024-06-29 20:40:09.618 [info] > git check-ignore -v -z --stdin [4ms]
2024-06-29 20:40:11.386 [info] No remotes found in the git config file.
2024-06-29 20:40:11.388 [info] > git config --get commit.template [14ms]
2024-06-29 20:40:11.390 [info] > git for-each-ref --format=%(refname)%00%(upstream:short)%00%(objectname)%00%(upstream:track)%00%(upstream:remotename)%00%(upstream:remoteref) refs/heads/main refs/remotes/main [4ms]
2024-06-29 20:40:11.390 [warning] No such branch: main.
2024-06-29 20:40:11.456 [info] > git status -z -uall [56ms]
2024-06-29 20:40:13.221 [info] > git check-ignore -v -z --stdin [4ms]
2024-06-29 20:40:16.583 [info] No remotes found in the git config file.
2024-06-29 20:40:16.586 [info] > git for-each-ref --format=%(refname)%00%(upstream:short)%00%(objectname)%00%(upstream:track)%00%(upstream:remotename)%00%(upstream:remoteref) refs/heads/main refs/remotes/main [4ms]
2024-06-29 20:40:16.587 [warning] No such branch: main.
2024-06-29 20:40:16.588 [info] > git config --get commit.template [16ms]
2024-06-29 20:40:16.642 [info] > git status -z -uall [44ms]
2024-06-29 20:40:21.762 [info] No remotes found in the git config file.
2024-06-29 20:40:21.764 [info] > git config --get commit.template [14ms]
2024-06-29 20:40:21.766 [info] > git for-each-ref --format=%(refname)%00%(upstream:short)%00%(objectname)%00%(upstream:track)%00%(upstream:remotename)%00%(upstream:remoteref) refs/heads/main refs/remotes/main [5ms]
2024-06-29 20:40:21.766 [warning] No such branch: main.
2024-06-29 20:40:21.819 [info] > git status -z -uall [43ms]
2024-06-29 20:40:26.953 [info] No remotes found in the git config file.
2024-06-29 20:40:26.956 [info] > git for-each-ref --format=%(refname)%00%(upstream:short)%00%(objectname)%00%(upstream:track)%00%(upstream:remotename)%00%(upstream:remoteref) refs/heads/main refs/remotes/main [4ms]
2024-06-29 20:40:26.956 [warning] No such branch: main.
2024-06-29 20:40:26.957 [info] > git config --get commit.template [19ms]
2024-06-29 20:40:27.033 [info] > git status -z -uall [61ms]
2024-06-29 20:40:32.167 [info] No remotes found in the git config file.
2024-06-29 20:40:32.169 [info] > git config --get commit.template [16ms]
2024-06-29 20:40:32.173 [info] > git for-each-ref --format=%(refname)%00%(upstream:short)%00%(objectname)%00%(upstream:track)%00%(upstream:remotename)%00%(upstream:remoteref) refs/heads/main refs/remotes/main [6ms]
2024-06-29 20:40:32.174 [warning] No such branch: main.
2024-06-29 20:40:32.262 [info] > git status -z -uall [77ms]
2024-06-29 20:40:37.527 [info] No remotes found in the git config file.
2024-06-29 20:40:37.529 [info] > git config --get commit.template [13ms]
2024-06-29 20:40:37.531 [info] > git for-each-ref --format=%(refname)%00%(upstream:short)%00%(objectname)%00%(upstream:track)%00%(upstream:remotename)%00%(upstream:remoteref) refs/heads/main refs/remotes/main [5ms]
2024-06-29 20:40:37.532 [warning] No such branch: main.
2024-06-29 20:40:37.581 [info] > git status -z -uall [40ms]
2024-06-29 20:40:42.712 [info] No remotes found in the git config file.
2024-06-29 20:40:42.715 [info] > git config --get commit.template [13ms]
2024-06-29 20:40:42.716 [info] > git for-each-ref --format=%(refname)%00%(upstream:short)%00%(objectname)%00%(upstream:track)%00%(upstream:remotename)%00%(upstream:remoteref) refs/heads/main refs/remotes/main [4ms]
2024-06-29 20:40:42.717 [warning] No such branch: main.
2024-06-29 20:40:42.767 [info] > git status -z -uall [41ms]
2024-06-29 20:40:47.893 [info] No remotes found in the git config file.
2024-06-29 20:40:47.895 [info] > git config --get commit.template [13ms]
2024-06-29 20:40:47.898 [info] > git for-each-ref --format=%(refname)%00%(upstream:short)%00%(objectname)%00%(upstream:track)%00%(upstream:remotename)%00%(upstream:remoteref) refs/heads/main refs/remotes/main [5ms]
2024-06-29 20:40:47.898 [warning] No such branch: main.
2024-06-29 20:40:47.950 [info] > git status -z -uall [43ms]
2024-06-29 20:40:53.910 [info] No remotes found in the git config file.
2024-06-29 20:40:53.929 [info] > git config --get commit.template [63ms]
2024-06-29 20:40:53.929 [info] > git fetch [99ms]
2024-06-29 20:40:53.992 [info] > git for-each-ref --format=%(refname)%00%(upstream:short)%00%(objectname)%00%(upstream:track)%00%(upstream:remotename)%00%(upstream:remoteref) refs/heads/main refs/remotes/main [82ms]
2024-06-29 20:40:53.999 [warning] No such branch: main.
2024-06-29 20:40:54.025 [info] No remotes found in the git config file.
2024-06-29 20:40:54.027 [info] > git config --get commit.template [41ms]
2024-06-29 20:40:54.043 [info] > git for-each-ref --format=%(refname)%00%(upstream:short)%00%(objectname)%00%(upstream:track)%00%(upstream:remotename)%00%(upstream:remoteref) refs/heads/main refs/remotes/main [18ms]
2024-06-29 20:40:54.044 [warning] No such branch: main.
2024-06-29 20:40:54.287 [info] > git status -z -uall [222ms]
2024-06-29 20:40:58.350 [info] > git fetch [1413ms]
2024-06-29 20:40:58.408 [info] > git config --get commit.template [35ms]
2024-06-29 20:40:58.419 [info] > git for-each-ref --format=%(refname)%00%(upstream:short)%00%(objectname)%00%(upstream:track)%00%(upstream:remotename)%00%(upstream:remoteref) refs/heads/master refs/remotes/master [21ms]
2024-06-29 20:40:58.445 [warning] ENOENT: no such file or directory, open '/home/sebastian/.dotfiles/alacritty/.git/refs/remotes/origin/master'
2024-06-29 20:40:58.451 [info] > git rev-parse refs/remotes/origin/master [6ms]
2024-06-29 20:40:58.786 [info] > git fetch [1107ms]
2024-06-29 20:40:58.880 [info] > git config --get commit.template [57ms]
2024-06-29 20:40:58.894 [info] > git for-each-ref --format=%(refname)%00%(upstream:short)%00%(objectname)%00%(upstream:track)%00%(upstream:remotename)%00%(upstream:remoteref) refs/heads/master refs/remotes/master [16ms]
2024-06-29 20:40:58.924 [info] > git status -z -uall [12ms]
2024-06-29 20:40:59.305 [info] > git status -z -uall [829ms]
2024-06-29 20:40:59.553 [info] No remotes found in the git config file.
2024-06-29 20:40:59.554 [info] > git config --get commit.template [12ms]
2024-06-29 20:40:59.557 [info] > git for-each-ref --format=%(refname)%00%(upstream:short)%00%(objectname)%00%(upstream:track)%00%(upstream:remotename)%00%(upstream:remoteref) refs/heads/main refs/remotes/main [5ms]
2024-06-29 20:40:59.558 [warning] No such branch: main.
2024-06-29 20:40:59.609 [info] > git status -z -uall [43ms]
2024-06-29 20:41:01.068 [info] > git config --get commit.template [34ms]
2024-06-29 20:41:01.084 [info] > git for-each-ref --format=%(refname)%00%(upstream:short)%00%(objectname)%00%(upstream:track)%00%(upstream:remotename)%00%(upstream:remoteref) refs/heads/master refs/remotes/master [19ms]
2024-06-29 20:41:01.127 [info] > git status -z -uall [17ms]
2024-06-29 20:41:04.739 [info] No remotes found in the git config file.
2024-06-29 20:41:04.741 [info] > git config --get commit.template [14ms]
2024-06-29 20:41:04.744 [info] > git for-each-ref --format=%(refname)%00%(upstream:short)%00%(objectname)%00%(upstream:track)%00%(upstream:remotename)%00%(upstream:remoteref) refs/heads/main refs/remotes/main [4ms]
2024-06-29 20:41:04.744 [warning] No such branch: main.
2024-06-29 20:41:04.798 [info] > git status -z -uall [44ms]
2024-06-29 20:41:08.896 [info] > git check-ignore -v -z --stdin [6ms]
2024-06-29 20:41:09.949 [info] No remotes found in the git config file.
2024-06-29 20:41:09.957 [info] > git for-each-ref --format=%(refname)%00%(upstream:short)%00%(objectname)%00%(upstream:track)%00%(upstream:remotename)%00%(upstream:remoteref) refs/heads/main refs/remotes/main [8ms]
2024-06-29 20:41:09.957 [warning] No such branch: main.
2024-06-29 20:41:09.958 [info] > git config --get commit.template [27ms]
2024-06-29 20:41:10.035 [info] > git status -z -uall [63ms]
2024-06-29 20:41:15.160 [info] No remotes found in the git config file.
2024-06-29 20:41:15.163 [info] > git config --get commit.template [13ms]
2024-06-29 20:41:15.164 [info] > git for-each-ref --format=%(refname)%00%(upstream:short)%00%(objectname)%00%(upstream:track)%00%(upstream:remotename)%00%(upstream:remoteref) refs/heads/main refs/remotes/main [4ms]
2024-06-29 20:41:15.165 [warning] No such branch: main.
2024-06-29 20:41:15.223 [info] > git status -z -uall [49ms]
2024-06-29 20:41:20.462 [info] No remotes found in the git config file.
2024-06-29 20:41:20.464 [info] > git config --get commit.template [35ms]
2024-06-29 20:41:20.472 [info] > git for-each-ref --format=%(refname)%00%(upstream:short)%00%(objectname)%00%(upstream:track)%00%(upstream:remotename)%00%(upstream:remoteref) refs/heads/main refs/remotes/main [10ms]
2024-06-29 20:41:20.472 [warning] No such branch: main.
2024-06-29 20:41:20.657 [info] > git status -z -uall [167ms]
2024-06-29 20:41:39.663 [info] > git config --get commit.template [4ms]
2024-06-29 20:41:39.678 [info] No remotes found in the git config file.
2024-06-29 20:41:39.685 [info] > git for-each-ref --format=%(refname)%00%(upstream:short)%00%(objectname)%00%(upstream:track)%00%(upstream:remotename)%00%(upstream:remoteref) refs/heads/main refs/remotes/main [8ms]
2024-06-29 20:41:39.686 [warning] No such branch: main.
2024-06-29 20:41:39.797 [info] > git status -z -uall [93ms]
2024-06-29 20:41:45.013 [info] No remotes found in the git config file.
2024-06-29 20:41:45.015 [info] > git config --get commit.template [11ms]
2024-06-29 20:41:45.018 [info] > git for-each-ref --format=%(refname)%00%(upstream:short)%00%(objectname)%00%(upstream:track)%00%(upstream:remotename)%00%(upstream:remoteref) refs/heads/main refs/remotes/main [5ms]
2024-06-29 20:41:45.018 [warning] No such branch: main.
2024-06-29 20:41:45.083 [info] > git status -z -uall [57ms]
2024-06-29 20:41:50.240 [info] No remotes found in the git config file.
2024-06-29 20:41:50.242 [info] > git config --get commit.template [13ms]
2024-06-29 20:41:50.246 [info] > git for-each-ref --format=%(refname)%00%(upstream:short)%00%(objectname)%00%(upstream:track)%00%(upstream:remotename)%00%(upstream:remoteref) refs/heads/main refs/remotes/main [6ms]
2024-06-29 20:41:50.246 [warning] No such branch: main.
2024-06-29 20:41:50.292 [info] > git status -z -uall [37ms]
2024-06-29 20:41:55.422 [info] No remotes found in the git config file.
2024-06-29 20:41:55.424 [info] > git config --get commit.template [14ms]
2024-06-29 20:41:55.427 [info] > git for-each-ref --format=%(refname)%00%(upstream:short)%00%(objectname)%00%(upstream:track)%00%(upstream:remotename)%00%(upstream:remoteref) refs/heads/main refs/remotes/main [6ms]
2024-06-29 20:41:55.428 [warning] No such branch: main.
2024-06-29 20:41:55.480 [info] > git status -z -uall [43ms]
2024-06-29 20:41:59.238 [info] > git check-ignore -v -z --stdin [5ms]
2024-06-29 20:42:00.611 [info] No remotes found in the git config file.
2024-06-29 20:42:00.612 [info] > git config --get commit.template [12ms]
2024-06-29 20:42:00.616 [info] > git for-each-ref --format=%(refname)%00%(upstream:short)%00%(objectname)%00%(upstream:track)%00%(upstream:remotename)%00%(upstream:remoteref) refs/heads/main refs/remotes/main [5ms]
2024-06-29 20:42:00.617 [warning] No such branch: main.
2024-06-29 20:42:00.663 [info] > git status -z -uall [37ms]
2024-06-29 20:42:05.786 [info] No remotes found in the git config file.
2024-06-29 20:42:05.787 [info] > git config --get commit.template [12ms]
2024-06-29 20:42:05.791 [info] > git for-each-ref --format=%(refname)%00%(upstream:short)%00%(objectname)%00%(upstream:track)%00%(upstream:remotename)%00%(upstream:remoteref) refs/heads/main refs/remotes/main [6ms]
2024-06-29 20:42:05.791 [warning] No such branch: main.
2024-06-29 20:42:05.853 [info] > git status -z -uall [53ms]
2024-06-29 20:42:10.975 [info] No remotes found in the git config file.
2024-06-29 20:42:10.977 [info] > git config --get commit.template [11ms]
2024-06-29 20:42:10.979 [info] > git for-each-ref --format=%(refname)%00%(upstream:short)%00%(objectname)%00%(upstream:track)%00%(upstream:remotename)%00%(upstream:remoteref) refs/heads/main refs/remotes/main [4ms]
2024-06-29 20:42:10.980 [warning] No such branch: main.
2024-06-29 20:42:11.031 [info] > git status -z -uall [41ms]
2024-06-29 20:42:16.197 [info] No remotes found in the git config file.
2024-06-29 20:42:16.198 [info] > git for-each-ref --format=%(refname)%00%(upstream:short)%00%(objectname)%00%(upstream:track)%00%(upstream:remotename)%00%(upstream:remoteref) refs/heads/main refs/remotes/main [2ms]
2024-06-29 20:42:16.199 [warning] No such branch: main.
2024-06-29 20:42:16.199 [info] > git config --get commit.template [16ms]
2024-06-29 20:42:16.261 [info] > git status -z -uall [50ms]
2024-06-29 20:42:23.592 [info] No remotes found in the git config file.
2024-06-29 20:42:23.599 [info] > git config --get commit.template [18ms]
2024-06-29 20:42:23.603 [info] > git for-each-ref --format=%(refname)%00%(upstream:short)%00%(objectname)%00%(upstream:track)%00%(upstream:remotename)%00%(upstream:remoteref) refs/heads/main refs/remotes/main [11ms]
2024-06-29 20:42:23.603 [warning] No such branch: main.
2024-06-29 20:42:23.817 [info] > git status -z -uall [161ms]
2024-06-29 20:42:29.131 [info] No remotes found in the git config file.
2024-06-29 20:42:29.133 [info] > git config --get commit.template [10ms]
2024-06-29 20:42:29.138 [info] > git for-each-ref --format=%(refname)%00%(upstream:short)%00%(objectname)%00%(upstream:track)%00%(upstream:remotename)%00%(upstream:remoteref) refs/heads/main refs/remotes/main [7ms]
2024-06-29 20:42:29.138 [warning] No such branch: main.
2024-06-29 20:42:29.201 [info] > git status -z -uall [54ms]
2024-06-29 20:42:34.379 [info] No remotes found in the git config file.
2024-06-29 20:42:34.382 [info] > git config --get commit.template [24ms]
2024-06-29 20:42:34.392 [info] > git for-each-ref --format=%(refname)%00%(upstream:short)%00%(objectname)%00%(upstream:track)%00%(upstream:remotename)%00%(upstream:remoteref) refs/heads/main refs/remotes/main [13ms]
2024-06-29 20:42:34.392 [warning] No such branch: main.
2024-06-29 20:42:34.482 [info] > git status -z -uall [73ms]
2024-06-29 20:42:39.716 [info] No remotes found in the git config file.
2024-06-29 20:42:39.721 [info] > git for-each-ref --format=%(refname)%00%(upstream:short)%00%(objectname)%00%(upstream:track)%00%(upstream:remotename)%00%(upstream:remoteref) refs/heads/main refs/remotes/main [6ms]
2024-06-29 20:42:39.721 [warning] No such branch: main.
2024-06-29 20:42:39.721 [info] > git config --get commit.template [19ms]
2024-06-29 20:42:39.792 [info] > git status -z -uall [59ms]
2024-06-29 20:42:41.926 [info] > git check-ignore -v -z --stdin [18ms]
2024-06-29 20:42:44.930 [info] No remotes found in the git config file.
2024-06-29 20:42:44.932 [info] > git config --get commit.template [13ms]
2024-06-29 20:42:44.934 [info] > git for-each-ref --format=%(refname)%00%(upstream:short)%00%(objectname)%00%(upstream:track)%00%(upstream:remotename)%00%(upstream:remoteref) refs/heads/main refs/remotes/main [4ms]
2024-06-29 20:42:44.935 [warning] No such branch: main.
2024-06-29 20:42:44.988 [info] > git status -z -uall [43ms]
2024-06-29 20:42:50.098 [info] > git config --get commit.template [4ms]
2024-06-29 20:42:50.107 [info] No remotes found in the git config file.
2024-06-29 20:42:50.110 [info] > git for-each-ref --format=%(refname)%00%(upstream:short)%00%(objectname)%00%(upstream:track)%00%(upstream:remotename)%00%(upstream:remoteref) refs/heads/main refs/remotes/main [3ms]
2024-06-29 20:42:50.111 [warning] No such branch: main.
2024-06-29 20:42:50.157 [info] > git status -z -uall [38ms]
2024-06-29 20:42:56.210 [info] > git config --get commit.template [12ms]
2024-06-29 20:42:56.239 [info] No remotes found in the git config file.
2024-06-29 20:42:56.276 [info] > git for-each-ref --format=%(refname)%00%(upstream:short)%00%(objectname)%00%(upstream:track)%00%(upstream:remotename)%00%(upstream:remoteref) refs/heads/main refs/remotes/main [38ms]
2024-06-29 20:42:56.277 [warning] No such branch: main.
2024-06-29 20:42:56.585 [info] > git status -z -uall [260ms]
2024-06-29 20:43:02.092 [info] No remotes found in the git config file.
2024-06-29 20:43:02.096 [info] > git config --get commit.template [20ms]
2024-06-29 20:43:02.103 [info] > git for-each-ref --format=%(refname)%00%(upstream:short)%00%(objectname)%00%(upstream:track)%00%(upstream:remotename)%00%(upstream:remoteref) refs/heads/main refs/remotes/main [12ms]
2024-06-29 20:43:02.103 [warning] No such branch: main.
2024-06-29 20:43:02.211 [info] > git status -z -uall [97ms]
2024-06-29 20:43:07.443 [info] No remotes found in the git config file.
2024-06-29 20:43:07.446 [info] > git config --get commit.template [14ms]
2024-06-29 20:43:07.448 [info] > git for-each-ref --format=%(refname)%00%(upstream:short)%00%(objectname)%00%(upstream:track)%00%(upstream:remotename)%00%(upstream:remoteref) refs/heads/main refs/remotes/main [5ms]
2024-06-29 20:43:07.449 [warning] No such branch: main.
2024-06-29 20:43:07.502 [info] > git status -z -uall [43ms]
2024-06-29 20:43:12.623 [info] No remotes found in the git config file.
2024-06-29 20:43:12.626 [info] > git for-each-ref --format=%(refname)%00%(upstream:short)%00%(objectname)%00%(upstream:track)%00%(upstream:remotename)%00%(upstream:remoteref) refs/heads/main refs/remotes/main [3ms]
2024-06-29 20:43:12.627 [warning] No such branch: main.
2024-06-29 20:43:12.627 [info] > git config --get commit.template [16ms]
2024-06-29 20:43:12.674 [info] > git status -z -uall [37ms]
2024-06-29 20:43:17.793 [info] No remotes found in the git config file.
2024-06-29 20:43:17.796 [info] > git config --get commit.template [15ms]
2024-06-29 20:43:17.797 [info] > git for-each-ref --format=%(refname)%00%(upstream:short)%00%(objectname)%00%(upstream:track)%00%(upstream:remotename)%00%(upstream:remoteref) refs/heads/main refs/remotes/main [5ms]
2024-06-29 20:43:17.797 [warning] No such branch: main.
2024-06-29 20:43:17.865 [info] > git status -z -uall [57ms]
2024-06-29 20:43:23.050 [info] No remotes found in the git config file.
2024-06-29 20:43:23.053 [info] > git for-each-ref --format=%(refname)%00%(upstream:short)%00%(objectname)%00%(upstream:track)%00%(upstream:remotename)%00%(upstream:remoteref) refs/heads/main refs/remotes/main [4ms]
2024-06-29 20:43:23.053 [warning] No such branch: main.
2024-06-29 20:43:23.053 [info] > git config --get commit.template [16ms]
2024-06-29 20:43:23.109 [info] > git status -z -uall [47ms]
2024-06-29 20:43:28.224 [info] No remotes found in the git config file.
2024-06-29 20:43:28.226 [info] > git config --get commit.template [11ms]
2024-06-29 20:43:28.227 [info] > git for-each-ref --format=%(refname)%00%(upstream:short)%00%(objectname)%00%(upstream:track)%00%(upstream:remotename)%00%(upstream:remoteref) refs/heads/main refs/remotes/main [3ms]
2024-06-29 20:43:28.227 [warning] No such branch: main.
2024-06-29 20:43:28.274 [info] > git status -z -uall [38ms]
2024-06-29 20:43:29.630 [info] > git check-ignore -v -z --stdin [6ms]
2024-06-29 20:43:31.284 [info] > git check-ignore -v -z --stdin [6ms]
2024-06-29 20:43:33.412 [info] No remotes found in the git config file.
2024-06-29 20:43:33.415 [info] > git config --get commit.template [16ms]
2024-06-29 20:43:33.424 [info] > git for-each-ref --format=%(refname)%00%(upstream:short)%00%(objectname)%00%(upstream:track)%00%(upstream:remotename)%00%(upstream:remoteref) refs/heads/main refs/remotes/main [12ms]
2024-06-29 20:43:33.424 [warning] No such branch: main.
2024-06-29 20:43:33.634 [info] > git status -z -uall [193ms]
2024-06-29 20:43:38.784 [info] No remotes found in the git config file.
2024-06-29 20:43:38.785 [info] > git config --get commit.template [12ms]
2024-06-29 20:43:38.787 [info] > git for-each-ref --format=%(refname)%00%(upstream:short)%00%(objectname)%00%(upstream:track)%00%(upstream:remotename)%00%(upstream:remoteref) refs/heads/main refs/remotes/main [4ms]
2024-06-29 20:43:38.787 [warning] No such branch: main.
2024-06-29 20:43:38.860 [info] > git status -z -uall [63ms]
2024-06-29 20:43:44.051 [info] > git config --get commit.template [6ms]
2024-06-29 20:43:44.064 [info] No remotes found in the git config file.
2024-06-29 20:43:44.068 [info] > git for-each-ref --format=%(refname)%00%(upstream:short)%00%(objectname)%00%(upstream:track)%00%(upstream:remotename)%00%(upstream:remoteref) refs/heads/main refs/remotes/main [4ms]
2024-06-29 20:43:44.068 [warning] No such branch: main.
2024-06-29 20:43:44.121 [info] > git status -z -uall [44ms]
2024-06-29 20:43:49.250 [info] No remotes found in the git config file.
2024-06-29 20:43:49.252 [info] > git config --get commit.template [13ms]
2024-06-29 20:43:49.254 [info] > git for-each-ref --format=%(refname)%00%(upstream:short)%00%(objectname)%00%(upstream:track)%00%(upstream:remotename)%00%(upstream:remoteref) refs/heads/main refs/remotes/main [5ms]
2024-06-29 20:43:49.255 [warning] No such branch: main.
2024-06-29 20:43:49.303 [info] > git status -z -uall [39ms]
2024-06-29 20:43:54.458 [info] No remotes found in the git config file.
2024-06-29 20:43:54.460 [info] > git config --get commit.template [19ms]
2024-06-29 20:43:54.461 [info] > git for-each-ref --format=%(refname)%00%(upstream:short)%00%(objectname)%00%(upstream:track)%00%(upstream:remotename)%00%(upstream:remoteref) refs/heads/main refs/remotes/main [3ms]
2024-06-29 20:43:54.462 [warning] No such branch: main.
2024-06-29 20:43:54.509 [info] > git status -z -uall [39ms]
2024-06-29 20:43:55.932 [info] > git fetch [1308ms]
2024-06-29 20:43:55.972 [info] No remotes found in the git config file.
2024-06-29 20:43:55.974 [info] > git config --get commit.template [13ms]
2024-06-29 20:43:55.975 [info] > git for-each-ref --format=%(refname)%00%(upstream:short)%00%(objectname)%00%(upstream:track)%00%(upstream:remotename)%00%(upstream:remoteref) refs/heads/main refs/remotes/main [4ms]
2024-06-29 20:43:55.976 [warning] No such branch: main.
2024-06-29 20:43:56.038 [info] > git status -z -uall [53ms]
2024-06-29 20:43:59.645 [info] No remotes found in the git config file.
2024-06-29 20:43:59.648 [info] > git config --get commit.template [14ms]
2024-06-29 20:43:59.650 [info] > git for-each-ref --format=%(refname)%00%(upstream:short)%00%(objectname)%00%(upstream:track)%00%(upstream:remotename)%00%(upstream:remoteref) refs/heads/main refs/remotes/main [5ms]
2024-06-29 20:43:59.650 [warning] No such branch: main.
2024-06-29 20:43:59.699 [info] > git status -z -uall [40ms]
2024-06-29 20:43:59.804 [info] > git fetch [861ms]
2024-06-29 20:44:01.046 [info] > git for-each-ref --format=%(refname)%00%(upstream:short)%00%(objectname)%00%(upstream:track)%00%(upstream:remotename)%00%(upstream:remoteref) refs/heads/master refs/remotes/master [1224ms]
2024-06-29 20:44:01.047 [info] > git fetch [1723ms]
2024-06-29 20:44:01.049 [info] > git config --get commit.template [1235ms]
2024-06-29 20:44:01.121 [info] > git status -z -uall [16ms]
2024-06-29 20:44:01.122 [info] > git config --get commit.template [37ms]
2024-06-29 20:44:01.156 [info] > git for-each-ref --format=%(refname)%00%(upstream:short)%00%(objectname)%00%(upstream:track)%00%(upstream:remotename)%00%(upstream:remoteref) refs/heads/master refs/remotes/master [36ms]
2024-06-29 20:44:01.168 [warning] ENOENT: no such file or directory, open '/home/sebastian/.dotfiles/alacritty/.git/refs/remotes/origin/master'
2024-06-29 20:44:01.171 [info] > git rev-parse refs/remotes/origin/master [2ms]
2024-06-29 20:44:01.525 [info] > git status -z -uall [344ms]
2024-06-29 20:44:08.176 [info] No remotes found in the git config file.
2024-06-29 20:44:08.177 [info] > git config --get commit.template [50ms]
2024-06-29 20:44:08.208 [info] > git for-each-ref --format=%(refname)%00%(upstream:short)%00%(objectname)%00%(upstream:track)%00%(upstream:remotename)%00%(upstream:remoteref) refs/heads/main refs/remotes/main [33ms]
2024-06-29 20:44:08.209 [warning] No such branch: main.
2024-06-29 20:44:08.383 [info] > git status -z -uall [109ms]
2024-06-29 20:44:13.646 [info] No remotes found in the git config file.
2024-06-29 20:44:13.648 [info] > git config --get commit.template [55ms]
2024-06-29 20:44:13.655 [info] > git for-each-ref --format=%(refname)%00%(upstream:short)%00%(objectname)%00%(upstream:track)%00%(upstream:remotename)%00%(upstream:remoteref) refs/heads/main refs/remotes/main [10ms]
2024-06-29 20:44:13.657 [warning] No such branch: main.
2024-06-29 20:44:13.786 [info] > git status -z -uall [97ms]
2024-06-29 20:44:18.985 [info] > git config --get commit.template [6ms]
2024-06-29 20:44:18.996 [info] No remotes found in the git config file.
2024-06-29 20:44:19.000 [info] > git for-each-ref --format=%(refname)%00%(upstream:short)%00%(objectname)%00%(upstream:track)%00%(upstream:remotename)%00%(upstream:remoteref) refs/heads/main refs/remotes/main [5ms]
2024-06-29 20:44:19.001 [warning] No such branch: main.
2024-06-29 20:44:19.059 [info] > git status -z -uall [48ms]
2024-06-29 20:44:24.193 [info] No remotes found in the git config file.
2024-06-29 20:44:24.195 [info] > git config --get commit.template [16ms]
2024-06-29 20:44:24.227 [info] > git for-each-ref --format=%(refname)%00%(upstream:short)%00%(objectname)%00%(upstream:track)%00%(upstream:remotename)%00%(upstream:remoteref) refs/heads/main refs/remotes/main [34ms]
2024-06-29 20:44:24.227 [warning] No such branch: main.
2024-06-29 20:44:24.354 [info] > git status -z -uall [116ms]
2024-06-29 20:44:29.537 [info] No remotes found in the git config file.
2024-06-29 20:44:29.539 [info] > git config --get commit.template [11ms]
2024-06-29 20:44:29.541 [info] > git for-each-ref --format=%(refname)%00%(upstream:short)%00%(objectname)%00%(upstream:track)%00%(upstream:remotename)%00%(upstream:remoteref) refs/heads/main refs/remotes/main [4ms]
2024-06-29 20:44:29.541 [warning] No such branch: main.
2024-06-29 20:44:29.587 [info] > git status -z -uall [38ms]
2024-06-29 20:44:34.708 [info] No remotes found in the git config file.
2024-06-29 20:44:34.709 [info] > git config --get commit.template [14ms]
2024-06-29 20:44:34.714 [info] > git for-each-ref --format=%(refname)%00%(upstream:short)%00%(objectname)%00%(upstream:track)%00%(upstream:remotename)%00%(upstream:remoteref) refs/heads/main refs/remotes/main [7ms]
2024-06-29 20:44:34.714 [warning] No such branch: main.
2024-06-29 20:44:34.775 [info] > git status -z -uall [52ms]
2024-06-29 20:44:39.908 [info] No remotes found in the git config file.
2024-06-29 20:44:39.910 [info] > git config --get commit.template [13ms]
2024-06-29 20:44:39.911 [info] > git for-each-ref --format=%(refname)%00%(upstream:short)%00%(objectname)%00%(upstream:track)%00%(upstream:remotename)%00%(upstream:remoteref) refs/heads/main refs/remotes/main [4ms]
2024-06-29 20:44:39.911 [warning] No such branch: main.
2024-06-29 20:44:39.970 [info] > git status -z -uall [50ms]
