2024-06-30 19:59:56.457 [info] Reading sessions from keychain...
2024-06-30 19:59:56.457 [info] Getting sessions for all scopes...
2024-06-30 19:59:56.457 [info] Getting sessions for all scopes...
2024-06-30 19:59:56.457 [info] Getting sessions for user:email...
2024-06-30 19:59:56.815 [info] Getting sessions for read:user,repo,user:email,workflow...
2024-06-30 19:59:56.959 [info] Got 0 sessions for ...
2024-06-30 19:59:56.959 [info] Got 0 sessions for ...
2024-06-30 19:59:56.959 [info] Got 0 sessions for user:email...
2024-06-30 19:59:56.959 [info] Got 0 sessions for read:user,repo,user:email,workflow...
2024-06-30 20:02:51.623 [info] Logging in for the following scopes: user:email
2024-06-30 20:02:51.642 [info] Trying without local server... (user:email)
2024-06-30 20:04:18.608 [info] Exchanging code for token...
2024-06-30 20:04:20.625 [info] Token exchange success!
2024-06-30 20:04:20.674 [info] Getting user info...
2024-06-30 20:04:21.273 [info] Got account info!
2024-06-30 20:04:21.279 [info] Storing 1 sessions...
2024-06-30 20:04:21.300 [info] Reading sessions from keychain...
2024-06-30 20:04:21.301 [info] Stored 1 sessions!
2024-06-30 20:04:21.302 [info] Login success!
2024-06-30 20:04:21.350 [info] Getting sessions for user:email...
2024-06-30 20:04:21.351 [info] Getting sessions for user:email...
2024-06-30 20:04:21.352 [info] Got stored sessions!
2024-06-30 20:04:21.352 [info] Got 1 verified sessions.
2024-06-30 20:04:21.352 [info] Got 1 sessions for user:email...
2024-06-30 20:04:21.352 [info] Got 1 sessions for user:email...
2024-06-30 20:04:21.388 [info] Getting sessions for read:user,repo,user:email,workflow...
2024-06-30 20:04:21.388 [info] Got 0 sessions for read:user,repo,user:email,workflow...
