2024-06-03 14:03:31.675 [info] Extension host with pid 5451 started
2024-06-03 14:03:40.475 [info] ExtensionService#_doActivateExtension vscode.github-authentication, startup: false, activationEvent: 'onAuthenticationRequest:github'
2024-06-03 14:03:44.044 [info] ExtensionService#_doActivateExtension vscode.git-base, startup: true, activationEvent: '*', root cause: vscode.git
2024-06-03 14:03:44.134 [info] ExtensionService#_doActivateExtension akmittal.hugofy, startup: true, activationEvent: '*'
2024-06-03 14:03:44.184 [info] ExtensionService#_doActivateExtension christian-kohler.path-intellisense, startup: true, activationEvent: '*'
2024-06-03 14:03:44.867 [info] ExtensionService#_doActivateExtension ckolkman.vscode-postgres, startup: true, activationEvent: '*'
2024-06-03 14:03:49.710 [info] ExtensionService#_doActivateExtension formulahendry.auto-close-tag, startup: true, activationEvent: '*'
2024-06-03 14:03:49.768 [info] ExtensionService#_doActivateExtension formulahendry.auto-rename-tag, startup: true, activationEvent: '*'
2024-06-03 14:03:49.955 [info] ExtensionService#_doActivateExtension mtxr.sqltools, startup: true, activationEvent: '*'
2024-06-03 14:03:50.629 [info] ExtensionService#_doActivateExtension rusnasonov.vscode-hugo, startup: true, activationEvent: '*'
2024-06-03 14:03:50.985 [info] ExtensionService#_doActivateExtension Zignd.html-css-class-completion, startup: true, activationEvent: '*'
2024-06-03 14:03:55.631 [info] ExtensionService#_doActivateExtension vscode.git, startup: true, activationEvent: '*'
2024-06-03 14:03:56.664 [info] ExtensionService#_doActivateExtension vscode.github, startup: true, activationEvent: '*'
2024-06-03 14:03:57.091 [info] ExtensionService#_doActivateExtension vscode.debug-auto-launch, startup: false, activationEvent: 'onStartupFinished'
2024-06-03 14:03:57.111 [info] ExtensionService#_doActivateExtension vscode.merge-conflict, startup: false, activationEvent: 'onStartupFinished'
2024-06-03 14:03:57.356 [info] ExtensionService#_doActivateExtension bradlc.vscode-tailwindcss, startup: false, activationEvent: 'onStartupFinished'
2024-06-03 14:03:58.015 [info] ExtensionService#_doActivateExtension eliostruyf.vscode-hugo-themer, startup: false, activationEvent: 'onStartupFinished'
2024-06-03 14:03:58.082 [info] ExtensionService#_doActivateExtension ms-vscode-remote.remote-containers, startup: false, activationEvent: 'onStartupFinished'
2024-06-03 14:03:58.927 [info] ExtensionService#_doActivateExtension PKief.material-icon-theme, startup: false, activationEvent: 'onStartupFinished'
2024-06-03 14:03:59.090 [info] ExtensionService#_doActivateExtension Postman.postman-for-vscode, startup: false, activationEvent: 'onStartupFinished'
2024-06-03 14:04:04.491 [info] ExtensionService#_doActivateExtension mtxr.sqltools-driver-mssql, startup: true, activationEvent: '*'
2024-06-03 14:04:05.765 [info] Extension host terminating: renderer closed the MessagePort
2024-06-03 14:04:06.210 [info] Extension host with pid 5451 exiting with code 0
