2024-06-04 14:33:13.429 [info] Log level: Info
2024-06-04 14:33:13.429 [info] Validating found git in: "git"
2024-06-04 14:33:13.429 [info] Using git "2.39.2" from "git"
2024-06-04 14:33:13.429 [info] > git rev-parse --show-toplevel [68ms]
2024-06-04 14:33:13.443 [info] > git rev-parse --git-dir --git-common-dir [43ms]
2024-06-04 14:33:13.772 [info] Open repository: /home/sebastianr/github.com/sebastianromero/node/astro/chiletramite
2024-06-04 14:33:14.697 [info] > git rev-parse --show-toplevel [45ms]
2024-06-04 14:33:14.753 [info] > git config --get commit.template [142ms]
2024-06-04 14:33:15.590 [info] > git rev-parse --show-toplevel [252ms]
2024-06-04 14:33:15.668 [info] > git for-each-ref --format=%(refname)%00%(upstream:short)%00%(objectname)%00%(upstream:track)%00%(upstream:remotename)%00%(upstream:remoteref) refs/heads/main refs/remotes/main [281ms]
2024-06-04 14:33:15.787 [info] > git rev-parse --show-toplevel [120ms]
2024-06-04 14:33:15.964 [info] > git status -z -uall [203ms]
2024-06-04 14:33:16.551 [info] > git merge-base refs/heads/main refs/remotes/origin/main [556ms]
2024-06-04 14:33:16.708 [info] > git rev-parse --show-toplevel [755ms]
2024-06-04 14:33:16.917 [info] > git rev-list --count --left-right refs/heads/main...refs/remotes/origin/main [282ms]
2024-06-04 14:33:16.986 [info] > git config --get commit.template [465ms]
2024-06-04 14:33:17.402 [info] > git diff --name-status -z --diff-filter=ADMR dad4a8adf742859d722e2f3997b20edf59b5a137...refs/remotes/origin/main [415ms]
2024-06-04 14:33:17.405 [info] > git rev-parse --show-toplevel [488ms]
2024-06-04 14:33:17.518 [info] > git for-each-ref --format=%(refname)%00%(upstream:short)%00%(objectname)%00%(upstream:track)%00%(upstream:remotename)%00%(upstream:remoteref) refs/heads/main refs/remotes/main [74ms]
2024-06-04 14:33:17.631 [info] > git status -z -uall [48ms]
2024-06-04 14:33:17.740 [info] > git rev-parse --show-toplevel [237ms]
2024-06-04 14:33:17.933 [info] > git check-ignore -v -z --stdin [301ms]
2024-06-04 14:33:17.963 [info] > git rev-parse --show-toplevel [34ms]
2024-06-04 14:33:18.166 [info] > git rev-parse --show-toplevel [37ms]
2024-06-04 14:33:18.258 [info] > git rev-parse --show-toplevel [74ms]
2024-06-04 14:33:25.101 [info] > git fetch [11330ms]
2024-06-04 14:33:25.117 [info] From github.com:sebamgb/chiletramite.com
   dad4a8a..d432411  main       -> origin/main
 + ad8b51e...b029da4 dependabot/npm_and_yarn/astrojs/rss-4.0.6 -> origin/dependabot/npm_and_yarn/astrojs/rss-4.0.6  (forced update)
 + dffbf2e...442090b dependabot/npm_and_yarn/motion-10.18.0 -> origin/dependabot/npm_and_yarn/motion-10.18.0  (forced update)
2024-06-04 14:33:25.480 [info] > git config --get commit.template [144ms]
2024-06-04 14:33:25.671 [info] > git for-each-ref --format=%(refname)%00%(upstream:short)%00%(objectname)%00%(upstream:track)%00%(upstream:remotename)%00%(upstream:remoteref) refs/heads/main refs/remotes/main [55ms]
2024-06-04 14:33:25.761 [info] > git status -z -uall [52ms]
2024-06-04 14:33:26.105 [info] > git merge-base refs/heads/main refs/remotes/origin/main [181ms]
2024-06-04 14:33:26.291 [info] > git rev-list --count --left-right refs/heads/main...refs/remotes/origin/main [172ms]
2024-06-04 14:33:26.372 [info] > git diff --name-status -z --diff-filter=ADMR dad4a8adf742859d722e2f3997b20edf59b5a137...refs/remotes/origin/main [12ms]
2024-06-04 14:33:52.486 [info] > git show --textconv :src/pages/post/[...slug].astro [214ms]
2024-06-04 14:33:52.503 [info] > git ls-files --stage -- /home/sebastianr/github.com/sebastianromero/node/astro/chiletramite/src/pages/post/[...slug].astro [178ms]
2024-06-04 14:33:53.047 [info] > git cat-file -s 08aefc845092b4ba5e45b072d00bbe5283b55d8d [453ms]
2024-06-04 14:33:57.845 [info] > git merge-base refs/heads/main refs/remotes/origin/main [91ms]
2024-06-04 14:33:58.946 [info] > git rev-list --count --left-right refs/heads/main...refs/remotes/origin/main [1034ms]
2024-06-04 14:34:02.591 [info] > git check-ignore -v -z --stdin [153ms]
2024-06-04 14:34:30.608 [info] > git checkout -q -- /home/sebastianr/github.com/sebastianromero/node/astro/chiletramite/src/components/icons/linkedinIcon.astro [98ms]
2024-06-04 14:34:30.817 [info] > git config --get commit.template [94ms]
2024-06-04 14:34:30.884 [info] > git for-each-ref --format=%(refname)%00%(upstream:short)%00%(objectname)%00%(upstream:track)%00%(upstream:remotename)%00%(upstream:remoteref) refs/heads/main refs/remotes/main [19ms]
2024-06-04 14:34:31.009 [info] > git status -z -uall [78ms]
2024-06-04 14:34:32.308 [info] > git config --get commit.template [41ms]
2024-06-04 14:34:32.336 [info] > git for-each-ref --format=%(refname)%00%(upstream:short)%00%(objectname)%00%(upstream:track)%00%(upstream:remotename)%00%(upstream:remoteref) refs/heads/main refs/remotes/main [32ms]
2024-06-04 14:34:32.508 [info] > git status -z -uall [104ms]
2024-06-04 14:34:32.570 [info] > git ls-files --stage -- /home/sebastianr/github.com/sebastianromero/node/astro/chiletramite/src/pages/post/[...slug].astro [66ms]
2024-06-04 14:34:32.686 [info] > git cat-file -s 08aefc845092b4ba5e45b072d00bbe5283b55d8d [18ms]
2024-06-04 14:34:33.023 [info] > git show --textconv :src/pages/post/[...slug].astro [31ms]
2024-06-04 14:34:45.665 [info] > git checkout -q -- /home/sebastianr/github.com/sebastianromero/node/astro/chiletramite/src/components/icons/TwitterColorIcon.astro [565ms]
2024-06-04 14:34:45.799 [info] > git config --get commit.template [41ms]
2024-06-04 14:34:45.810 [info] > git for-each-ref --format=%(refname)%00%(upstream:short)%00%(objectname)%00%(upstream:track)%00%(upstream:remotename)%00%(upstream:remoteref) refs/heads/main refs/remotes/main [19ms]
2024-06-04 14:34:45.869 [info] > git status -z -uall [30ms]
2024-06-04 14:34:47.277 [info] > git ls-files --stage -- /home/sebastianr/github.com/sebastianromero/node/astro/chiletramite/src/pages/post/[...slug].astro [31ms]
2024-06-04 14:34:47.355 [info] > git cat-file -s 08aefc845092b4ba5e45b072d00bbe5283b55d8d [42ms]
2024-06-04 14:34:47.747 [info] > git show --textconv :src/pages/post/[...slug].astro [61ms]
2024-06-04 14:34:57.100 [info] > git show --textconv HEAD:src/pages/post/[...slug].astro [20ms]
2024-06-04 14:34:57.110 [info] > git ls-tree -l HEAD -- /home/sebastianr/github.com/sebastianromero/node/astro/chiletramite/src/pages/post/[...slug].astro [15ms]
2024-06-04 14:35:28.231 [info] > git checkout -q -- /home/sebastianr/github.com/sebastianromero/node/astro/chiletramite/src/pages/post/[...slug].astro [93ms]
2024-06-04 14:35:28.318 [info] > git config --get commit.template [3ms]
2024-06-04 14:35:28.335 [info] > git ls-tree -l HEAD -- /home/sebastianr/github.com/sebastianromero/node/astro/chiletramite/src/pages/post/[...slug].astro [52ms]
2024-06-04 14:35:28.348 [info] > git for-each-ref --format=%(refname)%00%(upstream:short)%00%(objectname)%00%(upstream:track)%00%(upstream:remotename)%00%(upstream:remoteref) refs/heads/main refs/remotes/main [15ms]
2024-06-04 14:35:28.371 [info] > git status -z -uall [8ms]
2024-06-04 14:35:29.536 [info] > git config --get commit.template [63ms]
2024-06-04 14:35:29.550 [info] > git for-each-ref --format=%(refname)%00%(upstream:short)%00%(objectname)%00%(upstream:track)%00%(upstream:remotename)%00%(upstream:remoteref) refs/heads/main refs/remotes/main [21ms]
2024-06-04 14:35:29.602 [info] > git status -z -uall [17ms]
2024-06-04 14:35:29.850 [info] > git ls-tree -l HEAD -- /home/sebastianr/github.com/sebastianromero/node/astro/chiletramite/src/pages/post/[...slug].astro [8ms]
2024-06-04 14:35:30.070 [info] > git show --textconv HEAD:src/pages/post/[...slug].astro [23ms]
2024-06-04 14:35:34.689 [info] > git config --get commit.template [7ms]
2024-06-04 14:35:34.741 [info] > git for-each-ref --format=%(refname)%00%(upstream:short)%00%(objectname)%00%(upstream:track)%00%(upstream:remotename)%00%(upstream:remoteref) refs/heads/main refs/remotes/main [8ms]
2024-06-04 14:35:34.833 [info] > git status -z -uall [57ms]
2024-06-04 14:35:38.908 [info] > git show --textconv HEAD:src/components/Share.astro [40ms]
2024-06-04 14:35:38.941 [info] > git ls-tree -l HEAD -- /home/sebastianr/github.com/sebastianromero/node/astro/chiletramite/src/components/Share.astro [33ms]
2024-06-04 14:35:51.551 [info] > git checkout -q -- /home/sebastianr/github.com/sebastianromero/node/astro/chiletramite/src/components/Share.astro [6ms]
2024-06-04 14:35:51.689 [info] > git config --get commit.template [46ms]
2024-06-04 14:35:51.727 [info] > git ls-tree -l HEAD -- /home/sebastianr/github.com/sebastianromero/node/astro/chiletramite/src/components/Share.astro [23ms]
2024-06-04 14:35:51.737 [info] > git for-each-ref --format=%(refname)%00%(upstream:short)%00%(objectname)%00%(upstream:track)%00%(upstream:remotename)%00%(upstream:remoteref) refs/heads/main refs/remotes/main [12ms]
2024-06-04 14:35:51.761 [info] > git status -z -uall [8ms]
2024-06-04 14:35:53.003 [info] > git config --get commit.template [105ms]
2024-06-04 14:35:53.068 [info] > git for-each-ref --format=%(refname)%00%(upstream:short)%00%(objectname)%00%(upstream:track)%00%(upstream:remotename)%00%(upstream:remoteref) refs/heads/main refs/remotes/main [69ms]
2024-06-04 14:35:53.182 [info] > git status -z -uall [43ms]
2024-06-04 14:35:53.302 [info] > git ls-tree -l HEAD -- /home/sebastianr/github.com/sebastianromero/node/astro/chiletramite/src/components/Share.astro [28ms]
2024-06-04 14:35:53.465 [info] > git show --textconv HEAD:src/components/Share.astro [60ms]
2024-06-04 14:35:56.885 [info] > git ls-tree -l HEAD -- /home/sebastianr/github.com/sebastianromero/node/astro/chiletramite/src/layouts/BaseLayout.astro [12ms]
2024-06-04 14:35:56.888 [info] > git show --textconv HEAD:src/layouts/BaseLayout.astro [49ms]
2024-06-04 14:36:25.905 [info] > git checkout -q -- /home/sebastianr/github.com/sebastianromero/node/astro/chiletramite/src/layouts/BaseLayout.astro [2ms]
2024-06-04 14:36:26.159 [info] > git ls-tree -l HEAD -- /home/sebastianr/github.com/sebastianromero/node/astro/chiletramite/src/layouts/BaseLayout.astro [62ms]
2024-06-04 14:36:26.186 [info] > git config --get commit.template [62ms]
2024-06-04 14:36:26.248 [info] > git for-each-ref --format=%(refname)%00%(upstream:short)%00%(objectname)%00%(upstream:track)%00%(upstream:remotename)%00%(upstream:remoteref) refs/heads/main refs/remotes/main [14ms]
2024-06-04 14:36:26.311 [info] > git status -z -uall [12ms]
2024-06-04 14:36:27.956 [info] > git ls-tree -l HEAD -- /home/sebastianr/github.com/sebastianromero/node/astro/chiletramite/src/layouts/BaseLayout.astro [12ms]
2024-06-04 14:36:28.064 [info] > git show --textconv HEAD:src/layouts/BaseLayout.astro [47ms]
2024-06-04 14:36:34.702 [info] > git fetch [8345ms]
2024-06-04 14:36:34.763 [info] > git config --get commit.template [28ms]
2024-06-04 14:36:34.781 [info] > git for-each-ref --format=%(refname)%00%(upstream:short)%00%(objectname)%00%(upstream:track)%00%(upstream:remotename)%00%(upstream:remoteref) refs/heads/main refs/remotes/main [19ms]
2024-06-04 14:36:34.816 [info] > git status -z -uall [14ms]
2024-06-04 14:36:35.616 [info] > git ls-tree -l HEAD -- /home/sebastianr/github.com/sebastianromero/node/astro/chiletramite/src/layouts/BaseLayout.astro [14ms]
2024-06-04 14:36:35.646 [info] > git show --textconv HEAD:src/layouts/BaseLayout.astro [9ms]
2024-06-04 14:36:36.743 [info] > git for-each-ref --format=%(refname)%00%(upstream:short)%00%(objectname)%00%(upstream:track)%00%(upstream:remotename)%00%(upstream:remoteref) refs/heads/main refs/remotes/main [46ms]
2024-06-04 14:36:36.744 [info] > git config --get commit.template [123ms]
2024-06-04 14:36:36.883 [info] > git status -z -uall [43ms]
2024-06-04 14:36:39.903 [info] > git log --oneline --cherry main...main@{upstream} -- [19ms]
2024-06-04 14:36:41.384 [info] > git ls-tree -l HEAD -- /home/sebastianr/github.com/sebastianromero/node/astro/chiletramite/src/layouts/BaseLayout.astro [26ms]
2024-06-04 14:36:41.486 [info] > git show --textconv HEAD:src/layouts/BaseLayout.astro [29ms]
2024-06-04 14:36:48.418 [info] > git pull --tags origin main [8472ms]
2024-06-04 14:36:48.420 [info] From github.com:sebamgb/chiletramite.com
 * branch            main       -> FETCH_HEAD
2024-06-04 14:36:48.525 [info] > git config --get commit.template [84ms]
2024-06-04 14:36:48.526 [info] > git for-each-ref --format=%(refname)%00%(upstream:short)%00%(objectname)%00%(upstream:track)%00%(upstream:remotename)%00%(upstream:remoteref) refs/heads/main refs/remotes/main [52ms]
2024-06-04 14:36:48.594 [info] > git status -z -uall [34ms]
2024-06-04 14:36:48.824 [info] > git merge-base refs/heads/main refs/remotes/origin/main [120ms]
2024-06-04 14:36:49.236 [info] > git merge-base refs/heads/main refs/remotes/origin/main [350ms]
2024-06-04 14:36:49.341 [info] > git rev-list --count --left-right refs/heads/main...refs/remotes/origin/main [493ms]
2024-06-04 14:36:49.475 [info] > git diff --name-status -z --diff-filter=ADMR d432411871dff5d67ef975a2831377103851e79e...refs/remotes/origin/main [67ms]
2024-06-04 14:36:49.494 [info] > git rev-list --count --left-right refs/heads/main...refs/remotes/origin/main [153ms]
2024-06-04 14:36:50.348 [info] > git ls-tree -l HEAD -- /home/sebastianr/github.com/sebastianromero/node/astro/chiletramite/src/layouts/BaseLayout.astro [15ms]
2024-06-04 14:36:50.512 [info] > git show --textconv HEAD:src/layouts/BaseLayout.astro [4ms]
2024-06-04 14:36:51.362 [info] > git config --get commit.template [5ms]
2024-06-04 14:36:51.412 [info] > git for-each-ref --format=%(refname)%00%(upstream:short)%00%(objectname)%00%(upstream:track)%00%(upstream:remotename)%00%(upstream:remoteref) refs/heads/main refs/remotes/main [16ms]
2024-06-04 14:36:51.601 [info] > git status -z -uall [90ms]
2024-06-04 14:36:57.337 [info] > git check-ignore -v -z --stdin [27ms]
2024-06-04 14:37:01.229 [info] > git check-ignore -v -z --stdin [5ms]
2024-06-04 14:37:02.410 [info] > git check-ignore -v -z --stdin [4ms]
2024-06-04 14:37:03.586 [info] > git check-ignore -v -z --stdin [7ms]
2024-06-04 14:37:06.031 [info] > git check-ignore -v -z --stdin [5ms]
2024-06-04 14:37:17.325 [info] > git show --textconv :package.json [607ms]
2024-06-04 14:37:17.328 [info] > git ls-files --stage -- /home/sebastianr/github.com/sebastianromero/node/astro/chiletramite/package.json [199ms]
2024-06-04 14:37:17.366 [info] > git cat-file -s 7ff079a72beb2fe7286258a5e70c421473998a40 [24ms]
2024-06-04 14:38:57.212 [info] > git config --get commit.template [171ms]
2024-06-04 14:38:57.239 [info] > git for-each-ref --format=%(refname)%00%(upstream:short)%00%(objectname)%00%(upstream:track)%00%(upstream:remotename)%00%(upstream:remoteref) refs/heads/main refs/remotes/main [31ms]
2024-06-04 14:38:57.456 [info] > git status -z -uall [167ms]
2024-06-04 14:39:12.199 [info] > git config --get commit.template [13ms]
2024-06-04 14:39:12.209 [info] > git for-each-ref --format=%(refname)%00%(upstream:short)%00%(objectname)%00%(upstream:track)%00%(upstream:remotename)%00%(upstream:remoteref) refs/heads/main refs/remotes/main [12ms]
2024-06-04 14:39:12.263 [info] > git status -z -uall [39ms]
2024-06-04 14:39:36.862 [info] > git ls-files --stage -- /home/sebastianr/github.com/sebastianromero/node/astro/chiletramite/package.json [32ms]
2024-06-04 14:39:36.897 [info] > git cat-file -s 7ff079a72beb2fe7286258a5e70c421473998a40 [11ms]
2024-06-04 14:39:36.942 [info] > git show --textconv :package.json [14ms]
2024-06-04 14:39:43.314 [info] > git fetch [8439ms]
2024-06-04 14:39:43.416 [info] > git for-each-ref --format=%(refname)%00%(upstream:short)%00%(objectname)%00%(upstream:track)%00%(upstream:remotename)%00%(upstream:remoteref) refs/heads/main refs/remotes/main [14ms]
2024-06-04 14:39:43.417 [info] > git config --get commit.template [73ms]
2024-06-04 14:39:43.844 [info] > git status -z -uall [382ms]
2024-06-04 14:39:44.535 [info] > git ls-files --stage -- /home/sebastianr/github.com/sebastianromero/node/astro/chiletramite/package.json [1ms]
2024-06-04 14:39:44.582 [info] > git cat-file -s 7ff079a72beb2fe7286258a5e70c421473998a40 [8ms]
2024-06-04 14:39:44.633 [info] > git show --textconv :package.json [18ms]
2024-06-04 14:39:46.027 [info] > git config --get commit.template [25ms]
2024-06-04 14:39:46.045 [info] > git for-each-ref --format=%(refname)%00%(upstream:short)%00%(objectname)%00%(upstream:track)%00%(upstream:remotename)%00%(upstream:remoteref) refs/heads/main refs/remotes/main [18ms]
2024-06-04 14:39:46.079 [info] > git status -z -uall [18ms]
2024-06-04 14:54:48.305 [info] > git ls-files --stage -- /home/sebastianr/github.com/sebastianromero/node/astro/chiletramite/package.json [7ms]
2024-06-04 14:54:48.354 [info] > git cat-file -s 7ff079a72beb2fe7286258a5e70c421473998a40 [25ms]
2024-06-04 14:54:48.386 [info] > git show --textconv :package.json [10ms]
2024-06-04 14:54:55.314 [info] > git fetch [8354ms]
2024-06-04 14:54:55.337 [info] > git config --get commit.template [5ms]
2024-06-04 14:54:55.354 [info] > git for-each-ref --format=%(refname)%00%(upstream:short)%00%(objectname)%00%(upstream:track)%00%(upstream:remotename)%00%(upstream:remoteref) refs/heads/main refs/remotes/main [7ms]
2024-06-04 14:54:55.384 [info] > git status -z -uall [20ms]
2024-06-04 14:54:56.263 [info] > git ls-files --stage -- /home/sebastianr/github.com/sebastianromero/node/astro/chiletramite/package.json [4ms]
2024-06-04 14:54:56.279 [info] > git cat-file -s 7ff079a72beb2fe7286258a5e70c421473998a40 [6ms]
2024-06-04 14:54:56.300 [info] > git show --textconv :package.json [1ms]
2024-06-04 14:54:57.267 [info] > git config --get commit.template [12ms]
2024-06-04 14:54:57.273 [info] > git for-each-ref --format=%(refname)%00%(upstream:short)%00%(objectname)%00%(upstream:track)%00%(upstream:remotename)%00%(upstream:remoteref) refs/heads/main refs/remotes/main [6ms]
2024-06-04 14:54:57.301 [info] > git status -z -uall [15ms]
