2024-07-02 18:10:05.446 [info] Log level: Info
2024-07-02 18:10:05.446 [info] Validating found git in: "git"
2024-07-02 18:10:05.446 [info] Using git "2.34.1" from "git"
2024-07-02 18:10:05.446 [info] > git rev-parse --show-toplevel [26ms]
2024-07-02 18:10:05.485 [info] > git rev-parse --git-dir --git-common-dir [15ms]
2024-07-02 18:10:05.552 [info] Open repository: /home/sebastian/.dotfiles
2024-07-02 18:10:05.680 [info] > git config --get commit.template [64ms]
2024-07-02 18:10:05.688 [info] > git rev-parse --show-toplevel [46ms]
2024-07-02 18:10:05.719 [info] > git for-each-ref --format=%(refname)%00%(upstream:short)%00%(objectname)%00%(upstream:track)%00%(upstream:remotename)%00%(upstream:remoteref) refs/heads/main refs/remotes/main [47ms]
2024-07-02 18:10:05.754 [info] > git rev-parse --show-toplevel [37ms]
2024-07-02 18:10:05.786 [info] > git rev-parse --git-dir --git-common-dir [5ms]
2024-07-02 18:10:05.928 [info] Open repository: /home/sebastian/.dotfiles/alacritty
2024-07-02 18:10:05.992 [info] > git config --get commit.template [28ms]
2024-07-02 18:10:06.040 [info] > git rev-parse --show-toplevel [53ms]
2024-07-02 18:10:06.092 [info] > git for-each-ref --format=%(refname)%00%(upstream:short)%00%(objectname)%00%(upstream:track)%00%(upstream:remotename)%00%(upstream:remoteref) refs/heads/master refs/remotes/master [59ms]
2024-07-02 18:10:06.129 [info] > git rev-parse --show-toplevel [41ms]
2024-07-02 18:10:06.181 [info] > git rev-parse --git-dir --git-common-dir [23ms]
2024-07-02 18:10:06.237 [info] Open repository: /home/sebastian/.dotfiles/powerlevel10k
2024-07-02 18:10:06.274 [info] > git status -z -uall [147ms]
2024-07-02 18:10:06.418 [info] > git merge-base refs/heads/master refs/remotes/origin/master [105ms]
2024-07-02 18:10:06.476 [info] > git config --get commit.template [204ms]
2024-07-02 18:10:06.504 [info] > git status -z -uall [752ms]
2024-07-02 18:10:06.504 [info] > git config --get commit.template [95ms]
2024-07-02 18:10:06.701 [info] > git merge-base refs/heads/main refs/remotes/origin/main [147ms]
2024-07-02 18:10:06.718 [info] > git rev-list --count --left-right refs/heads/master...refs/remotes/origin/master [242ms]
2024-07-02 18:10:06.866 [info] > git diff --name-status -z --diff-filter=ADMR 138ac426bfeb73db4f00d13a9126527d02c1e867...refs/remotes/origin/master [132ms]
2024-07-02 18:10:06.868 [info] > git rev-list --count --left-right refs/heads/main...refs/remotes/origin/main [151ms]
2024-07-02 18:10:06.881 [info] > git config --get commit.template [185ms]
2024-07-02 18:10:06.881 [info] > git for-each-ref --format=%(refname)%00%(upstream:short)%00%(objectname)%00%(upstream:track)%00%(upstream:remotename)%00%(upstream:remoteref) refs/heads/master refs/remotes/master [202ms]
2024-07-02 18:10:06.894 [info] > git for-each-ref --format=%(refname)%00%(upstream:short)%00%(objectname)%00%(upstream:track)%00%(upstream:remotename)%00%(upstream:remoteref) refs/heads/master refs/remotes/master [51ms]
2024-07-02 18:10:06.920 [info] > git for-each-ref --format=%(refname)%00%(upstream:short)%00%(objectname)%00%(upstream:track)%00%(upstream:remotename)%00%(upstream:remoteref) refs/heads/main refs/remotes/main [5ms]
2024-07-02 18:10:06.921 [info] > git diff --name-status -z --diff-filter=ADMR 2b1bcdc31a68ef410a0866f971ee0024b472a619...refs/remotes/origin/main [41ms]
2024-07-02 18:10:06.978 [info] > git status -z -uall [32ms]
2024-07-02 18:10:07.051 [info] > git status -z -uall [74ms]
2024-07-02 18:10:07.051 [info] > git merge-base refs/heads/master refs/remotes/origin/master [48ms]
2024-07-02 18:10:07.149 [info] > git rev-list --count --left-right refs/heads/master...refs/remotes/origin/master [48ms]
2024-07-02 18:10:07.191 [info] > git config --get commit.template [141ms]
2024-07-02 18:10:07.215 [info] > git rev-parse --show-toplevel [67ms]
2024-07-02 18:10:07.215 [info] > git fetch [1664ms]
2024-07-02 18:10:07.269 [info] > git status -z -uall [238ms] (cancelled)
2024-07-02 18:10:07.270 [info] > git for-each-ref --format=%(refname)%00%(upstream:short)%00%(objectname)%00%(upstream:track)%00%(upstream:remotename)%00%(upstream:remoteref) refs/heads/master refs/remotes/master [56ms]
2024-07-02 18:10:07.270 [info] > git diff --name-status -z --diff-filter=ADMR 2b7da93df04acd04d84f5de827e5b14077839a4b...refs/remotes/origin/master [80ms]
2024-07-02 18:10:07.292 [info] > git config --get commit.template [23ms]
2024-07-02 18:10:07.301 [info] > git rev-parse --git-dir --git-common-dir [42ms]
2024-07-02 18:10:07.360 [info] Open repository: /home/sebastian/.dotfiles/.config/nvim
2024-07-02 18:10:07.423 [info] > git config --get commit.template [39ms]
2024-07-02 18:10:07.438 [info] > git for-each-ref --format=%(refname)%00%(upstream:short)%00%(objectname)%00%(upstream:track)%00%(upstream:remotename)%00%(upstream:remoteref) refs/heads/main refs/remotes/main [31ms]
2024-07-02 18:10:07.439 [info] > git fetch [1203ms]
2024-07-02 18:10:07.469 [info] > git status -z -uall [46ms] (cancelled)
2024-07-02 18:10:07.472 [info] > git for-each-ref --format=%(refname)%00%(upstream:short)%00%(objectname)%00%(upstream:track)%00%(upstream:remotename)%00%(upstream:remoteref) refs/heads/main refs/remotes/main [34ms]
2024-07-02 18:10:07.487 [warning] ENOENT: no such file or directory, open '/home/sebastian/.dotfiles/.config/nvim/.git/refs/remotes/origin/main'
2024-07-02 18:10:07.551 [info] > git config --get commit.template [83ms]
2024-07-02 18:10:07.619 [info] > git for-each-ref --format=%(refname)%00%(upstream:short)%00%(objectname)%00%(upstream:track)%00%(upstream:remotename)%00%(upstream:remoteref) refs/heads/master refs/remotes/master [69ms]
2024-07-02 18:10:07.619 [info] > git rev-parse refs/remotes/origin/main [133ms]
2024-07-02 18:10:07.678 [info] > git status -z -uall [41ms]
2024-07-02 18:10:07.759 [info] > git merge-base refs/heads/main refs/remotes/origin/main [49ms]
2024-07-02 18:10:07.778 [info] > git fetch [1850ms]
2024-07-02 18:10:07.778 [info] From https://github.com/alacritty/alacritty
   138ac426..5e6b92db  master     -> origin/master
2024-07-02 18:10:07.816 [info] > git status -z -uall [310ms]
2024-07-02 18:10:07.817 [info] > git config --get commit.template [59ms]
2024-07-02 18:10:07.846 [info] > git rev-list --count --left-right refs/heads/main...refs/remotes/origin/main [69ms]
2024-07-02 18:10:07.894 [info] > git status -z -uall [63ms]
2024-07-02 18:10:07.902 [info] > git config --get commit.template [86ms]
2024-07-02 18:10:07.946 [info] > git diff --name-status -z --diff-filter=ADMR 41c5b467339d34460c921a1764c4da5a07cdddf7...refs/remotes/origin/main [74ms]
2024-07-02 18:10:08.018 [info] > git for-each-ref --format=%(refname)%00%(upstream:short)%00%(objectname)%00%(upstream:track)%00%(upstream:remotename)%00%(upstream:remoteref) refs/heads/master refs/remotes/master [73ms]
2024-07-02 18:10:08.019 [info] > git for-each-ref --format=%(refname)%00%(upstream:short)%00%(objectname)%00%(upstream:track)%00%(upstream:remotename)%00%(upstream:remoteref) refs/heads/main refs/remotes/main [126ms]
2024-07-02 18:10:08.051 [warning] ENOENT: no such file or directory, open '/home/sebastian/.dotfiles/.config/nvim/.git/refs/remotes/origin/main'
2024-07-02 18:10:08.089 [info] > git rev-parse refs/remotes/origin/main [39ms]
2024-07-02 18:10:08.273 [info] > git status -z -uall [185ms]
2024-07-02 18:10:08.273 [info] > git status -z -uall [138ms]
2024-07-02 18:10:08.274 [info] > git check-ignore -v -z --stdin [114ms]
2024-07-02 18:10:08.282 [info] > git check-ignore -v -z --stdin [69ms]
2024-07-02 18:10:08.289 [info] > git check-ignore -v -z --stdin [32ms]
2024-07-02 18:10:08.440 [info] > git merge-base refs/heads/master refs/remotes/origin/master [90ms]
2024-07-02 18:10:08.464 [info] > git fetch [1105ms]
2024-07-02 18:10:08.587 [info] > git rev-list --count --left-right refs/heads/master...refs/remotes/origin/master [120ms]
2024-07-02 18:10:08.862 [info] > git diff --name-status -z --diff-filter=ADMR 138ac426bfeb73db4f00d13a9126527d02c1e867...refs/remotes/origin/master [221ms]
2024-07-02 18:10:08.872 [info] > git config --get commit.template [289ms]
2024-07-02 18:10:08.931 [info] > git for-each-ref --format=%(refname)%00%(upstream:short)%00%(objectname)%00%(upstream:track)%00%(upstream:remotename)%00%(upstream:remoteref) refs/heads/main refs/remotes/main [19ms]
2024-07-02 18:10:08.956 [warning] ENOENT: no such file or directory, open '/home/sebastian/.dotfiles/.config/nvim/.git/refs/remotes/origin/main'
2024-07-02 18:10:08.970 [info] > git rev-parse refs/remotes/origin/main [14ms]
2024-07-02 18:10:08.984 [info] > git status -z -uall [7ms]
2024-07-02 18:10:09.577 [info] > git check-ignore -v -z --stdin [38ms]
2024-07-02 18:10:09.579 [info] > git check-ignore -v -z --stdin [17ms]
2024-07-02 18:10:09.584 [info] > git check-ignore -v -z --stdin [10ms]
2024-07-02 18:10:13.380 [info] > git show --textconv :.gitmodules [17ms]
2024-07-02 18:10:13.404 [info] > git ls-files --stage -- /home/sebastian/.dotfiles/.gitmodules [25ms]
2024-07-02 18:10:13.435 [info] > git cat-file -s 4709cc34b038a502d9ad7aa67b30a7fef46118d2 [16ms]
2024-07-02 18:10:27.291 [info] > git config --get commit.template [2ms]
2024-07-02 18:10:27.307 [info] > git for-each-ref --format=%(refname)%00%(upstream:short)%00%(objectname)%00%(upstream:track)%00%(upstream:remotename)%00%(upstream:remoteref) refs/heads/main refs/remotes/main [7ms]
2024-07-02 18:10:27.450 [info] > git status -z -uall [128ms]
2024-07-02 18:10:32.502 [info] > git config --get commit.template [12ms]
2024-07-02 18:10:32.506 [info] > git for-each-ref --format=%(refname)%00%(upstream:short)%00%(objectname)%00%(upstream:track)%00%(upstream:remotename)%00%(upstream:remoteref) refs/heads/main refs/remotes/main [5ms]
2024-07-02 18:10:32.622 [info] > git status -z -uall [104ms]
2024-07-02 18:10:47.215 [info] > git config --get commit.template [12ms]
2024-07-02 18:10:47.217 [info] > git for-each-ref --format=%(refname)%00%(upstream:short)%00%(objectname)%00%(upstream:track)%00%(upstream:remotename)%00%(upstream:remoteref) refs/heads/main refs/remotes/main [4ms]
2024-07-02 18:10:47.367 [info] > git status -z -uall [140ms]
2024-07-02 18:10:58.995 [info] > git config --get commit.template [3ms]
2024-07-02 18:10:59.010 [info] > git for-each-ref --format=%(refname)%00%(upstream:short)%00%(objectname)%00%(upstream:track)%00%(upstream:remotename)%00%(upstream:remoteref) refs/heads/main refs/remotes/main [4ms]
2024-07-02 18:10:59.127 [info] > git status -z -uall [108ms]
2024-07-02 18:12:09.596 [info] > git config --get commit.template [15ms]
2024-07-02 18:12:09.605 [info] > git for-each-ref --format=%(refname)%00%(upstream:short)%00%(objectname)%00%(upstream:track)%00%(upstream:remotename)%00%(upstream:remoteref) refs/heads/main refs/remotes/main [11ms]
2024-07-02 18:12:09.698 [info] > git check-ignore -v -z --stdin [9ms]
2024-07-02 18:12:09.963 [info] > git status -z -uall [342ms]
