2024-06-03 14:04:20.488 [info] Log level: Info
2024-06-03 14:04:20.488 [info] Validating found git in: "git"
2024-06-03 14:04:20.488 [info] Using git "2.39.2" from "git"
2024-06-03 14:04:20.488 [info] > git rev-parse --show-toplevel [625ms]
2024-06-03 14:04:20.488 [info] > git rev-parse --git-dir --git-common-dir [187ms]
2024-06-03 14:04:20.488 [info] Open repository: /home/sebastianr/github.com/sebastianromero/node/astro/chiletramite
2024-06-03 14:04:20.488 [info] > git rev-parse --show-toplevel [231ms]
2024-06-03 14:04:20.488 [info] > git config --get commit.template [273ms]
2024-06-03 14:04:20.488 [info] > git rev-parse --show-toplevel [346ms]
2024-06-03 14:04:20.488 [info] > git for-each-ref --format=%(refname)%00%(upstream:short)%00%(objectname)%00%(upstream:track)%00%(upstream:remotename)%00%(upstream:remoteref) refs/heads/main refs/remotes/main [217ms]
2024-06-03 14:04:20.508 [info] > git rev-parse --show-toplevel [117ms]
2024-06-03 14:04:20.963 [info] > git rev-parse --show-toplevel [344ms]
2024-06-03 14:04:21.133 [info] > git status -z -uall [176ms]
2024-06-03 14:04:21.318 [info] > git merge-base refs/heads/main refs/remotes/origin/main [130ms]
2024-06-03 14:04:21.343 [info] > git rev-parse --show-toplevel [213ms]
2024-06-03 14:04:21.363 [info] > git config --get commit.template [50ms]
2024-06-03 14:04:21.396 [info] > git rev-parse --show-toplevel [36ms]
2024-06-03 14:04:21.464 [info] > git for-each-ref --format=%(refname)%00%(upstream:short)%00%(objectname)%00%(upstream:track)%00%(upstream:remotename)%00%(upstream:remoteref) refs/heads/main refs/remotes/main [71ms]
2024-06-03 14:04:21.489 [info] > git rev-list --count --left-right refs/heads/main...refs/remotes/origin/main [147ms]
2024-06-03 14:04:21.582 [info] > git rev-parse --show-toplevel [129ms]
2024-06-03 14:04:21.659 [info] > git diff --name-status -z --diff-filter=ADMR dad4a8adf742859d722e2f3997b20edf59b5a137...refs/remotes/origin/main [83ms]
2024-06-03 14:04:21.723 [info] > git rev-parse --show-toplevel [72ms]
2024-06-03 14:04:21.741 [info] > git rev-parse --show-toplevel [6ms]
2024-06-03 14:04:21.792 [info] > git status -z -uall [71ms]
2024-06-03 14:04:23.051 [info] > git check-ignore -v -z --stdin [75ms]
2024-06-03 14:04:25.014 [info] > git show --textconv :src/components/Share.astro [258ms]
2024-06-03 14:04:25.015 [info] > git ls-files --stage -- /home/sebastianr/github.com/sebastianromero/node/astro/chiletramite/src/components/Share.astro [129ms]
2024-06-03 14:04:25.165 [info] > git cat-file -s 49892dec292fbd49a1275bfc4cbc345f5bb0fd5d [33ms]
2024-06-03 14:04:29.736 [info] > git fetch [10638ms]
2024-06-03 14:04:29.736 [info] From github.com:sebamgb/chiletramite.com
 * [new branch]      dependabot/npm_and_yarn/motion-10.18.0 -> origin/dependabot/npm_and_yarn/motion-10.18.0
 * [new branch]      dependabot/npm_and_yarn/typescript-eslint/parser-7.11.0 -> origin/dependabot/npm_and_yarn/typescript-eslint/parser-7.11.0
2024-06-03 14:04:29.950 [info] > git config --get commit.template [81ms]
2024-06-03 14:04:29.954 [info] > git for-each-ref --format=%(refname)%00%(upstream:short)%00%(objectname)%00%(upstream:track)%00%(upstream:remotename)%00%(upstream:remoteref) refs/heads/main refs/remotes/main [43ms]
2024-06-03 14:04:30.149 [info] > git status -z -uall [50ms]
2024-06-03 14:04:32.218 [info] > git ls-files --stage -- /home/sebastianr/github.com/sebastianromero/node/astro/chiletramite/src/components/Share.astro [403ms]
2024-06-03 14:04:33.372 [info] > git cat-file -s 49892dec292fbd49a1275bfc4cbc345f5bb0fd5d [1068ms]
2024-06-03 14:04:33.830 [info] > git show --textconv :src/components/Share.astro [45ms]
2024-06-03 14:07:18.097 [info] > git config --get commit.template [33ms]
2024-06-03 14:07:18.116 [info] > git for-each-ref --format=%(refname)%00%(upstream:short)%00%(objectname)%00%(upstream:track)%00%(upstream:remotename)%00%(upstream:remoteref) refs/heads/main refs/remotes/main [26ms]
2024-06-03 14:07:18.196 [info] > git status -z -uall [31ms]
2024-06-03 14:07:31.563 [info] > git ls-files --stage -- /home/sebastianr/github.com/sebastianromero/node/astro/chiletramite/src/components/Share.astro [9ms]
2024-06-03 14:07:31.594 [info] > git cat-file -s 49892dec292fbd49a1275bfc4cbc345f5bb0fd5d [17ms]
2024-06-03 14:07:31.641 [info] > git show --textconv :src/components/Share.astro [8ms]
2024-06-03 14:07:38.584 [info] > git fetch [8385ms]
2024-06-03 14:07:38.630 [info] > git config --get commit.template [23ms]
2024-06-03 14:07:38.643 [info] > git for-each-ref --format=%(refname)%00%(upstream:short)%00%(objectname)%00%(upstream:track)%00%(upstream:remotename)%00%(upstream:remoteref) refs/heads/main refs/remotes/main [15ms]
2024-06-03 14:07:38.679 [info] > git status -z -uall [16ms]
2024-06-03 14:07:39.542 [info] > git ls-files --stage -- /home/sebastianr/github.com/sebastianromero/node/astro/chiletramite/src/components/Share.astro [20ms]
2024-06-03 14:07:39.579 [info] > git cat-file -s 49892dec292fbd49a1275bfc4cbc345f5bb0fd5d [8ms]
2024-06-03 14:07:39.654 [info] > git show --textconv :src/components/Share.astro [25ms]
2024-06-03 14:08:03.762 [info] > git config --get commit.template [13ms]
2024-06-03 14:08:03.767 [info] > git for-each-ref --format=%(refname)%00%(upstream:short)%00%(objectname)%00%(upstream:track)%00%(upstream:remotename)%00%(upstream:remoteref) refs/heads/main refs/remotes/main [6ms]
2024-06-03 14:08:03.796 [info] > git status -z -uall [19ms]
2024-06-03 14:08:22.965 [info] > git check-ignore -v -z --stdin [20ms]
2024-06-03 14:08:24.783 [info] > git show --textconv :src/pages/post/[...slug].astro [26ms]
2024-06-03 14:08:24.804 [info] > git ls-files --stage -- /home/sebastianr/github.com/sebastianromero/node/astro/chiletramite/src/pages/post/[...slug].astro [32ms]
2024-06-03 14:08:24.835 [info] > git cat-file -s 08aefc845092b4ba5e45b072d00bbe5283b55d8d [7ms]
2024-06-03 14:08:24.902 [info] > git check-ignore -v -z --stdin [9ms]
2024-06-03 14:10:18.275 [info] > git config --get commit.template [13ms]
2024-06-03 14:10:18.280 [info] > git for-each-ref --format=%(refname)%00%(upstream:short)%00%(objectname)%00%(upstream:track)%00%(upstream:remotename)%00%(upstream:remoteref) refs/heads/main refs/remotes/main [7ms]
2024-06-03 14:10:18.296 [info] > git status -z -uall [7ms]
2024-06-03 14:10:39.962 [info] > git ls-files --stage -- /home/sebastianr/github.com/sebastianromero/node/astro/chiletramite/src/pages/post/[...slug].astro [6ms]
2024-06-03 14:10:39.978 [info] > git cat-file -s 08aefc845092b4ba5e45b072d00bbe5283b55d8d [5ms]
2024-06-03 14:10:40.007 [info] > git show --textconv :src/pages/post/[...slug].astro [6ms]
2024-06-03 14:10:45.389 [info] > git check-ignore -v -z --stdin [3ms]
2024-06-03 14:10:46.738 [info] > git fetch [8018ms]
2024-06-03 14:10:46.761 [info] > git config --get commit.template [13ms]
2024-06-03 14:10:46.767 [info] > git for-each-ref --format=%(refname)%00%(upstream:short)%00%(objectname)%00%(upstream:track)%00%(upstream:remotename)%00%(upstream:remoteref) refs/heads/main refs/remotes/main [7ms]
2024-06-03 14:10:46.782 [info] > git status -z -uall [5ms]
2024-06-03 14:10:47.689 [info] > git ls-files --stage -- /home/sebastianr/github.com/sebastianromero/node/astro/chiletramite/src/pages/post/[...slug].astro [3ms]
2024-06-03 14:10:47.701 [info] > git cat-file -s 08aefc845092b4ba5e45b072d00bbe5283b55d8d [4ms]
2024-06-03 14:10:47.717 [info] > git show --textconv :src/pages/post/[...slug].astro [3ms]
2024-06-03 14:10:49.890 [info] > git check-ignore -v -z --stdin [7ms]
2024-06-03 14:10:57.788 [info] > git check-ignore -v -z --stdin [5ms]
2024-06-03 14:10:58.617 [info] > git check-ignore -v -z --stdin [10ms]
2024-06-03 14:10:59.733 [info] > git check-ignore -v -z --stdin [7ms]
2024-06-03 14:11:19.890 [info] > git check-ignore -v -z --stdin [5ms]
2024-06-03 14:11:23.091 [info] > git check-ignore -v -z --stdin [21ms]
2024-06-03 14:11:40.558 [info] > git config --get commit.template [29ms]
2024-06-03 14:11:40.567 [info] > git for-each-ref --format=%(refname)%00%(upstream:short)%00%(objectname)%00%(upstream:track)%00%(upstream:remotename)%00%(upstream:remoteref) refs/heads/main refs/remotes/main [10ms]
2024-06-03 14:11:40.589 [info] > git status -z -uall [8ms]
2024-06-03 14:12:01.836 [info] > git show --textconv :src/components/icons/ListIcon.astro [18ms]
2024-06-03 14:12:01.847 [info] > git ls-files --stage -- /home/sebastianr/github.com/sebastianromero/node/astro/chiletramite/src/components/icons/ListIcon.astro [13ms]
2024-06-03 14:12:01.864 [info] > git cat-file -s a8533144a5e6d206abb50a827c366969f4b8dad0 [8ms]
2024-06-03 14:12:26.022 [info] > git config --get commit.template [35ms]
2024-06-03 14:12:26.035 [info] > git for-each-ref --format=%(refname)%00%(upstream:short)%00%(objectname)%00%(upstream:track)%00%(upstream:remotename)%00%(upstream:remoteref) refs/heads/main refs/remotes/main [14ms]
2024-06-03 14:12:26.073 [info] > git status -z -uall [21ms]
2024-06-03 14:12:50.581 [info] > git config --get commit.template [56ms]
2024-06-03 14:12:50.610 [info] > git for-each-ref --format=%(refname)%00%(upstream:short)%00%(objectname)%00%(upstream:track)%00%(upstream:remotename)%00%(upstream:remoteref) refs/heads/main refs/remotes/main [32ms]
2024-06-03 14:12:50.693 [info] > git status -z -uall [48ms]
2024-06-03 14:13:04.447 [info] > git config --get commit.template [31ms]
2024-06-03 14:13:04.499 [info] > git for-each-ref --format=%(refname)%00%(upstream:short)%00%(objectname)%00%(upstream:track)%00%(upstream:remotename)%00%(upstream:remoteref) refs/heads/main refs/remotes/main [56ms]
2024-06-03 14:13:04.559 [info] > git status -z -uall [23ms]
2024-06-03 14:13:28.930 [info] > git config --get commit.template [29ms]
2024-06-03 14:13:28.946 [info] > git for-each-ref --format=%(refname)%00%(upstream:short)%00%(objectname)%00%(upstream:track)%00%(upstream:remotename)%00%(upstream:remoteref) refs/heads/main refs/remotes/main [23ms]
2024-06-03 14:13:28.985 [info] > git status -z -uall [24ms]
2024-06-03 14:13:48.307 [info] > git ls-files --stage -- /home/sebastianr/github.com/sebastianromero/node/astro/chiletramite/src/components/icons/ListIcon.astro [8ms]
2024-06-03 14:13:48.328 [info] > git cat-file -s a8533144a5e6d206abb50a827c366969f4b8dad0 [5ms]
2024-06-03 14:13:48.556 [info] > git show --textconv :src/components/icons/ListIcon.astro [26ms]
2024-06-03 14:13:55.261 [info] > git fetch [8448ms]
2024-06-03 14:13:55.292 [info] > git config --get commit.template [11ms]
2024-06-03 14:13:55.294 [info] > git for-each-ref --format=%(refname)%00%(upstream:short)%00%(objectname)%00%(upstream:track)%00%(upstream:remotename)%00%(upstream:remoteref) refs/heads/main refs/remotes/main [4ms]
2024-06-03 14:13:55.314 [info] > git status -z -uall [10ms]
2024-06-03 14:13:56.220 [info] > git ls-files --stage -- /home/sebastianr/github.com/sebastianromero/node/astro/chiletramite/src/components/icons/ListIcon.astro [15ms]
2024-06-03 14:13:56.243 [info] > git cat-file -s a8533144a5e6d206abb50a827c366969f4b8dad0 [6ms]
2024-06-03 14:13:56.266 [info] > git show --textconv :src/components/icons/ListIcon.astro [5ms]
2024-06-03 14:19:53.335 [info] > git ls-files --stage -- /home/sebastianr/github.com/sebastianromero/node/astro/chiletramite/src/components/icons/ListIcon.astro [3ms]
2024-06-03 14:19:53.351 [info] > git cat-file -s a8533144a5e6d206abb50a827c366969f4b8dad0 [5ms]
2024-06-03 14:19:53.373 [info] > git show --textconv :src/components/icons/ListIcon.astro [7ms]
2024-06-03 14:19:58.012 [info] > git ls-files --stage -- /home/sebastianr/github.com/sebastianromero/node/astro/chiletramite/src/components/icons/ListIcon.astro [3ms]
2024-06-03 14:19:58.022 [info] > git cat-file -s a8533144a5e6d206abb50a827c366969f4b8dad0 [3ms]
2024-06-03 14:19:58.039 [info] > git show --textconv :src/components/icons/ListIcon.astro [4ms]
2024-06-03 14:20:00.216 [info] > git fetch [8293ms]
2024-06-03 14:20:00.236 [info] > git config --get commit.template [11ms]
2024-06-03 14:20:00.239 [info] > git for-each-ref --format=%(refname)%00%(upstream:short)%00%(objectname)%00%(upstream:track)%00%(upstream:remotename)%00%(upstream:remoteref) refs/heads/main refs/remotes/main [4ms]
2024-06-03 14:20:00.258 [info] > git status -z -uall [10ms]
2024-06-03 14:20:01.155 [info] > git ls-files --stage -- /home/sebastianr/github.com/sebastianromero/node/astro/chiletramite/src/components/icons/ListIcon.astro [3ms]
2024-06-03 14:20:01.172 [info] > git cat-file -s a8533144a5e6d206abb50a827c366969f4b8dad0 [6ms]
2024-06-03 14:20:01.192 [info] > git show --textconv :src/components/icons/ListIcon.astro [6ms]
2024-06-03 14:20:13.467 [info] > git config --get commit.template [42ms]
2024-06-03 14:20:13.487 [info] > git for-each-ref --format=%(refname)%00%(upstream:short)%00%(objectname)%00%(upstream:track)%00%(upstream:remotename)%00%(upstream:remoteref) refs/heads/main refs/remotes/main [27ms]
2024-06-03 14:20:13.532 [info] > git status -z -uall [13ms]
2024-06-03 14:20:25.087 [info] > git config --get commit.template [24ms]
2024-06-03 14:20:25.116 [info] > git for-each-ref --format=%(refname)%00%(upstream:short)%00%(objectname)%00%(upstream:track)%00%(upstream:remotename)%00%(upstream:remoteref) refs/heads/main refs/remotes/main [29ms]
2024-06-03 14:20:25.152 [info] > git status -z -uall [15ms]
2024-06-03 14:20:40.880 [info] > git config --get commit.template [21ms]
2024-06-03 14:20:40.919 [info] > git for-each-ref --format=%(refname)%00%(upstream:short)%00%(objectname)%00%(upstream:track)%00%(upstream:remotename)%00%(upstream:remoteref) refs/heads/main refs/remotes/main [58ms]
2024-06-03 14:20:41.036 [info] > git status -z -uall [36ms]
2024-06-03 14:31:58.954 [info] > git show --textconv :src/pages/post/[...slug].astro [28ms]
2024-06-03 14:31:58.959 [info] > git ls-files --stage -- /home/sebastianr/github.com/sebastianromero/node/astro/chiletramite/src/pages/post/[...slug].astro [9ms]
2024-06-03 14:31:58.975 [info] > git cat-file -s 08aefc845092b4ba5e45b072d00bbe5283b55d8d [5ms]
2024-06-03 14:31:59.574 [info] > git ls-files --stage -- /home/sebastianr/github.com/sebastianromero/node/astro/chiletramite/src/pages/post/[...slug].astro [15ms]
2024-06-03 14:31:59.607 [info] > git cat-file -s 08aefc845092b4ba5e45b072d00bbe5283b55d8d [10ms]
2024-06-03 14:31:59.706 [info] > git show --textconv :src/pages/post/[...slug].astro [15ms]
2024-06-03 14:32:05.650 [info] > git fetch [8357ms]
2024-06-03 14:32:05.671 [info] > git config --get commit.template [10ms]
2024-06-03 14:32:05.677 [info] > git for-each-ref --format=%(refname)%00%(upstream:short)%00%(objectname)%00%(upstream:track)%00%(upstream:remotename)%00%(upstream:remoteref) refs/heads/main refs/remotes/main [7ms]
2024-06-03 14:32:05.699 [info] > git status -z -uall [11ms]
2024-06-03 14:32:06.595 [info] > git ls-files --stage -- /home/sebastianr/github.com/sebastianromero/node/astro/chiletramite/src/pages/post/[...slug].astro [7ms]
2024-06-03 14:32:06.619 [info] > git cat-file -s 08aefc845092b4ba5e45b072d00bbe5283b55d8d [13ms]
2024-06-03 14:32:06.643 [info] > git show --textconv :src/pages/post/[...slug].astro [6ms]
2024-06-03 14:33:01.499 [info] > git config --get commit.template [30ms]
2024-06-03 14:33:01.518 [info] > git for-each-ref --format=%(refname)%00%(upstream:short)%00%(objectname)%00%(upstream:track)%00%(upstream:remotename)%00%(upstream:remoteref) refs/heads/main refs/remotes/main [25ms]
2024-06-03 14:33:01.535 [info] > git status -z -uall [6ms]
2024-06-03 18:00:52.113 [info] > git ls-files --stage -- /home/sebastianr/github.com/sebastianromero/node/astro/chiletramite/src/pages/post/[...slug].astro [6ms]
2024-06-03 18:00:52.133 [info] > git cat-file -s 08aefc845092b4ba5e45b072d00bbe5283b55d8d [7ms]
2024-06-03 18:00:52.178 [info] > git show --textconv :src/pages/post/[...slug].astro [24ms]
2024-06-03 18:00:55.544 [info] > git ls-files --stage -- /home/sebastianr/github.com/sebastianromero/node/astro/chiletramite/src/pages/post/[...slug].astro [7ms]
2024-06-03 18:00:55.565 [info] > git cat-file -s 08aefc845092b4ba5e45b072d00bbe5283b55d8d [10ms]
2024-06-03 18:00:55.592 [info] > git show --textconv :src/pages/post/[...slug].astro [10ms]
2024-06-03 18:00:58.713 [info] > git fetch [8401ms]
2024-06-03 18:00:58.740 [info] > git config --get commit.template [13ms]
2024-06-03 18:00:58.744 [info] > git for-each-ref --format=%(refname)%00%(upstream:short)%00%(objectname)%00%(upstream:track)%00%(upstream:remotename)%00%(upstream:remoteref) refs/heads/main refs/remotes/main [6ms]
2024-06-03 18:00:58.770 [info] > git status -z -uall [15ms]
2024-06-03 18:00:59.661 [info] > git ls-files --stage -- /home/sebastianr/github.com/sebastianromero/node/astro/chiletramite/src/pages/post/[...slug].astro [5ms]
2024-06-03 18:00:59.679 [info] > git cat-file -s 08aefc845092b4ba5e45b072d00bbe5283b55d8d [10ms]
2024-06-03 18:00:59.703 [info] > git show --textconv :src/pages/post/[...slug].astro [5ms]
