2024-07-02 12:48:29.873 [info] Log level: Info
2024-07-02 12:48:29.873 [info] Validating found git in: "git"
2024-07-02 12:48:29.873 [info] Using git "2.34.1" from "git"
2024-07-02 12:48:29.873 [info] > git rev-parse --show-toplevel [21ms]
2024-07-02 12:48:29.873 [info] > git rev-parse --git-dir --git-common-dir [9ms]
2024-07-02 12:48:29.873 [info] Open repository: /home/sebastian/.dotfiles
2024-07-02 12:48:29.873 [info] > git config --get commit.template [15ms]
2024-07-02 12:48:29.873 [info] No remotes found in the git config file.
2024-07-02 12:48:29.873 [info] > git rev-parse --show-toplevel [36ms]
2024-07-02 12:48:29.873 [info] > git for-each-ref --format=%(refname)%00%(upstream:short)%00%(objectname)%00%(upstream:track)%00%(upstream:remotename)%00%(upstream:remoteref) refs/heads/main refs/remotes/main [28ms]
2024-07-02 12:48:29.873 [warning] No such branch: main.
2024-07-02 12:48:29.874 [info] > git rev-parse --show-toplevel [24ms]
2024-07-02 12:48:29.874 [info] > git rev-parse --show-toplevel [74ms]
2024-07-02 12:48:29.910 [info] > git rev-parse --show-toplevel [44ms]
2024-07-02 12:48:29.973 [info] > git fetch [339ms]
2024-07-02 12:48:29.974 [info] Auto packing the repository in background for optimum performance.
See "git help gc" for manual housekeeping.
2024-07-02 12:48:30.059 [info] > git status -z -uall [309ms] (cancelled)
2024-07-02 12:48:30.060 [info] > git rev-parse --git-dir --git-common-dir [97ms]
2024-07-02 12:48:30.122 [info] Open repository: /home/sebastian/.dotfiles/alacritty
2024-07-02 12:48:30.186 [info] > git config --get commit.template [129ms]
2024-07-02 12:48:30.186 [info] > git config --get commit.template [153ms]
2024-07-02 12:48:30.194 [info] > git config --get commit.template [27ms]
2024-07-02 12:48:30.221 [info] No remotes found in the git config file.
2024-07-02 12:48:30.247 [info] No remotes found in the git config file.
2024-07-02 12:48:30.277 [info] > git for-each-ref --format=%(refname)%00%(upstream:short)%00%(objectname)%00%(upstream:track)%00%(upstream:remotename)%00%(upstream:remoteref) refs/heads/main refs/remotes/main [56ms]
2024-07-02 12:48:30.277 [warning] No such branch: main.
2024-07-02 12:48:30.279 [info] > git rev-parse --show-toplevel [95ms]
2024-07-02 12:48:30.324 [info] > git for-each-ref --format=%(refname)%00%(upstream:short)%00%(objectname)%00%(upstream:track)%00%(upstream:remotename)%00%(upstream:remoteref) refs/heads/main refs/remotes/main [77ms]
2024-07-02 12:48:30.325 [warning] No such branch: main.
2024-07-02 12:48:30.340 [info] > git rev-parse --show-toplevel [16ms]
2024-07-02 12:48:30.340 [info] > git for-each-ref --format=%(refname)%00%(upstream:short)%00%(objectname)%00%(upstream:track)%00%(upstream:remotename)%00%(upstream:remoteref) refs/heads/master refs/remotes/master [65ms]
2024-07-02 12:48:30.394 [warning] ENOENT: no such file or directory, open '/home/sebastian/.dotfiles/alacritty/.git/refs/remotes/origin/master'
2024-07-02 12:48:30.405 [info] > git rev-parse --git-dir --git-common-dir [30ms]
2024-07-02 12:48:30.529 [info] Open repository: /home/sebastian/.dotfiles/powerlevel10k
2024-07-02 12:48:30.820 [info] > git rev-parse refs/remotes/origin/master [426ms]
2024-07-02 12:48:30.910 [info] > git config --get commit.template [90ms]
2024-07-02 12:48:31.161 [info] > git for-each-ref --format=%(refname)%00%(upstream:short)%00%(objectname)%00%(upstream:track)%00%(upstream:remotename)%00%(upstream:remoteref) refs/heads/master refs/remotes/master [131ms]
2024-07-02 12:48:31.213 [info] > git status -z -uall [26ms]
2024-07-02 12:48:31.472 [info] > git status -z -uall [564ms]
2024-07-02 12:48:31.473 [info] > git merge-base refs/heads/master refs/remotes/origin/master [124ms]
2024-07-02 12:48:31.590 [info] > git merge-base refs/heads/master refs/remotes/origin/master [60ms]
2024-07-02 12:48:31.624 [info] > git rev-list --count --left-right refs/heads/master...refs/remotes/origin/master [113ms]
2024-07-02 12:48:31.653 [info] > git config --get commit.template [183ms]
2024-07-02 12:48:31.738 [info] > git diff --name-status -z --diff-filter=ADMR 2b7da93df04acd04d84f5de827e5b14077839a4b...refs/remotes/origin/master [87ms]
2024-07-02 12:48:31.739 [info] > git rev-list --count --left-right refs/heads/master...refs/remotes/origin/master [116ms]
2024-07-02 12:48:31.780 [info] > git config --get commit.template [195ms]
2024-07-02 12:48:31.830 [info] > git diff --name-status -z --diff-filter=ADMR da554e41f3a91ed6cc5db66b23bf65c58529db83...refs/remotes/origin/master [51ms]
2024-07-02 12:48:31.873 [info] > git for-each-ref --format=%(refname)%00%(upstream:short)%00%(objectname)%00%(upstream:track)%00%(upstream:remotename)%00%(upstream:remoteref) refs/heads/master refs/remotes/master [46ms]
2024-07-02 12:48:31.924 [info] > git for-each-ref --format=%(refname)%00%(upstream:short)%00%(objectname)%00%(upstream:track)%00%(upstream:remotename)%00%(upstream:remoteref) refs/heads/master refs/remotes/master [52ms]
2024-07-02 12:48:31.926 [info] > git fetch [1397ms]
2024-07-02 12:48:31.986 [warning] ENOENT: no such file or directory, open '/home/sebastian/.dotfiles/alacritty/.git/refs/remotes/origin/master'
2024-07-02 12:48:32.024 [info] > git status -z -uall [103ms] (cancelled)
2024-07-02 12:48:32.026 [info] > git rev-parse refs/remotes/origin/master [40ms]
2024-07-02 12:48:32.061 [info] > git fetch [1939ms]
2024-07-02 12:48:32.064 [info] > git config --get commit.template [41ms]
2024-07-02 12:48:32.135 [info] > git status -z -uall [76ms] (cancelled)
2024-07-02 12:48:32.138 [info] > git for-each-ref --format=%(refname)%00%(upstream:short)%00%(objectname)%00%(upstream:track)%00%(upstream:remotename)%00%(upstream:remoteref) refs/heads/master refs/remotes/master [32ms]
2024-07-02 12:48:32.178 [info] > git config --get commit.template [48ms]
2024-07-02 12:48:32.210 [info] > git for-each-ref --format=%(refname)%00%(upstream:short)%00%(objectname)%00%(upstream:track)%00%(upstream:remotename)%00%(upstream:remoteref) refs/heads/master refs/remotes/master [34ms]
2024-07-02 12:48:32.239 [warning] ENOENT: no such file or directory, open '/home/sebastian/.dotfiles/alacritty/.git/refs/remotes/origin/master'
2024-07-02 12:48:32.241 [info] > git status -z -uall [32ms]
2024-07-02 12:48:32.254 [info] > git rev-parse refs/remotes/origin/master [14ms]
2024-07-02 12:48:32.346 [info] > git status -z -uall [55ms]
2024-07-02 12:48:33.572 [info] > git status -z -uall [3234ms] (cancelled)
2024-07-02 12:48:33.573 [info] > git check-ignore -v -z --stdin [122ms]
2024-07-02 12:48:33.574 [info] > git check-ignore -v -z --stdin [54ms]
2024-07-02 12:48:34.139 [info] > git check-ignore -v -z --stdin [705ms]
2024-07-02 12:48:40.318 [info] > git show --textconv :.gitmodules [139ms]
2024-07-02 12:48:40.344 [info] > git ls-files --stage -- /home/sebastian/.dotfiles/.gitmodules [131ms]
2024-07-02 12:48:40.379 [info] > git cat-file -s 9b8cc3727d8a6f44f30e97ebf5a896a960a8de37 [8ms]
2024-07-02 12:49:35.589 [info] > git check-ignore -v -z --stdin [65ms]
2024-07-02 12:49:36.461 [info] > git check-ignore -v -z --stdin [164ms]
2024-07-02 12:49:48.294 [info] > git ls-files --stage -- /home/sebastian/.dotfiles/.gitmodules [272ms]
2024-07-02 12:49:48.417 [info] > git cat-file -s 9b8cc3727d8a6f44f30e97ebf5a896a960a8de37 [25ms]
2024-07-02 12:49:48.544 [info] > git show --textconv :.gitmodules [64ms]
2024-07-02 12:49:49.199 [info] > git ls-files --stage -- /home/sebastian/.dotfiles/.gitmodules [58ms]
2024-07-02 12:49:49.215 [info] > git cat-file -s 9b8cc3727d8a6f44f30e97ebf5a896a960a8de37 [2ms]
2024-07-02 12:49:49.271 [info] > git show --textconv :.gitmodules [34ms]
2024-07-02 12:50:59.475 [info] > git ls-files --stage -- /home/sebastian/.dotfiles/.gitmodules [30ms]
2024-07-02 12:50:59.512 [info] > git cat-file -s 68cab1cfffe5e6034ad671b38da25d49477d8552 [10ms]
2024-07-02 12:50:59.563 [info] > git show --textconv :.gitmodules [32ms]
2024-07-02 12:51:09.167 [info] > git ls-files --stage -- /home/sebastian/.dotfiles/.gitmodules [29ms]
2024-07-02 12:51:09.463 [info] > git cat-file -s 68cab1cfffe5e6034ad671b38da25d49477d8552 [49ms]
2024-07-02 12:51:09.502 [info] > git show --textconv :.gitmodules [22ms]
2024-07-02 12:51:33.785 [info] > git fetch [1358ms]
2024-07-02 12:51:33.862 [info] > git merge-base refs/heads/master refs/remotes/origin/master [78ms]
2024-07-02 12:51:33.895 [info] > git fetch [1509ms]
2024-07-02 12:51:33.988 [info] > git config --get commit.template [78ms]
2024-07-02 12:51:33.989 [info] > git merge-base refs/heads/master refs/remotes/origin/master [163ms]
2024-07-02 12:51:34.050 [info] > git config --get commit.template [117ms]
2024-07-02 12:51:34.062 [info] > git rev-list --count --left-right refs/heads/master...refs/remotes/origin/master [167ms]
2024-07-02 12:51:34.170 [info] > git rev-list --count --left-right refs/heads/master...refs/remotes/origin/master [137ms]
2024-07-02 12:51:34.197 [info] > git for-each-ref --format=%(refname)%00%(upstream:short)%00%(objectname)%00%(upstream:track)%00%(upstream:remotename)%00%(upstream:remoteref) refs/heads/master refs/remotes/master [61ms]
2024-07-02 12:51:34.227 [warning] ENOENT: no such file or directory, open '/home/sebastian/.dotfiles/alacritty/.git/refs/remotes/origin/master'
2024-07-02 12:51:34.229 [info] > git for-each-ref --format=%(refname)%00%(upstream:short)%00%(objectname)%00%(upstream:track)%00%(upstream:remotename)%00%(upstream:remoteref) refs/heads/master refs/remotes/master [33ms]
2024-07-02 12:51:34.271 [info] > git rev-parse refs/remotes/origin/master [45ms]
2024-07-02 12:51:34.325 [info] > git status -z -uall [69ms]
2024-07-02 12:51:34.381 [info] > git status -z -uall [82ms]
2024-07-02 12:54:35.369 [info] > git ls-files --stage -- /home/sebastian/.dotfiles/.gitmodules [125ms]
2024-07-02 12:54:35.398 [info] > git cat-file -s 68cab1cfffe5e6034ad671b38da25d49477d8552 [11ms]
2024-07-02 12:54:35.510 [info] > git show --textconv :.gitmodules [27ms]
2024-07-02 12:54:36.102 [info] > git fetch [1138ms]
2024-07-02 12:54:36.129 [info] > git config --get commit.template [12ms]
2024-07-02 12:54:36.134 [info] > git fetch [1142ms]
2024-07-02 12:54:36.147 [info] > git for-each-ref --format=%(refname)%00%(upstream:short)%00%(objectname)%00%(upstream:track)%00%(upstream:remotename)%00%(upstream:remoteref) refs/heads/master refs/remotes/master [19ms]
2024-07-02 12:54:36.169 [info] > git config --get commit.template [23ms]
2024-07-02 12:54:36.182 [info] > git for-each-ref --format=%(refname)%00%(upstream:short)%00%(objectname)%00%(upstream:track)%00%(upstream:remotename)%00%(upstream:remoteref) refs/heads/master refs/remotes/master [25ms]
2024-07-02 12:54:36.196 [warning] ENOENT: no such file or directory, open '/home/sebastian/.dotfiles/alacritty/.git/refs/remotes/origin/master'
2024-07-02 12:54:36.197 [info] > git status -z -uall [30ms]
2024-07-02 12:54:36.206 [info] > git rev-parse refs/remotes/origin/master [10ms]
2024-07-02 12:54:36.245 [info] > git status -z -uall [27ms]
2024-07-02 12:54:37.413 [info] > git config --get commit.template [12ms]
2024-07-02 12:54:37.415 [info] > git for-each-ref --format=%(refname)%00%(upstream:short)%00%(objectname)%00%(upstream:track)%00%(upstream:remotename)%00%(upstream:remoteref) refs/heads/master refs/remotes/master [4ms]
2024-07-02 12:54:37.424 [warning] ENOENT: no such file or directory, open '/home/sebastian/.dotfiles/alacritty/.git/refs/remotes/origin/master'
2024-07-02 12:54:37.430 [info] > git rev-parse refs/remotes/origin/master [5ms]
2024-07-02 12:54:37.447 [info] > git status -z -uall [9ms]
2024-07-02 12:55:11.989 [info] > git rev-parse --show-toplevel [4ms]
2024-07-02 12:55:12.004 [info] > git rev-parse --git-dir --git-common-dir [4ms]
2024-07-02 12:55:12.036 [info] Open repository: /home/sebastian/.dotfiles/.config/nvim
2024-07-02 12:55:12.072 [info] > git config --get commit.template [18ms]
2024-07-02 12:55:12.077 [info] > git for-each-ref --format=%(refname)%00%(upstream:short)%00%(objectname)%00%(upstream:track)%00%(upstream:remotename)%00%(upstream:remoteref) refs/heads/main refs/remotes/main [7ms]
2024-07-02 12:55:12.077 [warning] No such branch: main.
2024-07-02 12:55:12.091 [info] > git status -z -uall [6ms]
2024-07-02 12:55:12.159 [info] > git config --get commit.template [38ms]
2024-07-02 12:55:12.168 [info] > git for-each-ref --format=%(refname)%00%(upstream:short)%00%(objectname)%00%(upstream:track)%00%(upstream:remotename)%00%(upstream:remoteref) refs/heads/main refs/remotes/main [11ms]
2024-07-02 12:55:12.168 [warning] No such branch: main.
2024-07-02 12:55:12.193 [info] > git status -z -uall [8ms]
2024-07-02 12:55:12.995 [info] > git check-ignore -v -z --stdin [249ms]
2024-07-02 12:55:13.001 [info] > git check-ignore -v -z --stdin [72ms]
2024-07-02 12:55:13.050 [info] > git check-ignore -v -z --stdin [44ms]
2024-07-02 12:55:13.067 [info] > git fetch [1033ms]
2024-07-02 12:55:13.072 [info] From https://github.com/NvChad/starter
 * branch            HEAD       -> FETCH_HEAD
2024-07-02 12:55:13.227 [info] > git config --get commit.template [73ms]
2024-07-02 12:55:13.302 [info] > git for-each-ref --format=%(refname)%00%(upstream:short)%00%(objectname)%00%(upstream:track)%00%(upstream:remotename)%00%(upstream:remoteref) refs/heads/main refs/remotes/main [6ms]
2024-07-02 12:55:13.340 [warning] ENOENT: no such file or directory, open '/home/sebastian/.dotfiles/.config/nvim/.git/refs/remotes/origin/main'
2024-07-02 12:55:13.357 [info] > git rev-parse refs/remotes/origin/main [17ms]
2024-07-02 12:55:13.406 [info] > git check-ignore -v -z --stdin [603ms]
2024-07-02 12:55:13.440 [info] > git status -z -uall [42ms]
2024-07-02 12:55:13.531 [info] > git merge-base refs/heads/main refs/remotes/origin/main [30ms]
2024-07-02 12:55:13.570 [info] > git rev-list --count --left-right refs/heads/main...refs/remotes/origin/main [17ms]
2024-07-02 12:55:13.587 [info] > git diff --name-status -z --diff-filter=ADMR 41c5b467339d34460c921a1764c4da5a07cdddf7...refs/remotes/origin/main [7ms]
2024-07-02 12:55:36.217 [info] > git check-ignore -v -z --stdin [49ms]
2024-07-02 12:55:42.397 [info] > git check-ignore -v -z --stdin [166ms]
2024-07-02 12:55:58.108 [info] > git merge-base refs/heads/main refs/remotes/origin/main [5ms]
2024-07-02 12:55:58.126 [info] > git rev-list --count --left-right refs/heads/main...refs/remotes/origin/main [6ms]
2024-07-02 12:56:47.855 [info] > git ls-files --stage -- /home/sebastian/.dotfiles/.gitmodules [30ms]
2024-07-02 12:56:47.866 [info] > git cat-file -s 4709cc34b038a502d9ad7aa67b30a7fef46118d2 [3ms]
2024-07-02 12:56:47.898 [info] > git show --textconv :.gitmodules [19ms]
2024-07-02 12:57:37.090 [info] > git fetch [869ms]
2024-07-02 12:57:37.118 [info] > git config --get commit.template [16ms]
2024-07-02 12:57:37.120 [info] > git for-each-ref --format=%(refname)%00%(upstream:short)%00%(objectname)%00%(upstream:track)%00%(upstream:remotename)%00%(upstream:remoteref) refs/heads/master refs/remotes/master [4ms]
2024-07-02 12:57:37.142 [info] > git status -z -uall [8ms]
2024-07-02 12:57:37.513 [info] > git fetch [1253ms]
2024-07-02 12:57:37.513 [info] From https://github.com/alacritty/alacritty
   da554e41..138ac426  master     -> origin/master
2024-07-02 12:57:37.529 [info] > git config --get commit.template [2ms]
2024-07-02 12:57:37.547 [info] > git for-each-ref --format=%(refname)%00%(upstream:short)%00%(objectname)%00%(upstream:track)%00%(upstream:remotename)%00%(upstream:remoteref) refs/heads/master refs/remotes/master [8ms]
2024-07-02 12:57:37.573 [info] > git status -z -uall [10ms]
2024-07-02 12:57:37.612 [info] > git merge-base refs/heads/master refs/remotes/origin/master [19ms]
2024-07-02 12:57:37.666 [info] > git rev-list --count --left-right refs/heads/master...refs/remotes/origin/master [19ms]
2024-07-02 12:57:37.697 [info] > git merge-base refs/heads/master refs/remotes/origin/master [33ms]
2024-07-02 12:57:37.726 [info] > git diff --name-status -z --diff-filter=ADMR da554e41f3a91ed6cc5db66b23bf65c58529db83...refs/remotes/origin/master [34ms]
2024-07-02 12:57:37.740 [info] > git rev-list --count --left-right refs/heads/master...refs/remotes/origin/master [18ms]
2024-07-02 12:57:38.193 [info] > git config --get commit.template [13ms]
2024-07-02 12:57:38.198 [info] > git for-each-ref --format=%(refname)%00%(upstream:short)%00%(objectname)%00%(upstream:track)%00%(upstream:remotename)%00%(upstream:remoteref) refs/heads/master refs/remotes/master [8ms]
2024-07-02 12:57:38.218 [info] > git status -z -uall [6ms]
2024-07-02 12:57:38.872 [info] > git config --get commit.template [18ms]
2024-07-02 12:57:38.888 [info] > git for-each-ref --format=%(refname)%00%(upstream:short)%00%(objectname)%00%(upstream:track)%00%(upstream:remotename)%00%(upstream:remoteref) refs/heads/master refs/remotes/master [18ms]
2024-07-02 12:57:38.942 [info] > git status -z -uall [24ms]
2024-07-02 12:57:41.235 [info] > git config --get commit.template [22ms]
2024-07-02 12:57:41.239 [info] > git for-each-ref --format=%(refname)%00%(upstream:short)%00%(objectname)%00%(upstream:track)%00%(upstream:remotename)%00%(upstream:remoteref) refs/heads/master refs/remotes/master [6ms]
2024-07-02 12:57:41.259 [info] > git status -z -uall [7ms]
2024-07-02 12:57:41.299 [info] > git merge-base refs/heads/master refs/remotes/origin/master [13ms]
2024-07-02 12:57:41.321 [info] > git rev-list --count --left-right refs/heads/master...refs/remotes/origin/master [4ms]
2024-07-02 12:57:41.353 [info] > git diff --name-status -z --diff-filter=ADMR 2b7da93df04acd04d84f5de827e5b14077839a4b...refs/remotes/origin/master [16ms]
2024-07-02 12:57:41.363 [info] > git merge-base refs/heads/master refs/remotes/origin/master [12ms]
2024-07-02 12:57:41.384 [info] > git rev-list --count --left-right refs/heads/master...refs/remotes/origin/master [4ms]
2024-07-02 12:57:49.700 [info] > git config --get commit.template [14ms]
2024-07-02 12:57:49.706 [info] > git for-each-ref --format=%(refname)%00%(upstream:short)%00%(objectname)%00%(upstream:track)%00%(upstream:remotename)%00%(upstream:remoteref) refs/heads/master refs/remotes/master [8ms]
2024-07-02 12:57:49.728 [info] > git status -z -uall [9ms]
2024-07-02 12:57:49.755 [info] > git merge-base refs/heads/master refs/remotes/origin/master [8ms]
2024-07-02 12:57:49.794 [info] > git rev-list --count --left-right refs/heads/master...refs/remotes/origin/master [23ms]
2024-07-02 12:57:49.812 [info] > git merge-base refs/heads/master refs/remotes/origin/master [19ms]
2024-07-02 12:57:49.835 [info] > git diff --name-status -z --diff-filter=ADMR 2b7da93df04acd04d84f5de827e5b14077839a4b...refs/remotes/origin/master [27ms]
2024-07-02 12:57:49.842 [info] > git rev-list --count --left-right refs/heads/master...refs/remotes/origin/master [13ms]
2024-07-02 12:57:55.750 [info] > git log --oneline --cherry master...master@{upstream} -- [11ms]
2024-07-02 12:57:56.870 [info] > git pull --tags origin master [1095ms]
2024-07-02 12:57:56.870 [info] From https://github.com/alacritty/alacritty
 * branch              master     -> FETCH_HEAD
2024-07-02 12:57:56.897 [info] > git config --get commit.template [12ms]
2024-07-02 12:57:56.904 [info] > git for-each-ref --format=%(refname)%00%(upstream:short)%00%(objectname)%00%(upstream:track)%00%(upstream:remotename)%00%(upstream:remoteref) refs/heads/master refs/remotes/master [5ms]
2024-07-02 12:57:56.933 [info] > git status -z -uall [14ms]
2024-07-02 12:57:56.994 [info] > git merge-base refs/heads/master refs/remotes/origin/master [31ms]
2024-07-02 12:57:57.017 [info] > git rev-list --count --left-right refs/heads/master...refs/remotes/origin/master [8ms]
2024-07-02 12:57:57.050 [info] > git diff --name-status -z --diff-filter=ADMR 138ac426bfeb73db4f00d13a9126527d02c1e867...refs/remotes/origin/master [19ms]
2024-07-02 12:57:57.061 [info] > git merge-base refs/heads/master refs/remotes/origin/master [12ms]
2024-07-02 12:57:57.082 [info] > git rev-list --count --left-right refs/heads/master...refs/remotes/origin/master [9ms]
2024-07-02 12:57:58.180 [info] > git config --get commit.template [15ms]
2024-07-02 12:57:58.192 [info] > git for-each-ref --format=%(refname)%00%(upstream:short)%00%(objectname)%00%(upstream:track)%00%(upstream:remotename)%00%(upstream:remoteref) refs/heads/master refs/remotes/master [12ms]
2024-07-02 12:57:58.219 [info] > git status -z -uall [11ms]
2024-07-02 12:58:03.761 [info] > git config --get commit.template [8ms]
2024-07-02 12:58:03.780 [info] > git for-each-ref --format=%(refname)%00%(upstream:short)%00%(objectname)%00%(upstream:track)%00%(upstream:remotename)%00%(upstream:remoteref) refs/heads/master refs/remotes/master [7ms]
2024-07-02 12:58:03.801 [info] > git status -z -uall [10ms]
2024-07-02 12:58:03.848 [info] > git merge-base refs/heads/master refs/remotes/origin/master [9ms]
2024-07-02 12:58:03.886 [info] > git rev-list --count --left-right refs/heads/master...refs/remotes/origin/master [23ms]
2024-07-02 12:58:03.901 [info] > git merge-base refs/heads/master refs/remotes/origin/master [16ms]
2024-07-02 12:58:03.917 [info] > git diff --name-status -z --diff-filter=ADMR 2b7da93df04acd04d84f5de827e5b14077839a4b...refs/remotes/origin/master [18ms]
2024-07-02 12:58:03.928 [info] > git rev-list --count --left-right refs/heads/master...refs/remotes/origin/master [13ms]
2024-07-02 12:58:14.367 [info] > git fetch [818ms]
2024-07-02 12:58:14.392 [info] > git for-each-ref --format=%(refname)%00%(upstream:short)%00%(objectname)%00%(upstream:track)%00%(upstream:remotename)%00%(upstream:remoteref) refs/heads/main refs/remotes/main [3ms]
2024-07-02 12:58:14.393 [info] > git config --get commit.template [15ms]
2024-07-02 12:58:14.404 [warning] ENOENT: no such file or directory, open '/home/sebastian/.dotfiles/.config/nvim/.git/refs/remotes/origin/main'
2024-07-02 12:58:14.410 [info] > git rev-parse refs/remotes/origin/main [6ms]
2024-07-02 12:58:14.426 [info] > git status -z -uall [5ms]
2024-07-02 12:58:15.477 [info] > git config --get commit.template [13ms]
2024-07-02 12:58:15.479 [info] > git for-each-ref --format=%(refname)%00%(upstream:short)%00%(objectname)%00%(upstream:track)%00%(upstream:remotename)%00%(upstream:remoteref) refs/heads/main refs/remotes/main [4ms]
2024-07-02 12:58:15.490 [warning] ENOENT: no such file or directory, open '/home/sebastian/.dotfiles/.config/nvim/.git/refs/remotes/origin/main'
2024-07-02 12:58:15.494 [info] > git rev-parse refs/remotes/origin/main [4ms]
2024-07-02 12:58:15.508 [info] > git status -z -uall [4ms]
2024-07-02 12:59:52.461 [info] > git config --get commit.template [38ms]
2024-07-02 12:59:52.470 [info] > git config --get commit.template [79ms]
2024-07-02 12:59:52.473 [info] > git config --get commit.template [15ms]
2024-07-02 12:59:52.573 [info] > git for-each-ref --format=%(refname)%00%(upstream:short)%00%(objectname)%00%(upstream:track)%00%(upstream:remotename)%00%(upstream:remoteref) refs/heads/master refs/remotes/master [31ms]
2024-07-02 12:59:52.574 [info] > git for-each-ref --format=%(refname)%00%(upstream:short)%00%(objectname)%00%(upstream:track)%00%(upstream:remotename)%00%(upstream:remoteref) refs/heads/master refs/remotes/master [70ms]
2024-07-02 12:59:52.625 [info] > git status -z -uall [14ms]
2024-07-02 12:59:52.626 [info] > git for-each-ref --format=%(refname)%00%(upstream:short)%00%(objectname)%00%(upstream:track)%00%(upstream:remotename)%00%(upstream:remoteref) refs/heads/main refs/remotes/main [54ms]
2024-07-02 12:59:52.639 [warning] ENOENT: no such file or directory, open '/home/sebastian/.dotfiles/.config/nvim/.git/refs/remotes/origin/main'
2024-07-02 12:59:52.648 [info] > git status -z -uall [23ms]
2024-07-02 12:59:52.648 [info] > git rev-parse refs/remotes/origin/main [10ms]
2024-07-02 12:59:52.698 [info] > git status -z -uall [14ms]
2024-07-02 12:59:53.136 [info] > git ls-files --stage -- /home/sebastian/.dotfiles/.gitmodules [44ms]
2024-07-02 12:59:53.157 [info] > git cat-file -s 4709cc34b038a502d9ad7aa67b30a7fef46118d2 [5ms]
2024-07-02 12:59:53.278 [info] > git show --textconv :.gitmodules [39ms]
2024-07-02 13:00:38.044 [info] > git fetch [875ms]
2024-07-02 13:00:38.070 [info] > git config --get commit.template [13ms]
2024-07-02 13:00:38.077 [info] > git for-each-ref --format=%(refname)%00%(upstream:short)%00%(objectname)%00%(upstream:track)%00%(upstream:remotename)%00%(upstream:remoteref) refs/heads/master refs/remotes/master [9ms]
2024-07-02 13:00:38.092 [info] > git status -z -uall [5ms]
2024-07-02 13:00:38.519 [info] > git fetch [889ms]
2024-07-02 13:00:38.538 [info] > git config --get commit.template [9ms]
2024-07-02 13:00:38.543 [info] > git for-each-ref --format=%(refname)%00%(upstream:short)%00%(objectname)%00%(upstream:track)%00%(upstream:remotename)%00%(upstream:remoteref) refs/heads/master refs/remotes/master [6ms]
2024-07-02 13:00:38.562 [info] > git status -z -uall [8ms]
2024-07-02 13:00:39.258 [info] > git config --get commit.template [14ms]
2024-07-02 13:00:39.262 [info] > git for-each-ref --format=%(refname)%00%(upstream:short)%00%(objectname)%00%(upstream:track)%00%(upstream:remotename)%00%(upstream:remoteref) refs/heads/master refs/remotes/master [5ms]
2024-07-02 13:00:39.280 [info] > git status -z -uall [4ms]
2024-07-02 13:00:39.728 [info] > git config --get commit.template [12ms]
2024-07-02 13:00:39.731 [info] > git for-each-ref --format=%(refname)%00%(upstream:short)%00%(objectname)%00%(upstream:track)%00%(upstream:remotename)%00%(upstream:remoteref) refs/heads/master refs/remotes/master [4ms]
2024-07-02 13:00:39.751 [info] > git status -z -uall [8ms]
2024-07-02 13:00:44.043 [info] > git ls-files --stage -- /home/sebastian/.dotfiles/.gitmodules [30ms]
2024-07-02 13:00:44.054 [info] > git cat-file -s 4709cc34b038a502d9ad7aa67b30a7fef46118d2 [3ms]
2024-07-02 13:00:44.094 [info] > git show --textconv :.gitmodules [24ms]
2024-07-02 13:01:15.309 [info] > git fetch [844ms]
2024-07-02 13:01:15.331 [info] > git config --get commit.template [11ms]
2024-07-02 13:01:15.335 [info] > git for-each-ref --format=%(refname)%00%(upstream:short)%00%(objectname)%00%(upstream:track)%00%(upstream:remotename)%00%(upstream:remoteref) refs/heads/main refs/remotes/main [6ms]
2024-07-02 13:01:15.343 [warning] ENOENT: no such file or directory, open '/home/sebastian/.dotfiles/.config/nvim/.git/refs/remotes/origin/main'
2024-07-02 13:01:15.346 [info] > git rev-parse refs/remotes/origin/main [3ms]
2024-07-02 13:01:15.358 [info] > git status -z -uall [4ms]
2024-07-02 13:01:16.412 [info] > git config --get commit.template [12ms]
2024-07-02 13:01:16.416 [info] > git for-each-ref --format=%(refname)%00%(upstream:short)%00%(objectname)%00%(upstream:track)%00%(upstream:remotename)%00%(upstream:remoteref) refs/heads/main refs/remotes/main [4ms]
2024-07-02 13:01:16.425 [warning] ENOENT: no such file or directory, open '/home/sebastian/.dotfiles/.config/nvim/.git/refs/remotes/origin/main'
2024-07-02 13:01:16.429 [info] > git rev-parse refs/remotes/origin/main [4ms]
2024-07-02 13:01:16.442 [info] > git status -z -uall [5ms]
2024-07-02 13:02:47.477 [info] > git ls-files --stage -- /home/sebastian/.dotfiles/.gitmodules [58ms]
2024-07-02 13:02:47.497 [info] > git cat-file -s 4709cc34b038a502d9ad7aa67b30a7fef46118d2 [8ms]
2024-07-02 13:02:47.561 [info] > git show --textconv :.gitmodules [40ms]
2024-07-02 13:03:39.184 [info] > git fetch [1057ms]
2024-07-02 13:03:39.212 [info] > git config --get commit.template [14ms]
2024-07-02 13:03:39.214 [info] > git for-each-ref --format=%(refname)%00%(upstream:short)%00%(objectname)%00%(upstream:track)%00%(upstream:remotename)%00%(upstream:remoteref) refs/heads/master refs/remotes/master [4ms]
2024-07-02 13:03:39.234 [info] > git status -z -uall [9ms]
2024-07-02 13:03:39.468 [info] > git fetch [892ms]
2024-07-02 13:03:39.490 [info] > git config --get commit.template [11ms]
2024-07-02 13:03:39.496 [info] > git for-each-ref --format=%(refname)%00%(upstream:short)%00%(objectname)%00%(upstream:track)%00%(upstream:remotename)%00%(upstream:remoteref) refs/heads/master refs/remotes/master [7ms]
2024-07-02 13:03:39.554 [info] > git status -z -uall [46ms]
2024-07-02 13:03:40.336 [info] > git config --get commit.template [14ms]
2024-07-02 13:03:40.339 [info] > git for-each-ref --format=%(refname)%00%(upstream:short)%00%(objectname)%00%(upstream:track)%00%(upstream:remotename)%00%(upstream:remoteref) refs/heads/master refs/remotes/master [6ms]
2024-07-02 13:03:40.357 [info] > git status -z -uall [5ms]
2024-07-02 13:03:40.659 [info] > git config --get commit.template [12ms]
2024-07-02 13:03:40.662 [info] > git for-each-ref --format=%(refname)%00%(upstream:short)%00%(objectname)%00%(upstream:track)%00%(upstream:remotename)%00%(upstream:remoteref) refs/heads/master refs/remotes/master [4ms]
2024-07-02 13:03:40.681 [info] > git status -z -uall [8ms]
2024-07-02 13:04:16.188 [info] > git fetch [794ms]
2024-07-02 13:04:16.210 [info] > git config --get commit.template [10ms]
2024-07-02 13:04:16.215 [info] > git for-each-ref --format=%(refname)%00%(upstream:short)%00%(objectname)%00%(upstream:track)%00%(upstream:remotename)%00%(upstream:remoteref) refs/heads/main refs/remotes/main [6ms]
2024-07-02 13:04:16.225 [warning] ENOENT: no such file or directory, open '/home/sebastian/.dotfiles/.config/nvim/.git/refs/remotes/origin/main'
2024-07-02 13:04:16.227 [info] > git rev-parse refs/remotes/origin/main [2ms]
2024-07-02 13:04:16.242 [info] > git status -z -uall [7ms]
2024-07-02 13:04:17.296 [info] > git config --get commit.template [11ms]
2024-07-02 13:04:17.298 [info] > git for-each-ref --format=%(refname)%00%(upstream:short)%00%(objectname)%00%(upstream:track)%00%(upstream:remotename)%00%(upstream:remoteref) refs/heads/main refs/remotes/main [4ms]
2024-07-02 13:04:17.306 [warning] ENOENT: no such file or directory, open '/home/sebastian/.dotfiles/.config/nvim/.git/refs/remotes/origin/main'
2024-07-02 13:04:17.309 [info] > git rev-parse refs/remotes/origin/main [3ms]
2024-07-02 13:04:17.324 [info] > git status -z -uall [7ms]
2024-07-02 13:06:40.157 [info] > git fetch [896ms]
2024-07-02 13:06:40.179 [info] > git config --get commit.template [11ms]
2024-07-02 13:06:40.182 [info] > git for-each-ref --format=%(refname)%00%(upstream:short)%00%(objectname)%00%(upstream:track)%00%(upstream:remotename)%00%(upstream:remoteref) refs/heads/master refs/remotes/master [4ms]
2024-07-02 13:06:40.199 [info] > git status -z -uall [5ms]
2024-07-02 13:06:40.415 [info] > git fetch [846ms]
2024-07-02 13:06:40.438 [info] > git config --get commit.template [10ms]
2024-07-02 13:06:40.442 [info] > git for-each-ref --format=%(refname)%00%(upstream:short)%00%(objectname)%00%(upstream:track)%00%(upstream:remotename)%00%(upstream:remoteref) refs/heads/master refs/remotes/master [5ms]
2024-07-02 13:06:40.460 [info] > git status -z -uall [8ms]
2024-07-02 13:06:41.260 [info] > git config --get commit.template [11ms]
2024-07-02 13:06:41.265 [info] > git for-each-ref --format=%(refname)%00%(upstream:short)%00%(objectname)%00%(upstream:track)%00%(upstream:remotename)%00%(upstream:remoteref) refs/heads/master refs/remotes/master [6ms]
2024-07-02 13:06:41.279 [info] > git status -z -uall [4ms]
2024-07-02 13:06:41.629 [info] > git config --get commit.template [12ms]
2024-07-02 13:06:41.632 [info] > git for-each-ref --format=%(refname)%00%(upstream:short)%00%(objectname)%00%(upstream:track)%00%(upstream:remotename)%00%(upstream:remoteref) refs/heads/master refs/remotes/master [5ms]
2024-07-02 13:06:41.653 [info] > git status -z -uall [10ms]
2024-07-02 13:07:17.103 [info] > git fetch [827ms]
2024-07-02 13:07:17.127 [info] > git config --get commit.template [12ms]
2024-07-02 13:07:17.131 [info] > git for-each-ref --format=%(refname)%00%(upstream:short)%00%(objectname)%00%(upstream:track)%00%(upstream:remotename)%00%(upstream:remoteref) refs/heads/main refs/remotes/main [5ms]
2024-07-02 13:07:17.141 [warning] ENOENT: no such file or directory, open '/home/sebastian/.dotfiles/.config/nvim/.git/refs/remotes/origin/main'
2024-07-02 13:07:17.145 [info] > git rev-parse refs/remotes/origin/main [4ms]
2024-07-02 13:07:17.158 [info] > git status -z -uall [5ms]
2024-07-02 13:07:18.207 [info] > git config --get commit.template [14ms]
2024-07-02 13:07:18.210 [info] > git for-each-ref --format=%(refname)%00%(upstream:short)%00%(objectname)%00%(upstream:track)%00%(upstream:remotename)%00%(upstream:remoteref) refs/heads/main refs/remotes/main [4ms]
2024-07-02 13:07:18.220 [warning] ENOENT: no such file or directory, open '/home/sebastian/.dotfiles/.config/nvim/.git/refs/remotes/origin/main'
2024-07-02 13:07:18.223 [info] > git rev-parse refs/remotes/origin/main [3ms]
2024-07-02 13:07:18.238 [info] > git status -z -uall [5ms]
2024-07-02 13:09:41.108 [info] > git fetch [879ms]
2024-07-02 13:09:41.130 [info] > git config --get commit.template [10ms]
2024-07-02 13:09:41.133 [info] > git for-each-ref --format=%(refname)%00%(upstream:short)%00%(objectname)%00%(upstream:track)%00%(upstream:remotename)%00%(upstream:remoteref) refs/heads/master refs/remotes/master [5ms]
2024-07-02 13:09:41.150 [info] > git status -z -uall [5ms]
2024-07-02 13:09:41.375 [info] > git fetch [897ms]
2024-07-02 13:09:41.397 [info] > git config --get commit.template [11ms]
2024-07-02 13:09:41.401 [info] > git for-each-ref --format=%(refname)%00%(upstream:short)%00%(objectname)%00%(upstream:track)%00%(upstream:remotename)%00%(upstream:remoteref) refs/heads/master refs/remotes/master [6ms]
2024-07-02 13:09:41.419 [info] > git status -z -uall [8ms]
2024-07-02 13:09:42.188 [info] > git config --get commit.template [4ms]
2024-07-02 13:09:42.200 [info] > git for-each-ref --format=%(refname)%00%(upstream:short)%00%(objectname)%00%(upstream:track)%00%(upstream:remotename)%00%(upstream:remoteref) refs/heads/master refs/remotes/master [4ms]
2024-07-02 13:09:42.215 [info] > git status -z -uall [4ms]
2024-07-02 13:09:42.588 [info] > git config --get commit.template [12ms]
2024-07-02 13:09:42.590 [info] > git for-each-ref --format=%(refname)%00%(upstream:short)%00%(objectname)%00%(upstream:track)%00%(upstream:remotename)%00%(upstream:remoteref) refs/heads/master refs/remotes/master [4ms]
2024-07-02 13:09:42.610 [info] > git status -z -uall [9ms]
2024-07-02 13:10:18.042 [info] > git fetch [848ms]
2024-07-02 13:10:18.067 [info] > git config --get commit.template [13ms]
2024-07-02 13:10:18.072 [info] > git for-each-ref --format=%(refname)%00%(upstream:short)%00%(objectname)%00%(upstream:track)%00%(upstream:remotename)%00%(upstream:remoteref) refs/heads/main refs/remotes/main [9ms]
2024-07-02 13:10:18.081 [warning] ENOENT: no such file or directory, open '/home/sebastian/.dotfiles/.config/nvim/.git/refs/remotes/origin/main'
2024-07-02 13:10:18.083 [info] > git rev-parse refs/remotes/origin/main [2ms]
2024-07-02 13:10:18.097 [info] > git status -z -uall [4ms]
2024-07-02 13:10:19.147 [info] > git config --get commit.template [11ms]
2024-07-02 13:10:19.153 [info] > git for-each-ref --format=%(refname)%00%(upstream:short)%00%(objectname)%00%(upstream:track)%00%(upstream:remotename)%00%(upstream:remoteref) refs/heads/main refs/remotes/main [7ms]
2024-07-02 13:10:19.162 [warning] ENOENT: no such file or directory, open '/home/sebastian/.dotfiles/.config/nvim/.git/refs/remotes/origin/main'
2024-07-02 13:10:19.165 [info] > git rev-parse refs/remotes/origin/main [3ms]
2024-07-02 13:10:19.179 [info] > git status -z -uall [4ms]
2024-07-02 13:12:41.980 [info] > git fetch [799ms]
2024-07-02 13:12:42.001 [info] > git config --get commit.template [10ms]
2024-07-02 13:12:42.005 [info] > git for-each-ref --format=%(refname)%00%(upstream:short)%00%(objectname)%00%(upstream:track)%00%(upstream:remotename)%00%(upstream:remoteref) refs/heads/master refs/remotes/master [5ms]
2024-07-02 13:12:42.020 [info] > git status -z -uall [4ms]
2024-07-02 13:12:42.278 [info] > git fetch [843ms]
2024-07-02 13:12:42.300 [info] > git config --get commit.template [12ms]
2024-07-02 13:12:42.305 [info] > git for-each-ref --format=%(refname)%00%(upstream:short)%00%(objectname)%00%(upstream:track)%00%(upstream:remotename)%00%(upstream:remoteref) refs/heads/master refs/remotes/master [7ms]
2024-07-02 13:12:42.324 [info] > git status -z -uall [7ms]
2024-07-02 13:12:43.109 [info] > git config --get commit.template [5ms]
2024-07-02 13:12:43.123 [info] > git for-each-ref --format=%(refname)%00%(upstream:short)%00%(objectname)%00%(upstream:track)%00%(upstream:remotename)%00%(upstream:remoteref) refs/heads/master refs/remotes/master [4ms]
2024-07-02 13:12:43.140 [info] > git status -z -uall [4ms]
2024-07-02 13:12:43.489 [info] > git config --get commit.template [13ms]
2024-07-02 13:12:43.492 [info] > git for-each-ref --format=%(refname)%00%(upstream:short)%00%(objectname)%00%(upstream:track)%00%(upstream:remotename)%00%(upstream:remoteref) refs/heads/master refs/remotes/master [8ms]
2024-07-02 13:12:43.512 [info] > git status -z -uall [9ms]
2024-07-02 13:13:18.945 [info] > git fetch [817ms]
2024-07-02 13:13:18.970 [info] > git config --get commit.template [14ms]
2024-07-02 13:13:18.972 [info] > git for-each-ref --format=%(refname)%00%(upstream:short)%00%(objectname)%00%(upstream:track)%00%(upstream:remotename)%00%(upstream:remoteref) refs/heads/main refs/remotes/main [5ms]
2024-07-02 13:13:18.983 [warning] ENOENT: no such file or directory, open '/home/sebastian/.dotfiles/.config/nvim/.git/refs/remotes/origin/main'
2024-07-02 13:13:18.986 [info] > git rev-parse refs/remotes/origin/main [3ms]
2024-07-02 13:13:19.001 [info] > git status -z -uall [4ms]
2024-07-02 13:13:20.056 [info] > git config --get commit.template [17ms]
2024-07-02 13:13:20.066 [info] > git for-each-ref --format=%(refname)%00%(upstream:short)%00%(objectname)%00%(upstream:track)%00%(upstream:remotename)%00%(upstream:remoteref) refs/heads/main refs/remotes/main [10ms]
2024-07-02 13:13:20.081 [warning] ENOENT: no such file or directory, open '/home/sebastian/.dotfiles/.config/nvim/.git/refs/remotes/origin/main'
2024-07-02 13:13:20.085 [info] > git rev-parse refs/remotes/origin/main [5ms]
2024-07-02 13:13:20.104 [info] > git status -z -uall [5ms]
2024-07-02 13:15:38.230 [info] > git ls-files --stage -- /home/sebastian/.dotfiles/.gitmodules [32ms]
2024-07-02 13:15:38.243 [info] > git cat-file -s 4709cc34b038a502d9ad7aa67b30a7fef46118d2 [4ms]
2024-07-02 13:15:38.281 [info] > git show --textconv :.gitmodules [24ms]
2024-07-02 13:15:42.987 [info] > git fetch [938ms]
2024-07-02 13:15:43.065 [info] > git config --get commit.template [25ms]
2024-07-02 13:15:43.066 [info] > git for-each-ref --format=%(refname)%00%(upstream:short)%00%(objectname)%00%(upstream:track)%00%(upstream:remotename)%00%(upstream:remoteref) refs/heads/master refs/remotes/master [8ms]
2024-07-02 13:15:43.090 [info] > git status -z -uall [13ms]
2024-07-02 13:15:43.378 [info] > git fetch [1029ms]
2024-07-02 13:15:43.414 [info] > git config --get commit.template [12ms]
2024-07-02 13:15:43.469 [info] > git for-each-ref --format=%(refname)%00%(upstream:short)%00%(objectname)%00%(upstream:track)%00%(upstream:remotename)%00%(upstream:remoteref) refs/heads/master refs/remotes/master [33ms]
2024-07-02 13:15:43.578 [info] > git status -z -uall [44ms]
2024-07-02 13:16:11.149 [info] > git ls-files --stage -- /home/sebastian/.dotfiles/.gitmodules [33ms]
2024-07-02 13:16:11.160 [info] > git cat-file -s 4709cc34b038a502d9ad7aa67b30a7fef46118d2 [3ms]
2024-07-02 13:16:11.197 [info] > git show --textconv :.gitmodules [23ms]
2024-07-02 13:16:19.847 [info] > git fetch [818ms]
2024-07-02 13:16:19.869 [info] > git config --get commit.template [11ms]
2024-07-02 13:16:19.872 [info] > git for-each-ref --format=%(refname)%00%(upstream:short)%00%(objectname)%00%(upstream:track)%00%(upstream:remotename)%00%(upstream:remoteref) refs/heads/main refs/remotes/main [4ms]
2024-07-02 13:16:19.880 [warning] ENOENT: no such file or directory, open '/home/sebastian/.dotfiles/.config/nvim/.git/refs/remotes/origin/main'
2024-07-02 13:16:19.885 [info] > git rev-parse refs/remotes/origin/main [5ms]
2024-07-02 13:16:19.899 [info] > git status -z -uall [3ms]
2024-07-02 13:16:20.964 [info] > git config --get commit.template [27ms]
2024-07-02 13:16:20.965 [info] > git for-each-ref --format=%(refname)%00%(upstream:short)%00%(objectname)%00%(upstream:track)%00%(upstream:remotename)%00%(upstream:remoteref) refs/heads/main refs/remotes/main [10ms]
2024-07-02 13:16:20.978 [warning] ENOENT: no such file or directory, open '/home/sebastian/.dotfiles/.config/nvim/.git/refs/remotes/origin/main'
2024-07-02 13:16:20.981 [info] > git rev-parse refs/remotes/origin/main [3ms]
2024-07-02 13:16:20.996 [info] > git status -z -uall [1ms]
2024-07-02 13:17:04.596 [info] > git ls-files --stage -- /home/sebastian/.dotfiles/.gitmodules [45ms]
2024-07-02 13:17:04.610 [info] > git cat-file -s 4709cc34b038a502d9ad7aa67b30a7fef46118d2 [4ms]
2024-07-02 13:17:04.657 [info] > git show --textconv :.gitmodules [29ms]
2024-07-02 13:18:43.995 [info] > git fetch [883ms]
2024-07-02 13:18:44.022 [info] > git config --get commit.template [14ms]
2024-07-02 13:18:44.023 [info] > git for-each-ref --format=%(refname)%00%(upstream:short)%00%(objectname)%00%(upstream:track)%00%(upstream:remotename)%00%(upstream:remoteref) refs/heads/master refs/remotes/master [5ms]
2024-07-02 13:18:44.039 [info] > git status -z -uall [4ms]
2024-07-02 13:18:44.501 [info] > git fetch [900ms]
2024-07-02 13:18:44.521 [info] > git config --get commit.template [10ms]
2024-07-02 13:18:44.525 [info] > git for-each-ref --format=%(refname)%00%(upstream:short)%00%(objectname)%00%(upstream:track)%00%(upstream:remotename)%00%(upstream:remoteref) refs/heads/master refs/remotes/master [5ms]
2024-07-02 13:18:44.545 [info] > git status -z -uall [9ms]
2024-07-02 13:18:45.211 [info] > git config --get commit.template [30ms]
2024-07-02 13:18:45.223 [info] > git for-each-ref --format=%(refname)%00%(upstream:short)%00%(objectname)%00%(upstream:track)%00%(upstream:remotename)%00%(upstream:remoteref) refs/heads/master refs/remotes/master [13ms]
2024-07-02 13:18:45.257 [info] > git status -z -uall [10ms]
2024-07-02 13:18:45.718 [info] > git config --get commit.template [23ms]
2024-07-02 13:18:45.721 [info] > git for-each-ref --format=%(refname)%00%(upstream:short)%00%(objectname)%00%(upstream:track)%00%(upstream:remotename)%00%(upstream:remoteref) refs/heads/master refs/remotes/master [8ms]
2024-07-02 13:18:45.743 [info] > git status -z -uall [10ms]
2024-07-02 13:19:58.341 [info] > git fetch [990ms]
2024-07-02 13:19:58.363 [info] > git config --get commit.template [12ms]
2024-07-02 13:19:58.368 [info] > git for-each-ref --format=%(refname)%00%(upstream:short)%00%(objectname)%00%(upstream:track)%00%(upstream:remotename)%00%(upstream:remoteref) refs/heads/main refs/remotes/main [7ms]
2024-07-02 13:19:58.376 [warning] ENOENT: no such file or directory, open '/home/sebastian/.dotfiles/.config/nvim/.git/refs/remotes/origin/main'
2024-07-02 13:19:58.379 [info] > git rev-parse refs/remotes/origin/main [3ms]
2024-07-02 13:19:58.394 [info] > git status -z -uall [6ms]
2024-07-02 13:19:59.450 [info] > git for-each-ref --format=%(refname)%00%(upstream:short)%00%(objectname)%00%(upstream:track)%00%(upstream:remotename)%00%(upstream:remoteref) refs/heads/main refs/remotes/main [7ms]
2024-07-02 13:19:59.462 [warning] ENOENT: no such file or directory, open '/home/sebastian/.dotfiles/.config/nvim/.git/refs/remotes/origin/main'
2024-07-02 13:19:59.465 [info] > git config --get commit.template [34ms]
2024-07-02 13:19:59.471 [info] > git rev-parse refs/remotes/origin/main [9ms]
2024-07-02 13:19:59.488 [info] > git status -z -uall [4ms]
2024-07-02 13:20:21.709 [info] > git ls-files --stage -- /home/sebastian/.dotfiles/.gitmodules [54ms]
2024-07-02 13:20:21.727 [info] > git cat-file -s 4709cc34b038a502d9ad7aa67b30a7fef46118d2 [6ms]
2024-07-02 13:20:21.779 [info] > git show --textconv :.gitmodules [32ms]
2024-07-02 13:21:45.085 [info] > git fetch [1006ms]
2024-07-02 13:21:45.106 [info] > git config --get commit.template [11ms]
2024-07-02 13:21:45.110 [info] > git for-each-ref --format=%(refname)%00%(upstream:short)%00%(objectname)%00%(upstream:track)%00%(upstream:remotename)%00%(upstream:remoteref) refs/heads/master refs/remotes/master [6ms]
2024-07-02 13:21:45.137 [info] > git status -z -uall [14ms]
2024-07-02 13:21:45.480 [info] > git fetch [912ms]
2024-07-02 13:21:45.504 [info] > git config --get commit.template [12ms]
2024-07-02 13:21:45.509 [info] > git for-each-ref --format=%(refname)%00%(upstream:short)%00%(objectname)%00%(upstream:track)%00%(upstream:remotename)%00%(upstream:remoteref) refs/heads/master refs/remotes/master [6ms]
2024-07-02 13:21:45.559 [info] > git status -z -uall [37ms]
2024-07-02 13:21:46.258 [info] > git config --get commit.template [16ms]
2024-07-02 13:21:46.265 [info] > git for-each-ref --format=%(refname)%00%(upstream:short)%00%(objectname)%00%(upstream:track)%00%(upstream:remotename)%00%(upstream:remoteref) refs/heads/master refs/remotes/master [9ms]
2024-07-02 13:21:46.292 [info] > git status -z -uall [8ms]
2024-07-02 13:21:46.671 [info] > git config --get commit.template [18ms]
2024-07-02 13:21:46.679 [info] > git for-each-ref --format=%(refname)%00%(upstream:short)%00%(objectname)%00%(upstream:track)%00%(upstream:remotename)%00%(upstream:remoteref) refs/heads/master refs/remotes/master [11ms]
2024-07-02 13:21:46.716 [info] > git status -z -uall [12ms]
2024-07-02 13:22:59.433 [info] > git fetch [984ms]
2024-07-02 13:22:59.464 [info] > git config --get commit.template [14ms]
2024-07-02 13:22:59.467 [info] > git for-each-ref --format=%(refname)%00%(upstream:short)%00%(objectname)%00%(upstream:track)%00%(upstream:remotename)%00%(upstream:remoteref) refs/heads/main refs/remotes/main [4ms]
2024-07-02 13:22:59.481 [warning] ENOENT: no such file or directory, open '/home/sebastian/.dotfiles/.config/nvim/.git/refs/remotes/origin/main'
2024-07-02 13:22:59.487 [info] > git rev-parse refs/remotes/origin/main [7ms]
2024-07-02 13:22:59.512 [info] > git status -z -uall [16ms]
2024-07-02 13:23:41.023 [info] > git check-ignore -v -z --stdin [86ms]
2024-07-02 13:24:44.003 [info] > git ls-files --stage -- /home/sebastian/.dotfiles/.gitmodules [7ms]
2024-07-02 13:24:44.021 [info] > git cat-file -s 4709cc34b038a502d9ad7aa67b30a7fef46118d2 [4ms]
2024-07-02 13:24:44.051 [info] > git show --textconv :.gitmodules [6ms]
2024-07-02 13:24:46.111 [info] > git fetch [934ms]
2024-07-02 13:24:46.133 [info] > git config --get commit.template [11ms]
2024-07-02 13:24:46.139 [info] > git for-each-ref --format=%(refname)%00%(upstream:short)%00%(objectname)%00%(upstream:track)%00%(upstream:remotename)%00%(upstream:remoteref) refs/heads/master refs/remotes/master [8ms]
2024-07-02 13:24:46.154 [info] > git status -z -uall [1ms]
2024-07-02 13:24:46.428 [info] > git fetch [855ms]
2024-07-02 13:24:46.450 [info] > git config --get commit.template [11ms]
2024-07-02 13:24:46.455 [info] > git for-each-ref --format=%(refname)%00%(upstream:short)%00%(objectname)%00%(upstream:track)%00%(upstream:remotename)%00%(upstream:remoteref) refs/heads/master refs/remotes/master [6ms]
2024-07-02 13:24:46.473 [info] > git status -z -uall [9ms]
2024-07-02 13:24:47.245 [info] > git config --get commit.template [12ms]
2024-07-02 13:24:47.248 [info] > git for-each-ref --format=%(refname)%00%(upstream:short)%00%(objectname)%00%(upstream:track)%00%(upstream:remotename)%00%(upstream:remoteref) refs/heads/master refs/remotes/master [4ms]
2024-07-02 13:24:47.267 [info] > git status -z -uall [5ms]
2024-07-02 13:24:47.637 [info] > git config --get commit.template [11ms]
2024-07-02 13:24:47.640 [info] > git for-each-ref --format=%(refname)%00%(upstream:short)%00%(objectname)%00%(upstream:track)%00%(upstream:remotename)%00%(upstream:remoteref) refs/heads/master refs/remotes/master [5ms]
2024-07-02 13:24:47.660 [info] > git status -z -uall [9ms]
2024-07-02 13:26:00.426 [info] > git fetch [886ms]
2024-07-02 13:26:00.451 [info] > git config --get commit.template [10ms]
2024-07-02 13:26:00.454 [info] > git for-each-ref --format=%(refname)%00%(upstream:short)%00%(objectname)%00%(upstream:track)%00%(upstream:remotename)%00%(upstream:remoteref) refs/heads/main refs/remotes/main [5ms]
2024-07-02 13:26:00.465 [warning] ENOENT: no such file or directory, open '/home/sebastian/.dotfiles/.config/nvim/.git/refs/remotes/origin/main'
2024-07-02 13:26:00.472 [info] > git rev-parse refs/remotes/origin/main [8ms]
2024-07-02 13:26:00.486 [info] > git status -z -uall [6ms]
2024-07-02 13:26:00.775 [info] > git config --get commit.template [11ms]
2024-07-02 13:26:00.777 [info] > git for-each-ref --format=%(refname)%00%(upstream:short)%00%(objectname)%00%(upstream:track)%00%(upstream:remotename)%00%(upstream:remoteref) refs/heads/main refs/remotes/main [4ms]
2024-07-02 13:26:00.866 [info] > git status -z -uall [80ms]
2024-07-02 13:26:01.001 [info] > git for-each-ref --format=%(refname)%00%(upstream:short)%00%(objectname)%00%(upstream:track)%00%(upstream:remotename)%00%(upstream:remoteref) refs/heads/main [21ms]
2024-07-02 13:26:01.028 [info] > git for-each-ref --format=%(refname)%00%(upstream:short)%00%(objectname)%00%(upstream:track)%00%(upstream:remotename)%00%(upstream:remoteref) refs/heads/main [13ms]
2024-07-02 13:26:01.045 [info] > git config --local branch.main.vscode-merge-base [4ms]
2024-07-02 13:26:01.047 [warning] git config failed: Failed to execute git
2024-07-02 13:26:01.099 [info] > git reflog refs/heads/main --grep-reflog=branch: Created from *. [22ms]
2024-07-02 13:26:01.135 [info] > git symbolic-ref --short refs/remotes/origin/HEAD [23ms]
2024-07-02 13:26:01.135 [info] fatal: ref refs/remotes/origin/HEAD is not a symbolic ref
2024-07-02 13:26:01.135 [info] GitHistoryProvider:resolveHistoryItemGroupBase - Failed to resolve history item group base for 'refs/heads/main'
2024-07-02 13:26:01.135 [info] GitHistoryProvider:resolveHistoryItemGroupCommonAncestor - Failed to resolve history item group base for 'refs/heads/main'
2024-07-02 13:26:01.245 [info] > git for-each-ref --format=%(refname)%00%(upstream:short)%00%(objectname)%00%(upstream:track)%00%(upstream:remotename)%00%(upstream:remoteref) refs/heads/main [18ms]
2024-07-02 13:26:01.279 [info] > git for-each-ref --format=%(refname)%00%(upstream:short)%00%(objectname)%00%(upstream:track)%00%(upstream:remotename)%00%(upstream:remoteref) refs/heads/main [12ms]
2024-07-02 13:26:01.304 [info] > git config --local branch.main.vscode-merge-base [12ms]
2024-07-02 13:26:01.304 [warning] git config failed: Failed to execute git
2024-07-02 13:26:01.329 [info] > git reflog refs/heads/main --grep-reflog=branch: Created from *. [9ms]
2024-07-02 13:26:01.340 [info] > git symbolic-ref --short refs/remotes/origin/HEAD [3ms]
2024-07-02 13:26:01.341 [info] fatal: ref refs/remotes/origin/HEAD is not a symbolic ref
2024-07-02 13:26:01.341 [info] GitHistoryProvider:resolveHistoryItemGroupBase - Failed to resolve history item group base for 'refs/heads/main'
2024-07-02 13:26:01.341 [info] GitHistoryProvider:resolveHistoryItemGroupCommonAncestor - Failed to resolve history item group base for 'refs/heads/main'
2024-07-02 13:26:01.404 [info] > git for-each-ref --format=%(refname)%00%(upstream:short)%00%(objectname)%00%(upstream:track)%00%(upstream:remotename)%00%(upstream:remoteref) refs/heads/main [6ms]
2024-07-02 13:26:01.428 [info] > git for-each-ref --format=%(refname)%00%(upstream:short)%00%(objectname)%00%(upstream:track)%00%(upstream:remotename)%00%(upstream:remoteref) refs/heads/main [3ms]
2024-07-02 13:26:01.450 [info] > git config --local branch.main.vscode-merge-base [6ms]
2024-07-02 13:26:01.450 [warning] git config failed: Failed to execute git
2024-07-02 13:26:01.465 [info] > git reflog refs/heads/main --grep-reflog=branch: Created from *. [5ms]
2024-07-02 13:26:01.482 [info] > git symbolic-ref --short refs/remotes/origin/HEAD [6ms]
2024-07-02 13:26:01.484 [info] fatal: ref refs/remotes/origin/HEAD is not a symbolic ref
2024-07-02 13:26:01.486 [info] GitHistoryProvider:resolveHistoryItemGroupBase - Failed to resolve history item group base for 'refs/heads/main'
2024-07-02 13:26:01.487 [info] GitHistoryProvider:resolveHistoryItemGroupCommonAncestor - Failed to resolve history item group base for 'refs/heads/main'
2024-07-02 13:26:01.533 [info] > git config --get commit.template [16ms]
2024-07-02 13:26:01.550 [info] > git for-each-ref --format=%(refname)%00%(upstream:short)%00%(objectname)%00%(upstream:track)%00%(upstream:remotename)%00%(upstream:remoteref) refs/heads/main refs/remotes/main [19ms]
2024-07-02 13:26:01.568 [warning] ENOENT: no such file or directory, open '/home/sebastian/.dotfiles/.config/nvim/.git/refs/remotes/origin/main'
2024-07-02 13:26:01.574 [info] > git rev-parse refs/remotes/origin/main [6ms]
2024-07-02 13:26:01.599 [info] > git status -z -uall [7ms]
2024-07-02 13:26:02.190 [info] > git check-ignore -v -z --stdin [14ms]
2024-07-02 13:26:46.526 [info] > git ls-files --stage -- /home/sebastian/.dotfiles/.gitmodules [8ms]
2024-07-02 13:26:46.540 [info] > git cat-file -s 4709cc34b038a502d9ad7aa67b30a7fef46118d2 [5ms]
2024-07-02 13:26:46.563 [info] > git show --textconv :.gitmodules [10ms]
2024-07-02 13:27:18.304 [info] > git ls-files --stage -- /home/sebastian/.dotfiles/.gitmodules [8ms]
2024-07-02 13:27:18.317 [info] > git cat-file -s 4709cc34b038a502d9ad7aa67b30a7fef46118d2 [4ms]
2024-07-02 13:27:18.340 [info] > git show --textconv :.gitmodules [6ms]
2024-07-02 13:28:02.299 [info] > git fetch [1002ms]
2024-07-02 13:28:02.310 [info] > git fetch [998ms]
2024-07-02 13:28:02.321 [info] > git config --get commit.template [12ms]
2024-07-02 13:28:02.331 [info] > git config --get commit.template [10ms]
2024-07-02 13:28:02.342 [info] > git for-each-ref --format=%(refname)%00%(upstream:short)%00%(objectname)%00%(upstream:track)%00%(upstream:remotename)%00%(upstream:remoteref) refs/heads/master refs/remotes/master [13ms]
2024-07-02 13:28:02.344 [info] > git for-each-ref --format=%(refname)%00%(upstream:short)%00%(objectname)%00%(upstream:track)%00%(upstream:remotename)%00%(upstream:remoteref) refs/heads/master refs/remotes/master [4ms]
2024-07-02 13:28:02.366 [info] > git status -z -uall [12ms]
2024-07-02 13:28:02.375 [info] > git status -z -uall [12ms]
2024-07-02 13:28:03.547 [info] > git config --get commit.template [19ms]
2024-07-02 13:28:03.552 [info] > git for-each-ref --format=%(refname)%00%(upstream:short)%00%(objectname)%00%(upstream:track)%00%(upstream:remotename)%00%(upstream:remoteref) refs/heads/master refs/remotes/master [6ms]
2024-07-02 13:28:03.577 [info] > git status -z -uall [12ms]
2024-07-02 13:29:01.642 [info] > git fetch [1102ms]
2024-07-02 13:29:01.666 [info] > git config --get commit.template [12ms]
2024-07-02 13:29:01.669 [info] > git for-each-ref --format=%(refname)%00%(upstream:short)%00%(objectname)%00%(upstream:track)%00%(upstream:remotename)%00%(upstream:remoteref) refs/heads/main refs/remotes/main [6ms]
2024-07-02 13:29:01.678 [warning] ENOENT: no such file or directory, open '/home/sebastian/.dotfiles/.config/nvim/.git/refs/remotes/origin/main'
2024-07-02 13:29:01.681 [info] > git rev-parse refs/remotes/origin/main [3ms]
2024-07-02 13:29:01.695 [info] > git status -z -uall [4ms]
2024-07-02 13:29:02.749 [info] > git config --get commit.template [16ms]
2024-07-02 13:29:02.751 [info] > git for-each-ref --format=%(refname)%00%(upstream:short)%00%(objectname)%00%(upstream:track)%00%(upstream:remotename)%00%(upstream:remoteref) refs/heads/main refs/remotes/main [3ms]
2024-07-02 13:29:02.761 [warning] ENOENT: no such file or directory, open '/home/sebastian/.dotfiles/.config/nvim/.git/refs/remotes/origin/main'
2024-07-02 13:29:02.766 [info] > git rev-parse refs/remotes/origin/main [5ms]
2024-07-02 13:29:02.781 [info] > git status -z -uall [6ms]
