2024-07-02 12:48:35.249 [info] Reading sessions from keychain...
2024-07-02 12:48:35.258 [info] Getting sessions for all scopes...
2024-07-02 12:48:35.260 [info] Getting sessions for all scopes...
2024-07-02 12:48:35.672 [info] Getting sessions for read:user,repo,user:email,workflow...
2024-07-02 12:48:36.145 [info] Got stored sessions!
2024-07-02 12:48:36.145 [info] Got 1 verified sessions.
2024-07-02 12:48:36.146 [info] Got 1 sessions for ...
2024-07-02 12:48:36.146 [info] Got 1 sessions for ...
2024-07-02 12:48:36.146 [info] Got 0 sessions for read:user,repo,user:email,workflow...
2024-07-02 12:48:37.501 [info] Getting sessions for all scopes...
2024-07-02 12:48:37.501 [info] Got 1 sessions for ...
2024-07-02 12:48:41.297 [info] Getting sessions for user:email...
2024-07-02 12:48:41.297 [info] Got 1 sessions for user:email...
2024-07-02 12:55:12.293 [info] Getting sessions for read:user,repo,user:email,workflow...
2024-07-02 12:55:12.298 [info] Got 0 sessions for read:user,repo,user:email,workflow...
2024-07-02 13:20:21.704 [info] Getting sessions for read:user,repo,user:email,workflow...
2024-07-02 13:20:21.706 [info] Got 0 sessions for read:user,repo,user:email,workflow...
2024-07-02 13:20:35.404 [info] Logging in for the following scopes: read:user repo user:email workflow
2024-07-02 13:20:35.443 [info] Trying without local server... (read:user repo user:email workflow)
2024-07-02 13:20:42.774 [info] Exchanging code for token...
2024-07-02 13:20:43.346 [info] Token exchange success!
2024-07-02 13:20:43.416 [info] Getting user info...
2024-07-02 13:20:43.983 [info] Got account info!
2024-07-02 13:20:43.988 [info] Storing 2 sessions...
2024-07-02 13:20:44.002 [info] Reading sessions from keychain...
2024-07-02 13:20:44.002 [info] Stored 2 sessions!
2024-07-02 13:20:44.003 [info] Login success!
2024-07-02 13:20:44.028 [info] Getting sessions for user:email...
2024-07-02 13:20:44.040 [info] Getting sessions for user:email...
2024-07-02 13:20:44.274 [info] Got stored sessions!
2024-07-02 13:20:44.274 [info] Got 2 verified sessions.
2024-07-02 13:20:44.277 [info] Got 1 sessions for user:email...
2024-07-02 13:20:44.277 [info] Got 1 sessions for user:email...
2024-07-02 13:26:46.241 [info] Getting sessions for read:user,repo,user:email,workflow...
2024-07-02 13:26:46.246 [info] Got 1 sessions for read:user,repo,user:email,workflow...
